[20:07:33] [main/INFO] [FML/]: Forge Mod Loader version 7.2.211.1121 for Minecraft 1.7.2 loading
[20:07:33] [main/INFO] [FML/]: Java is Java HotSpot(TM) 64-Bit Server VM, version 1.7.0_60, running on Mac OS X:x86_64:10.9.4, installed at /Library/Java/JavaVirtualMachines/jdk1.7.0_60.jdk/Contents/Home/jre
[20:07:33] [main/DEBUG] [FML/]: Java classpath at launch is /Library/Java/JavaVirtualMachines/jdk1.7.0_60.jdk/Contents/Home/lib/ant-javafx.jar:/Library/Java/JavaVirtualMachines/jdk1.7.0_60.jdk/Contents/Home/lib/dt.jar:/Library/Java/JavaVirtualMachines/jdk1.7.0_60.jdk/Contents/Home/lib/javafx-doclet.jar:/Library/Java/JavaVirtualMachines/jdk1.7.0_60.jdk/Contents/Home/lib/javafx-mx.jar:/Library/Java/JavaVirtualMachines/jdk1.7.0_60.jdk/Contents/Home/lib/jconsole.jar:/Library/Java/JavaVirtualMachines/jdk1.7.0_60.jdk/Contents/Home/lib/sa-jdi.jar:/Library/Java/JavaVirtualMachines/jdk1.7.0_60.jdk/Contents/Home/lib/tools.jar:/Library/Java/JavaVirtualMachines/jdk1.7.0_60.jdk/Contents/Home/jre/lib/charsets.jar:/Library/Java/JavaVirtualMachines/jdk1.7.0_60.jdk/Contents/Home/jre/lib/deploy.jar:/Library/Java/JavaVirtualMachines/jdk1.7.0_60.jdk/Contents/Home/jre/lib/htmlconverter.jar:/Library/Java/JavaVirtualMachines/jdk1.7.0_60.jdk/Contents/Home/jre/lib/javaws.jar:/Library/Java/JavaVirtualMachines/jdk1.7.0_60.jdk/Contents/Home/jre/lib/jce.jar:/Library/Java/JavaVirtualMachines/jdk1.7.0_60.jdk/Contents/Home/jre/lib/jfr.jar:/Library/Java/JavaVirtualMachines/jdk1.7.0_60.jdk/Contents/Home/jre/lib/jfxrt.jar:/Library/Java/JavaVirtualMachines/jdk1.7.0_60.jdk/Contents/Home/jre/lib/jsse.jar:/Library/Java/JavaVirtualMachines/jdk1.7.0_60.jdk/Contents/Home/jre/lib/management-agent.jar:/Library/Java/JavaVirtualMachines/jdk1.7.0_60.jdk/Contents/Home/jre/lib/plugin.jar:/Library/Java/JavaVirtualMachines/jdk1.7.0_60.jdk/Contents/Home/jre/lib/resources.jar:/Library/Java/JavaVirtualMachines/jdk1.7.0_60.jdk/Contents/Home/jre/lib/rt.jar:/Library/Java/JavaVirtualMachines/jdk1.7.0_60.jdk/Contents/Home/jre/lib/ext/dnsns.jar:/Library/Java/JavaVirtualMachines/jdk1.7.0_60.jdk/Contents/Home/jre/lib/ext/localedata.jar:/Library/Java/JavaVirtualMachines/jdk1.7.0_60.jdk/Contents/Home/jre/lib/ext/sunec.jar:/Library/Java/JavaVirtualMachines/jdk1.7.0_60.jdk/Contents/Home/jre/lib/ext/sunjce_provider.jar:/Library/Java/JavaVirtualMachines/jdk1.7.0_60.jdk/Contents/Home/jre/lib/ext/sunpkcs11.jar:/Library/Java/JavaVirtualMachines/jdk1.7.0_60.jdk/Contents/Home/jre/lib/ext/zipfs.jar:/Users/lingfamily/Projects/Minecraft/1.7/LearningModdingTestingMC/out/production/LearningModdingTestingMC:/Users/lingfamily/.gradle/caches/minecraft/net/minecraftforge/forge/1.7.2-10.12.2.1121/forgeSrc-1.7.2-10.12.2.1121.jar:/Users/lingfamily/.gradle/caches/modules-2/files-2.1/net.minecraft/launchwrapper/1.9/116f2aad5b0c68353ebed66cd463517db6522f7e/launchwrapper-1.9.jar:/Users/lingfamily/.gradle/caches/modules-2/files-2.1/org.ow2.asm/asm-debug-all/4.1/dd6ba5c392d4102458494e29f54f70ac534ec2a2/asm-debug-all-4.1.jar:/Users/lingfamily/.gradle/caches/modules-2/files-2.1/org.scala-lang/scala-library/2.10.2/6ba65d12cd09d441083262d6f73d2257fec7c663/scala-library-2.10.2.jar:/Users/lingfamily/.gradle/caches/modules-2/files-2.1/org.scala-lang/scala-compiler/2.10.2/64c8b1380cc53d6850823d6e4e7ae984aa44ef9c/scala-compiler-2.10.2.jar:/Users/lingfamily/.gradle/caches/modules-2/files-2.1/net.sf.jopt-simple/jopt-simple/4.5/6065cc95c661255349c1d0756657be17c29a4fd3/jopt-simple-4.5.jar:/Users/lingfamily/.gradle/caches/modules-2/files-2.1/java3d/vecmath/1.3.1/a0ae4f51da409fa0c20fa0ca59e6bbc9413ae71d/vecmath-1.3.1.jar:/Users/lingfamily/.gradle/caches/modules-2/files-2.1/net.sf.trove4j/trove4j/3.0.3/42ccaf4761f0dfdfa805c9e340d99a755907e2dd/trove4j-3.0.3.jar:/Users/lingfamily/.gradle/caches/modules-2/files-2.1/com.ibm.icu/icu4j-core-mojang/51.2/63d216a9311cca6be337c1e458e587f99d382b84/icu4j-core-mojang-51.2.jar:/Users/lingfamily/.gradle/caches/modules-2/files-2.1/lzma/lzma/0.0.1/521616dc7487b42bef0e803bd2fa3faf668101d7/lzma-0.0.1.jar:/Users/lingfamily/.gradle/caches/modules-2/files-2.1/com.paulscode/codecjorbis/20101023/c73b5636faf089d9f00e8732a829577de25237ee/codecjorbis-20101023.jar:/Users/lingfamily/.gradle/caches/modules-2/files-2.1/com.paulscode/codecwav/20101023/12f031cfe88fef5c1dd36c563c0a3a69bd7261da/codecwav-20101023.jar:/Users/lingfamily/.gradle/caches/modules-2/files-2.1/com.paulscode/libraryjavasound/20101123/5c5e304366f75f9eaa2e8cca546a1fb6109348b3/libraryjavasound-20101123.jar:/Users/lingfamily/.gradle/caches/modules-2/files-2.1/com.paulscode/librarylwjglopenal/20100824/73e80d0794c39665aec3f62eee88ca91676674ef/librarylwjglopenal-20100824.jar:/Users/lingfamily/.gradle/caches/modules-2/files-2.1/com.paulscode/soundsystem/20120107/419c05fe9be71f792b2d76cfc9b67f1ed0fec7f6/soundsystem-20120107.jar:/Users/lingfamily/.gradle/caches/modules-2/files-2.1/io.netty/netty-all/4.0.10.Final/9e50bd52ffe257a0e2cd8d971688d6ce7d174325/netty-all-4.0.10.Final.jar:/Users/lingfamily/.gradle/caches/modules-2/files-2.1/com.google.guava/guava/15.0/ed727a8d9f247e2050281cb083f1c77b09dcb5cd/guava-15.0.jar:/Users/lingfamily/.gradle/caches/modules-2/files-2.1/org.apache.commons/commons-lang3/3.1/905075e6c80f206bbe6cf1e809d2caa69f420c76/commons-lang3-3.1.jar:/Users/lingfamily/.gradle/caches/modules-2/files-2.1/commons-io/commons-io/2.4/b1b6ea3b7e4aa4f492509a4952029cd8e48019ad/commons-io-2.4.jar:/Users/lingfamily/.gradle/caches/modules-2/files-2.1/net.java.jinput/jinput/2.0.5/39c7796b469a600f72380316f6b1f11db6c2c7c4/jinput-2.0.5.jar:/Users/lingfamily/.gradle/caches/modules-2/files-2.1/net.java.jutils/jutils/1.0.0/e12fe1fda814bd348c1579329c86943d2cd3c6a6/jutils-1.0.0.jar:/Users/lingfamily/.gradle/caches/modules-2/files-2.1/com.google.code.gson/gson/2.2.4/a60a5e993c98c864010053cb901b7eab25306568/gson-2.2.4.jar:/Users/lingfamily/.gradle/caches/modules-2/files-2.1/com.mojang/authlib/1.3/4fb033c2d6eccced08752d8f33e8c3a0a45deb2d/authlib-1.3.jar:/Users/lingfamily/.gradle/caches/modules-2/files-2.1/org.apache.logging.log4j/log4j-api/2.0-beta9/1dd66e68cccd907880229f9e2de1314bd13ff785/log4j-api-2.0-beta9.jar:/Users/lingfamily/.gradle/caches/modules-2/files-2.1/org.apache.logging.log4j/log4j-core/2.0-beta9/678861ba1b2e1fccb594bb0ca03114bb05da9695/log4j-core-2.0-beta9.jar:/Users/lingfamily/.gradle/caches/modules-2/files-2.1/org.lwjgl.lwjgl/lwjgl/2.9.1-nightly-20131017/148d2981251ad796e50922dabfb9354ec26741dd/lwjgl-2.9.1-nightly-20131017.jar:/Users/lingfamily/.gradle/caches/modules-2/files-2.1/org.lwjgl.lwjgl/lwjgl_util/2.9.1-nightly-20131017/b4570ef98d017fa8f515a202e727dd12f6ef52f3/lwjgl_util-2.9.1-nightly-20131017.jar:/Users/lingfamily/.gradle/caches/modules-2/files-2.1/org.lwjgl.lwjgl/lwjgl-platform/2.9.1-nightly-20131017/54241f3f8dac9617ca1ff335ffd3939f849c5017/lwjgl-platform-2.9.1-nightly-20131017-natives-osx.jar:/Users/lingfamily/.gradle/caches/modules-2/files-2.1/net.java.jinput/jinput-platform/2.0.5/7ff832a6eb9ab6a767f1ade2b548092d0fa64795/jinput-platform-2.0.5-natives-linux.jar:/Users/lingfamily/.gradle/caches/modules-2/files-2.1/net.java.jinput/jinput-platform/2.0.5/53f9c919f34d2ca9de8c51fc4e1e8282029a9232/jinput-platform-2.0.5-natives-osx.jar:/Users/lingfamily/.gradle/caches/modules-2/files-2.1/net.java.jinput/jinput-platform/2.0.5/385ee093e01f587f30ee1c8a2ee7d408fd732e16/jinput-platform-2.0.5-natives-windows.jar:/Users/lingfamily/.gradle/caches/modules-2/files-2.1/org.scala-lang/scala-reflect/2.10.2/444ff8e89a81697997ed8a98a4642ba283130249/scala-reflect-2.10.2.jar:/Users/lingfamily/.gradle/caches/minecraft/net/minecraftforge/forge/1.7.2-10.12.2.1121/start:/Applications/IntelliJ IDEA 14 CE.app/Contents/lib/idea_rt.jar
[20:07:33] [main/DEBUG] [FML/]: Java library path at launch is /Users/lingfamily/Library/Java/Extensions:/Library/Java/Extensions:/Network/Library/Java/Extensions:/System/Library/Java/Extensions:/usr/lib/java:.:/Users/lingfamily/.gradle/caches/minecraft/net/minecraft/minecraft_natives/1.7.2
[20:07:33] [main/INFO] [FML/]: Managed to load a deobfuscated Minecraft name- we are in a deobfuscated environment. Skipping runtime deobfuscation
[20:07:34] [main/DEBUG] [FML/]: Instantiating coremod class FMLCorePlugin
[20:07:34] [main/DEBUG] [FML/]: Added access transformer class cpw.mods.fml.common.asm.transformers.AccessTransformer to enqueued access transformers
[20:07:34] [main/DEBUG] [FML/]: Enqueued coremod FMLCorePlugin
[20:07:34] [main/DEBUG] [FML/]: Instantiating coremod class FMLForgePlugin
[20:07:34] [main/DEBUG] [FML/]: Added access transformer class net.minecraftforge.transformers.ForgeAccessTransformer to enqueued access transformers
[20:07:34] [main/DEBUG] [FML/]: Enqueued coremod FMLForgePlugin
[20:07:34] [main/DEBUG] [FML/]: All fundamental core mods are successfully located
[20:07:34] [main/DEBUG] [FML/]: Discovering coremods
[20:07:34] [main/INFO] [LaunchWrapper/]: Calling tweak class net.minecraftforge.gradle.GradleStartCommon$GradleStartTweaker
[20:07:34] [main/INFO] [GradleStart/]: Injecting location in coremod cpw.mods.fml.relauncher.FMLCorePlugin
[20:07:34] [main/INFO] [GradleStart/]: Injecting location in coremod net.minecraftforge.classloading.FMLForgePlugin
[20:07:34] [main/INFO] [LaunchWrapper/]: Loading tweak class name cpw.mods.fml.common.launcher.FMLInjectionAndSortingTweaker
[20:07:34] [main/INFO] [LaunchWrapper/]: Loading tweak class name cpw.mods.fml.common.launcher.FMLDeobfTweaker
[20:07:34] [main/INFO] [LaunchWrapper/]: Calling tweak class cpw.mods.fml.common.launcher.FMLInjectionAndSortingTweaker
[20:07:34] [main/INFO] [LaunchWrapper/]: Calling tweak class cpw.mods.fml.common.launcher.FMLInjectionAndSortingTweaker
[20:07:34] [main/INFO] [LaunchWrapper/]: Calling tweak class cpw.mods.fml.relauncher.CoreModManager$FMLPluginWrapper
[20:07:34] [main/DEBUG] [FML/]: Injecting coremod FMLCorePlugin {cpw.mods.fml.relauncher.FMLCorePlugin} class transformers
[20:07:34] [main/TRACE] [FML/]: Registering transformer cpw.mods.fml.common.asm.transformers.MarkerTransformer
[20:07:35] [main/TRACE] [FML/]: Registering transformer cpw.mods.fml.common.asm.transformers.SideTransformer
[20:07:35] [main/TRACE] [FML/]: Registering transformer cpw.mods.fml.common.asm.transformers.EventSubscriptionTransformer
[20:07:35] [main/DEBUG] [FML/]: Injection complete
[20:07:35] [main/DEBUG] [FML/]: Running coremod plugin for FMLCorePlugin {cpw.mods.fml.relauncher.FMLCorePlugin}
[20:07:35] [main/DEBUG] [FML/]: Running coremod plugin FMLCorePlugin
[20:07:35] [main/ERROR] [FML/]: The binary patch set is missing. Either you are in a development environment, or things are not going to work!
[20:07:37] [main/ERROR] [FML/]: The minecraft jar file:/Users/lingfamily/.gradle/caches/minecraft/net/minecraftforge/forge/1.7.2-10.12.2.1121/forgeSrc-1.7.2-10.12.2.1121.jar!/net/minecraft/client/ClientBrandRetriever.class appears to be corrupt! There has been CRITICAL TAMPERING WITH MINECRAFT, it is highly unlikely minecraft will work! STOP NOW, get a clean copy and try again!
[20:07:37] [main/ERROR] [FML/]: FML has been ordered to ignore the invalid or missing minecraft certificate. This is very likely to cause a problem!
[20:07:37] [main/ERROR] [FML/]: Technical information: ClientBrandRetriever was at jar:file:/Users/lingfamily/.gradle/caches/minecraft/net/minecraftforge/forge/1.7.2-10.12.2.1121/forgeSrc-1.7.2-10.12.2.1121.jar!/net/minecraft/client/ClientBrandRetriever.class, there were 0 certificates for it
[20:07:37] [main/ERROR] [FML/]: FML appears to be missing any signature data. This is not a good thing
[20:07:37] [main/DEBUG] [FML/]: Coremod plugin class FMLCorePlugin run successfully
[20:07:37] [main/INFO] [LaunchWrapper/]: Calling tweak class cpw.mods.fml.relauncher.CoreModManager$FMLPluginWrapper
[20:07:37] [main/DEBUG] [FML/]: Injecting coremod FMLForgePlugin {net.minecraftforge.classloading.FMLForgePlugin} class transformers
[20:07:37] [main/DEBUG] [FML/]: Injection complete
[20:07:37] [main/DEBUG] [FML/]: Running coremod plugin for FMLForgePlugin {net.minecraftforge.classloading.FMLForgePlugin}
[20:07:37] [main/DEBUG] [FML/]: Running coremod plugin FMLForgePlugin
[20:07:37] [main/DEBUG] [FML/]: Coremod plugin class FMLForgePlugin run successfully
[20:07:37] [main/INFO] [LaunchWrapper/]: Calling tweak class cpw.mods.fml.common.launcher.FMLDeobfTweaker
[20:07:37] [main/DEBUG] [FML/]: Loaded 32 rules from AccessTransformer config file fml_at.cfg

[20:07:37] [main/DEBUG] [FML/]: Loaded 81 rules from AccessTransformer config file forge_at.cfg

[20:07:37] [main/DEBUG] [FML/]: Validating minecraft
[20:07:38] [main/DEBUG] [FML/]: Minecraft validated, launching...
[20:07:38] [main/INFO] [LaunchWrapper/]: Launching wrapped minecraft {net.minecraft.client.main.Main}
[20:07:57] [main/TRACE] [FML/]: Registry add: minecraft:air 0 net.minecraft.block.BlockAir@46ebe4ba (req. id 0)
[20:07:58] [main/TRACE] [FML/]: Registry add: minecraft:stone 1 net.minecraft.block.BlockStone@3ee9f7c1 (req. id 1)
[20:07:58] [main/TRACE] [FML/]: Registry add: minecraft:grass 2 net.minecraft.block.BlockGrass@689c3288 (req. id 2)
[20:07:58] [main/TRACE] [FML/]: Registry add: minecraft:dirt 3 net.minecraft.block.BlockDirt@17eab9d6 (req. id 3)
[20:07:58] [main/TRACE] [FML/]: Registry add: minecraft:cobblestone 4 net.minecraft.block.Block@334e9cde (req. id 4)
[20:07:58] [main/TRACE] [FML/]: Registry add: minecraft:planks 5 net.minecraft.block.BlockWood@33067d5a (req. id 5)
[20:07:58] [main/TRACE] [FML/]: Registry add: minecraft:sapling 6 net.minecraft.block.BlockSapling@558de0a9 (req. id 6)
[20:07:58] [main/TRACE] [FML/]: Registry add: minecraft:bedrock 7 net.minecraft.block.Block@5598a320 (req. id 7)
[20:07:58] [main/TRACE] [FML/]: Registry add: minecraft:flowing_water 8 net.minecraft.block.BlockDynamicLiquid@5a5e3da (req. id 8)
[20:07:58] [main/TRACE] [FML/]: Registry add: minecraft:water 9 net.minecraft.block.BlockStaticLiquid@1c461984 (req. id 9)
[20:07:58] [main/TRACE] [FML/]: Registry add: minecraft:flowing_lava 10 net.minecraft.block.BlockDynamicLiquid@3e35379c (req. id 10)
[20:07:58] [main/TRACE] [FML/]: Registry add: minecraft:lava 11 net.minecraft.block.BlockStaticLiquid@17d602ac (req. id 11)
[20:07:58] [main/TRACE] [FML/]: Registry add: minecraft:sand 12 net.minecraft.block.BlockSand@3cec8446 (req. id 12)
[20:07:58] [main/TRACE] [FML/]: Registry add: minecraft:gravel 13 net.minecraft.block.BlockGravel@552a2a7d (req. id 13)
[20:07:58] [main/TRACE] [FML/]: Registry add: minecraft:gold_ore 14 net.minecraft.block.BlockOre@597dc26 (req. id 14)
[20:07:58] [main/TRACE] [FML/]: Registry add: minecraft:iron_ore 15 net.minecraft.block.BlockOre@34f645a8 (req. id 15)
[20:07:58] [main/TRACE] [FML/]: Registry add: minecraft:coal_ore 16 net.minecraft.block.BlockOre@145733c2 (req. id 16)
[20:07:58] [main/TRACE] [FML/]: Registry add: minecraft:log 17 net.minecraft.block.BlockOldLog@171591e3 (req. id 17)
[20:07:58] [main/TRACE] [FML/]: Registry add: minecraft:leaves 18 net.minecraft.block.BlockOldLeaf@757256ca (req. id 18)
[20:07:58] [main/TRACE] [FML/]: Registry add: minecraft:sponge 19 net.minecraft.block.BlockSponge@7815bc09 (req. id 19)
[20:07:58] [main/TRACE] [FML/]: Registry add: minecraft:glass 20 net.minecraft.block.BlockGlass@69a79533 (req. id 20)
[20:07:58] [main/TRACE] [FML/]: Registry add: minecraft:lapis_ore 21 net.minecraft.block.BlockOre@79347d75 (req. id 21)
[20:07:58] [main/TRACE] [FML/]: Registry add: minecraft:lapis_block 22 net.minecraft.block.BlockCompressed@1229db51 (req. id 22)
[20:07:58] [main/TRACE] [FML/]: Registry add: minecraft:dispenser 23 net.minecraft.block.BlockDispenser@461f79b5 (req. id 23)
[20:07:58] [main/TRACE] [FML/]: Registry add: minecraft:sandstone 24 net.minecraft.block.BlockSandStone@118eb4a8 (req. id 24)
[20:07:59] [main/TRACE] [FML/]: Registry add: minecraft:noteblock 25 net.minecraft.block.BlockNote@45114205 (req. id 25)
[20:07:59] [main/TRACE] [FML/]: Registry add: minecraft:bed 26 net.minecraft.block.BlockBed@717e38e5 (req. id 26)
[20:07:59] [main/TRACE] [FML/]: Registry add: minecraft:golden_rail 27 net.minecraft.block.BlockRailPowered@5dd68001 (req. id 27)
[20:07:59] [main/TRACE] [FML/]: Registry add: minecraft:detector_rail 28 net.minecraft.block.BlockRailDetector@6fea5dd3 (req. id 28)
[20:07:59] [main/TRACE] [FML/]: Registry add: minecraft:sticky_piston 29 net.minecraft.block.BlockPistonBase@27af9da2 (req. id 29)
[20:07:59] [main/TRACE] [FML/]: Registry add: minecraft:web 30 net.minecraft.block.BlockWeb@47a4d139 (req. id 30)
[20:07:59] [main/TRACE] [FML/]: Registry add: minecraft:tallgrass 31 net.minecraft.block.BlockTallGrass@15a419ee (req. id 31)
[20:07:59] [main/TRACE] [FML/]: Registry add: minecraft:deadbush 32 net.minecraft.block.BlockDeadBush@4e99fc4a (req. id 32)
[20:07:59] [main/TRACE] [FML/]: Registry add: minecraft:piston 33 net.minecraft.block.BlockPistonBase@5f828696 (req. id 33)
[20:07:59] [main/TRACE] [FML/]: Registry add: minecraft:piston_head 34 net.minecraft.block.BlockPistonExtension@725212d6 (req. id 34)
[20:07:59] [main/TRACE] [FML/]: Registry add: minecraft:wool 35 net.minecraft.block.BlockColored@1cf270d4 (req. id 35)
[20:07:59] [main/TRACE] [FML/]: Registry add: minecraft:piston_extension 36 net.minecraft.block.BlockPistonMoving@49761f9d (req. id 36)
[20:07:59] [main/TRACE] [FML/]: Registry add: minecraft:yellow_flower 37 net.minecraft.block.BlockFlower@51496918 (req. id 37)
[20:07:59] [main/TRACE] [FML/]: Registry add: minecraft:red_flower 38 net.minecraft.block.BlockFlower@2a92d059 (req. id 38)
[20:07:59] [main/TRACE] [FML/]: Registry add: minecraft:brown_mushroom 39 net.minecraft.block.BlockMushroom@32965597 (req. id 39)
[20:07:59] [main/TRACE] [FML/]: Registry add: minecraft:red_mushroom 40 net.minecraft.block.BlockMushroom@2bcd4673 (req. id 40)
[20:07:59] [main/TRACE] [FML/]: Registry add: minecraft:gold_block 41 net.minecraft.block.BlockCompressed@31cc3e7c (req. id 41)
[20:07:59] [main/TRACE] [FML/]: Registry add: minecraft:iron_block 42 net.minecraft.block.BlockCompressed@581a586e (req. id 42)
[20:07:59] [main/TRACE] [FML/]: Registry add: minecraft:double_stone_slab 43 net.minecraft.block.BlockStoneSlab@68529933 (req. id 43)
[20:07:59] [main/TRACE] [FML/]: Registry add: minecraft:stone_slab 44 net.minecraft.block.BlockStoneSlab@6c818c7 (req. id 44)
[20:07:59] [main/TRACE] [FML/]: Registry add: minecraft:brick_block 45 net.minecraft.block.Block@3ad2b44b (req. id 45)
[20:07:59] [main/TRACE] [FML/]: Registry add: minecraft:tnt 46 net.minecraft.block.BlockTNT@3deaeb45 (req. id 46)
[20:07:59] [main/TRACE] [FML/]: Registry add: minecraft:bookshelf 47 net.minecraft.block.BlockBookshelf@45f97b85 (req. id 47)
[20:07:59] [main/TRACE] [FML/]: Registry add: minecraft:mossy_cobblestone 48 net.minecraft.block.Block@7e1c7ca6 (req. id 48)
[20:07:59] [main/TRACE] [FML/]: Registry add: minecraft:obsidian 49 net.minecraft.block.BlockObsidian@e5a0fc1 (req. id 49)
[20:07:59] [main/TRACE] [FML/]: Registry add: minecraft:torch 50 net.minecraft.block.BlockTorch@6cc294e3 (req. id 50)
[20:07:59] [main/TRACE] [FML/]: Registry add: minecraft:fire 51 net.minecraft.block.BlockFire@5abcfadd (req. id 51)
[20:07:59] [main/TRACE] [FML/]: Registry add: minecraft:mob_spawner 52 net.minecraft.block.BlockMobSpawner@600a281c (req. id 52)
[20:07:59] [main/TRACE] [FML/]: Registry add: minecraft:oak_stairs 53 net.minecraft.block.BlockStairs@561bbf23 (req. id 53)
[20:07:59] [main/TRACE] [FML/]: Registry add: minecraft:chest 54 net.minecraft.block.BlockChest@7f3846fc (req. id 54)
[20:07:59] [main/TRACE] [FML/]: Registry add: minecraft:redstone_wire 55 net.minecraft.block.BlockRedstoneWire@610859c0 (req. id 55)
[20:07:59] [main/TRACE] [FML/]: Registry add: minecraft:diamond_ore 56 net.minecraft.block.BlockOre@6b3c7e04 (req. id 56)
[20:07:59] [main/TRACE] [FML/]: Registry add: minecraft:diamond_block 57 net.minecraft.block.BlockCompressed@50756f9c (req. id 57)
[20:07:59] [main/TRACE] [FML/]: Registry add: minecraft:crafting_table 58 net.minecraft.block.BlockWorkbench@583548da (req. id 58)
[20:07:59] [main/TRACE] [FML/]: Registry add: minecraft:wheat 59 net.minecraft.block.BlockCrops@6b12eaa3 (req. id 59)
[20:07:59] [main/TRACE] [FML/]: Registry add: minecraft:farmland 60 net.minecraft.block.BlockFarmland@1bec079e (req. id 60)
[20:07:59] [main/TRACE] [FML/]: Registry add: minecraft:furnace 61 net.minecraft.block.BlockFurnace@4f3e9f6f (req. id 61)
[20:07:59] [main/TRACE] [FML/]: Registry add: minecraft:lit_furnace 62 net.minecraft.block.BlockFurnace@1855590e (req. id 62)
[20:07:59] [main/TRACE] [FML/]: Registry add: minecraft:standing_sign 63 net.minecraft.block.BlockSign@4b5fd811 (req. id 63)
[20:07:59] [main/TRACE] [FML/]: Registry add: minecraft:wooden_door 64 net.minecraft.block.BlockDoor@686fb0 (req. id 64)
[20:07:59] [main/TRACE] [FML/]: Registry add: minecraft:ladder 65 net.minecraft.block.BlockLadder@6c2d7c84 (req. id 65)
[20:07:59] [main/TRACE] [FML/]: Registry add: minecraft:rail 66 net.minecraft.block.BlockRail@454d6b61 (req. id 66)
[20:07:59] [main/TRACE] [FML/]: Registry add: minecraft:stone_stairs 67 net.minecraft.block.BlockStairs@5dc4d0d2 (req. id 67)
[20:07:59] [main/TRACE] [FML/]: Registry add: minecraft:wall_sign 68 net.minecraft.block.BlockSign@2469bb16 (req. id 68)
[20:07:59] [main/TRACE] [FML/]: Registry add: minecraft:lever 69 net.minecraft.block.BlockLever@4287fb17 (req. id 69)
[20:07:59] [main/TRACE] [FML/]: Registry add: minecraft:stone_pressure_plate 70 net.minecraft.block.BlockPressurePlate@7c8af1d3 (req. id 70)
[20:07:59] [main/TRACE] [FML/]: Registry add: minecraft:iron_door 71 net.minecraft.block.BlockDoor@60a9386 (req. id 71)
[20:07:59] [main/TRACE] [FML/]: Registry add: minecraft:wooden_pressure_plate 72 net.minecraft.block.BlockPressurePlate@205b4583 (req. id 72)
[20:07:59] [main/TRACE] [FML/]: Registry add: minecraft:redstone_ore 73 net.minecraft.block.BlockRedstoneOre@444fe62 (req. id 73)
[20:07:59] [main/TRACE] [FML/]: Registry add: minecraft:lit_redstone_ore 74 net.minecraft.block.BlockRedstoneOre@4d98d61e (req. id 74)
[20:07:59] [main/TRACE] [FML/]: Registry add: minecraft:unlit_redstone_torch 75 net.minecraft.block.BlockRedstoneTorch@4c637448 (req. id 75)
[20:07:59] [main/TRACE] [FML/]: Registry add: minecraft:redstone_torch 76 net.minecraft.block.BlockRedstoneTorch@15674a26 (req. id 76)
[20:07:59] [main/TRACE] [FML/]: Registry add: minecraft:stone_button 77 net.minecraft.block.BlockButtonStone@21dd3180 (req. id 77)
[20:07:59] [main/TRACE] [FML/]: Registry add: minecraft:snow_layer 78 net.minecraft.block.BlockSnow@1c9e95a (req. id 78)
[20:07:59] [main/TRACE] [FML/]: Registry add: minecraft:ice 79 net.minecraft.block.BlockIce@2ca45ac2 (req. id 79)
[20:07:59] [main/TRACE] [FML/]: Registry add: minecraft:snow 80 net.minecraft.block.BlockSnowBlock@28e7d42e (req. id 80)
[20:07:59] [main/TRACE] [FML/]: Registry add: minecraft:cactus 81 net.minecraft.block.BlockCactus@3c1473d0 (req. id 81)
[20:07:59] [main/TRACE] [FML/]: Registry add: minecraft:clay 82 net.minecraft.block.BlockClay@2f62a8c6 (req. id 82)
[20:07:59] [main/TRACE] [FML/]: Registry add: minecraft:reeds 83 net.minecraft.block.BlockReed@4d206098 (req. id 83)
[20:07:59] [main/TRACE] [FML/]: Registry add: minecraft:jukebox 84 net.minecraft.block.BlockJukebox@1342d2a4 (req. id 84)
[20:07:59] [main/TRACE] [FML/]: Registry add: minecraft:fence 85 net.minecraft.block.BlockFence@1881963d (req. id 85)
[20:07:59] [main/TRACE] [FML/]: Registry add: minecraft:pumpkin 86 net.minecraft.block.BlockPumpkin@5e32ee9c (req. id 86)
[20:07:59] [main/TRACE] [FML/]: Registry add: minecraft:netherrack 87 net.minecraft.block.BlockNetherrack@10ce55ec (req. id 87)
[20:07:59] [main/TRACE] [FML/]: Registry add: minecraft:soul_sand 88 net.minecraft.block.BlockSoulSand@5827cdf7 (req. id 88)
[20:07:59] [main/TRACE] [FML/]: Registry add: minecraft:glowstone 89 net.minecraft.block.BlockGlowstone@5187868c (req. id 89)
[20:07:59] [main/TRACE] [FML/]: Registry add: minecraft:portal 90 net.minecraft.block.BlockPortal@687771d1 (req. id 90)
[20:07:59] [main/TRACE] [FML/]: Registry add: minecraft:lit_pumpkin 91 net.minecraft.block.BlockPumpkin@79d185eb (req. id 91)
[20:07:59] [main/TRACE] [FML/]: Registry add: minecraft:cake 92 net.minecraft.block.BlockCake@1e2ea207 (req. id 92)
[20:07:59] [main/TRACE] [FML/]: Registry add: minecraft:unpowered_repeater 93 net.minecraft.block.BlockRedstoneRepeater@63162cdf (req. id 93)
[20:07:59] [main/TRACE] [FML/]: Registry add: minecraft:powered_repeater 94 net.minecraft.block.BlockRedstoneRepeater@44dc174b (req. id 94)
[20:07:59] [main/TRACE] [FML/]: Registry add: minecraft:stained_glass 95 net.minecraft.block.BlockStainedGlass@2ff90785 (req. id 95)
[20:07:59] [main/TRACE] [FML/]: Registry add: minecraft:trapdoor 96 net.minecraft.block.BlockTrapDoor@75496fbd (req. id 96)
[20:07:59] [main/TRACE] [FML/]: Registry add: minecraft:monster_egg 97 net.minecraft.block.BlockSilverfish@313e6479 (req. id 97)
[20:07:59] [main/TRACE] [FML/]: Registry add: minecraft:stonebrick 98 net.minecraft.block.BlockStoneBrick@26fc13bc (req. id 98)
[20:07:59] [main/TRACE] [FML/]: Registry add: minecraft:brown_mushroom_block 99 net.minecraft.block.BlockHugeMushroom@2a9a702b (req. id 99)
[20:07:59] [main/TRACE] [FML/]: Registry add: minecraft:red_mushroom_block 100 net.minecraft.block.BlockHugeMushroom@13a2ce7 (req. id 100)
[20:07:59] [main/TRACE] [FML/]: Registry add: minecraft:iron_bars 101 net.minecraft.block.BlockPane@2652ea59 (req. id 101)
[20:07:59] [main/TRACE] [FML/]: Registry add: minecraft:glass_pane 102 net.minecraft.block.BlockPane@d978cb7 (req. id 102)
[20:07:59] [main/TRACE] [FML/]: Registry add: minecraft:melon_block 103 net.minecraft.block.BlockMelon@333d314e (req. id 103)
[20:07:59] [main/TRACE] [FML/]: Registry add: minecraft:pumpkin_stem 104 net.minecraft.block.BlockStem@10283bd3 (req. id 104)
[20:07:59] [main/TRACE] [FML/]: Registry add: minecraft:melon_stem 105 net.minecraft.block.BlockStem@416fa1ee (req. id 105)
[20:07:59] [main/TRACE] [FML/]: Registry add: minecraft:vine 106 net.minecraft.block.BlockVine@4988e33f (req. id 106)
[20:07:59] [main/TRACE] [FML/]: Registry add: minecraft:fence_gate 107 net.minecraft.block.BlockFenceGate@714cb831 (req. id 107)
[20:07:59] [main/TRACE] [FML/]: Registry add: minecraft:brick_stairs 108 net.minecraft.block.BlockStairs@63d0d313 (req. id 108)
[20:07:59] [main/TRACE] [FML/]: Registry add: minecraft:stone_brick_stairs 109 net.minecraft.block.BlockStairs@22d1b797 (req. id 109)
[20:07:59] [main/TRACE] [FML/]: Registry add: minecraft:mycelium 110 net.minecraft.block.BlockMycelium@2e3a2af8 (req. id 110)
[20:07:59] [main/TRACE] [FML/]: Registry add: minecraft:waterlily 111 net.minecraft.block.BlockLilyPad@6dee8d1f (req. id 111)
[20:07:59] [main/TRACE] [FML/]: Registry add: minecraft:nether_brick 112 net.minecraft.block.Block@4873269b (req. id 112)
[20:07:59] [main/TRACE] [FML/]: Registry add: minecraft:nether_brick_fence 113 net.minecraft.block.BlockFence@7febaf45 (req. id 113)
[20:07:59] [main/TRACE] [FML/]: Registry add: minecraft:nether_brick_stairs 114 net.minecraft.block.BlockStairs@4a401c9f (req. id 114)
[20:07:59] [main/TRACE] [FML/]: Registry add: minecraft:nether_wart 115 net.minecraft.block.BlockNetherWart@2340ec7c (req. id 115)
[20:07:59] [main/TRACE] [FML/]: Registry add: minecraft:enchanting_table 116 net.minecraft.block.BlockEnchantmentTable@4b4ce4b0 (req. id 116)
[20:08:00] [main/TRACE] [FML/]: Registry add: minecraft:brewing_stand 117 net.minecraft.block.BlockBrewingStand@764d81b9 (req. id 117)
[20:08:00] [main/TRACE] [FML/]: Registry add: minecraft:cauldron 118 net.minecraft.block.BlockCauldron@7952a24 (req. id 118)
[20:08:00] [main/TRACE] [FML/]: Registry add: minecraft:end_portal 119 net.minecraft.block.BlockEndPortal@10d60e4c (req. id 119)
[20:08:00] [main/TRACE] [FML/]: Registry add: minecraft:end_portal_frame 120 net.minecraft.block.BlockEndPortalFrame@79aaab5d (req. id 120)
[20:08:00] [main/TRACE] [FML/]: Registry add: minecraft:end_stone 121 net.minecraft.block.Block@33d8a512 (req. id 121)
[20:08:00] [main/TRACE] [FML/]: Registry add: minecraft:dragon_egg 122 net.minecraft.block.BlockDragonEgg@1a53c407 (req. id 122)
[20:08:00] [main/TRACE] [FML/]: Registry add: minecraft:redstone_lamp 123 net.minecraft.block.BlockRedstoneLight@4370e348 (req. id 123)
[20:08:00] [main/TRACE] [FML/]: Registry add: minecraft:lit_redstone_lamp 124 net.minecraft.block.BlockRedstoneLight@2859ae8f (req. id 124)
[20:08:00] [main/TRACE] [FML/]: Registry add: minecraft:double_wooden_slab 125 net.minecraft.block.BlockWoodSlab@5daadadc (req. id 125)
[20:08:00] [main/TRACE] [FML/]: Registry add: minecraft:wooden_slab 126 net.minecraft.block.BlockWoodSlab@7c06d18e (req. id 126)
[20:08:00] [main/TRACE] [FML/]: Registry add: minecraft:cocoa 127 net.minecraft.block.BlockCocoa@221c6a1f (req. id 127)
[20:08:00] [main/TRACE] [FML/]: Registry add: minecraft:sandstone_stairs 128 net.minecraft.block.BlockStairs@777b2ab7 (req. id 128)
[20:08:00] [main/TRACE] [FML/]: Registry add: minecraft:emerald_ore 129 net.minecraft.block.BlockOre@373191a9 (req. id 129)
[20:08:00] [main/TRACE] [FML/]: Registry add: minecraft:ender_chest 130 net.minecraft.block.BlockEnderChest@15580d4c (req. id 130)
[20:08:00] [main/TRACE] [FML/]: Registry add: minecraft:tripwire_hook 131 net.minecraft.block.BlockTripWireHook@24139a76 (req. id 131)
[20:08:00] [main/TRACE] [FML/]: Registry add: minecraft:tripwire 132 net.minecraft.block.BlockTripWire@13dc5842 (req. id 132)
[20:08:00] [main/TRACE] [FML/]: Registry add: minecraft:emerald_block 133 net.minecraft.block.BlockCompressed@67265f3d (req. id 133)
[20:08:00] [main/TRACE] [FML/]: Registry add: minecraft:spruce_stairs 134 net.minecraft.block.BlockStairs@836d2b3 (req. id 134)
[20:08:00] [main/TRACE] [FML/]: Registry add: minecraft:birch_stairs 135 net.minecraft.block.BlockStairs@4742e9fb (req. id 135)
[20:08:00] [main/TRACE] [FML/]: Registry add: minecraft:jungle_stairs 136 net.minecraft.block.BlockStairs@7a0f8249 (req. id 136)
[20:08:00] [main/TRACE] [FML/]: Registry add: minecraft:command_block 137 net.minecraft.block.BlockCommandBlock@6ae5d994 (req. id 137)
[20:08:00] [main/TRACE] [FML/]: Registry add: minecraft:beacon 138 net.minecraft.block.BlockBeacon@57326ca3 (req. id 138)
[20:08:00] [main/TRACE] [FML/]: Registry add: minecraft:cobblestone_wall 139 net.minecraft.block.BlockWall@78e30860 (req. id 139)
[20:08:00] [main/TRACE] [FML/]: Registry add: minecraft:flower_pot 140 net.minecraft.block.BlockFlowerPot@46121f31 (req. id 140)
[20:08:00] [main/TRACE] [FML/]: Registry add: minecraft:carrots 141 net.minecraft.block.BlockCarrot@357a3a77 (req. id 141)
[20:08:00] [main/TRACE] [FML/]: Registry add: minecraft:potatoes 142 net.minecraft.block.BlockPotato@46150133 (req. id 142)
[20:08:00] [main/TRACE] [FML/]: Registry add: minecraft:wooden_button 143 net.minecraft.block.BlockButtonWood@3ae541e (req. id 143)
[20:08:00] [main/TRACE] [FML/]: Registry add: minecraft:skull 144 net.minecraft.block.BlockSkull@1bc1d189 (req. id 144)
[20:08:00] [main/TRACE] [FML/]: Registry add: minecraft:anvil 145 net.minecraft.block.BlockAnvil@512566c9 (req. id 145)
[20:08:00] [main/TRACE] [FML/]: Registry add: minecraft:trapped_chest 146 net.minecraft.block.BlockChest@6e7f3fbd (req. id 146)
[20:08:00] [main/TRACE] [FML/]: Registry add: minecraft:light_weighted_pressure_plate 147 net.minecraft.block.BlockPressurePlateWeighted@7b044837 (req. id 147)
[20:08:00] [main/TRACE] [FML/]: Registry add: minecraft:heavy_weighted_pressure_plate 148 net.minecraft.block.BlockPressurePlateWeighted@562151f9 (req. id 148)
[20:08:00] [main/TRACE] [FML/]: Registry add: minecraft:unpowered_comparator 149 net.minecraft.block.BlockRedstoneComparator@32e716eb (req. id 149)
[20:08:00] [main/TRACE] [FML/]: Registry add: minecraft:powered_comparator 150 net.minecraft.block.BlockRedstoneComparator@6191b868 (req. id 150)
[20:08:00] [main/TRACE] [FML/]: Registry add: minecraft:daylight_detector 151 net.minecraft.block.BlockDaylightDetector@2b1d8f11 (req. id 151)
[20:08:00] [main/TRACE] [FML/]: Registry add: minecraft:redstone_block 152 net.minecraft.block.BlockCompressedPowered@1ed58e3d (req. id 152)
[20:08:00] [main/TRACE] [FML/]: Registry add: minecraft:quartz_ore 153 net.minecraft.block.BlockOre@566d569b (req. id 153)
[20:08:00] [main/TRACE] [FML/]: Registry add: minecraft:hopper 154 net.minecraft.block.BlockHopper@2f94c468 (req. id 154)
[20:08:00] [main/TRACE] [FML/]: Registry add: minecraft:quartz_block 155 net.minecraft.block.BlockQuartz@5d8ea8df (req. id 155)
[20:08:00] [main/TRACE] [FML/]: Registry add: minecraft:quartz_stairs 156 net.minecraft.block.BlockStairs@40f0f875 (req. id 156)
[20:08:00] [main/TRACE] [FML/]: Registry add: minecraft:activator_rail 157 net.minecraft.block.BlockRailPowered@c47eaa2 (req. id 157)
[20:08:00] [main/TRACE] [FML/]: Registry add: minecraft:dropper 158 net.minecraft.block.BlockDropper@7f4d4b79 (req. id 158)
[20:08:00] [main/TRACE] [FML/]: Registry add: minecraft:stained_hardened_clay 159 net.minecraft.block.BlockColored@2b96363a (req. id 159)
[20:08:00] [main/TRACE] [FML/]: Registry add: minecraft:stained_glass_pane 160 net.minecraft.block.BlockStainedGlassPane@413fd214 (req. id 160)
[20:08:00] [main/TRACE] [FML/]: Registry add: minecraft:leaves2 161 net.minecraft.block.BlockNewLeaf@7b2896bb (req. id 161)
[20:08:00] [main/TRACE] [FML/]: Registry add: minecraft:log2 162 net.minecraft.block.BlockNewLog@474d27df (req. id 162)
[20:08:00] [main/TRACE] [FML/]: Registry add: minecraft:acacia_stairs 163 net.minecraft.block.BlockStairs@1a74c60b (req. id 163)
[20:08:00] [main/TRACE] [FML/]: Registry add: minecraft:dark_oak_stairs 164 net.minecraft.block.BlockStairs@687609be (req. id 164)
[20:08:00] [main/TRACE] [FML/]: Registry add: minecraft:hay_block 170 net.minecraft.block.BlockHay@469fadf4 (req. id 170)
[20:08:00] [main/TRACE] [FML/]: Registry add: minecraft:carpet 171 net.minecraft.block.BlockCarpet@28285ae4 (req. id 171)
[20:08:00] [main/TRACE] [FML/]: Registry add: minecraft:hardened_clay 172 net.minecraft.block.BlockHardenedClay@64cecb06 (req. id 172)
[20:08:00] [main/TRACE] [FML/]: Registry add: minecraft:coal_block 173 net.minecraft.block.Block@44732a9e (req. id 173)
[20:08:00] [main/TRACE] [FML/]: Registry add: minecraft:packed_ice 174 net.minecraft.block.BlockPackedIce@2f1df832 (req. id 174)
[20:08:00] [main/TRACE] [FML/]: Registry add: minecraft:double_plant 175 net.minecraft.block.BlockDoublePlant@5891b2c8 (req. id 175)
[20:08:00] [main/TRACE] [FML/]: Registry add: minecraft:iron_shovel 256 net.minecraft.item.ItemSpade@41d97cb7 (req. id 256)
[20:08:00] [main/TRACE] [FML/]: Registry add: minecraft:iron_pickaxe 257 net.minecraft.item.ItemPickaxe@2d8af427 (req. id 257)
[20:08:00] [main/TRACE] [FML/]: Registry add: minecraft:iron_axe 258 net.minecraft.item.ItemAxe@7da343cc (req. id 258)
[20:08:00] [main/TRACE] [FML/]: Registry add: minecraft:flint_and_steel 259 net.minecraft.item.ItemFlintAndSteel@6825f1db (req. id 259)
[20:08:00] [main/TRACE] [FML/]: Registry add: minecraft:apple 260 net.minecraft.item.ItemFood@36473c63 (req. id 260)
[20:08:00] [main/TRACE] [FML/]: Registry add: minecraft:bow 261 net.minecraft.item.ItemBow@4966deeb (req. id 261)
[20:08:00] [main/TRACE] [FML/]: Registry add: minecraft:arrow 262 net.minecraft.item.Item@b53bf3 (req. id 262)
[20:08:00] [main/TRACE] [FML/]: Registry add: minecraft:coal 263 net.minecraft.item.ItemCoal@315b6139 (req. id 263)
[20:08:00] [main/TRACE] [FML/]: Registry add: minecraft:diamond 264 net.minecraft.item.Item@664bfe7f (req. id 264)
[20:08:00] [main/TRACE] [FML/]: Registry add: minecraft:iron_ingot 265 net.minecraft.item.Item@7317851 (req. id 265)
[20:08:00] [main/TRACE] [FML/]: Registry add: minecraft:gold_ingot 266 net.minecraft.item.Item@40d21187 (req. id 266)
[20:08:00] [main/TRACE] [FML/]: Registry add: minecraft:iron_sword 267 net.minecraft.item.ItemSword@7f87bd3a (req. id 267)
[20:08:00] [main/TRACE] [FML/]: Registry add: minecraft:wooden_sword 268 net.minecraft.item.ItemSword@28986c3f (req. id 268)
[20:08:00] [main/TRACE] [FML/]: Registry add: minecraft:wooden_shovel 269 net.minecraft.item.ItemSpade@2eeab0eb (req. id 269)
[20:08:00] [main/TRACE] [FML/]: Registry add: minecraft:wooden_pickaxe 270 net.minecraft.item.ItemPickaxe@32052c5d (req. id 270)
[20:08:00] [main/TRACE] [FML/]: Registry add: minecraft:wooden_axe 271 net.minecraft.item.ItemAxe@71a3a752 (req. id 271)
[20:08:00] [main/TRACE] [FML/]: Registry add: minecraft:stone_sword 272 net.minecraft.item.ItemSword@2f3e32c7 (req. id 272)
[20:08:00] [main/TRACE] [FML/]: Registry add: minecraft:stone_shovel 273 net.minecraft.item.ItemSpade@1c77bf0c (req. id 273)
[20:08:00] [main/TRACE] [FML/]: Registry add: minecraft:stone_pickaxe 274 net.minecraft.item.ItemPickaxe@799fbb6d (req. id 274)
[20:08:00] [main/TRACE] [FML/]: Registry add: minecraft:stone_axe 275 net.minecraft.item.ItemAxe@65ca2f7c (req. id 275)
[20:08:00] [main/TRACE] [FML/]: Registry add: minecraft:diamond_sword 276 net.minecraft.item.ItemSword@3cf3aa19 (req. id 276)
[20:08:00] [main/TRACE] [FML/]: Registry add: minecraft:diamond_shovel 277 net.minecraft.item.ItemSpade@21246e92 (req. id 277)
[20:08:00] [main/TRACE] [FML/]: Registry add: minecraft:diamond_pickaxe 278 net.minecraft.item.ItemPickaxe@5ed7443d (req. id 278)
[20:08:00] [main/TRACE] [FML/]: Registry add: minecraft:diamond_axe 279 net.minecraft.item.ItemAxe@6c13170 (req. id 279)
[20:08:00] [main/TRACE] [FML/]: Registry add: minecraft:stick 280 net.minecraft.item.Item@7594b386 (req. id 280)
[20:08:00] [main/TRACE] [FML/]: Registry add: minecraft:bowl 281 net.minecraft.item.Item@75965eb8 (req. id 281)
[20:08:00] [main/TRACE] [FML/]: Registry add: minecraft:mushroom_stew 282 net.minecraft.item.ItemSoup@4ef1e267 (req. id 282)
[20:08:00] [main/TRACE] [FML/]: Registry add: minecraft:golden_sword 283 net.minecraft.item.ItemSword@6a4700ae (req. id 283)
[20:08:00] [main/TRACE] [FML/]: Registry add: minecraft:golden_shovel 284 net.minecraft.item.ItemSpade@5b7dd604 (req. id 284)
[20:08:00] [main/TRACE] [FML/]: Registry add: minecraft:golden_pickaxe 285 net.minecraft.item.ItemPickaxe@226dcf89 (req. id 285)
[20:08:00] [main/TRACE] [FML/]: Registry add: minecraft:golden_axe 286 net.minecraft.item.ItemAxe@57543d07 (req. id 286)
[20:08:00] [main/TRACE] [FML/]: Registry add: minecraft:string 287 net.minecraft.item.ItemReed@5537c500 (req. id 287)
[20:08:00] [main/TRACE] [FML/]: Registry add: minecraft:feather 288 net.minecraft.item.Item@4066aeb5 (req. id 288)
[20:08:01] [main/TRACE] [FML/]: Registry add: minecraft:gunpowder 289 net.minecraft.item.Item@d1e43ed (req. id 289)
[20:08:01] [main/TRACE] [FML/]: Registry add: minecraft:wooden_hoe 290 net.minecraft.item.ItemHoe@336dc51b (req. id 290)
[20:08:01] [main/TRACE] [FML/]: Registry add: minecraft:stone_hoe 291 net.minecraft.item.ItemHoe@6ba789fd (req. id 291)
[20:08:01] [main/TRACE] [FML/]: Registry add: minecraft:iron_hoe 292 net.minecraft.item.ItemHoe@44547842 (req. id 292)
[20:08:01] [main/TRACE] [FML/]: Registry add: minecraft:diamond_hoe 293 net.minecraft.item.ItemHoe@5a3581a (req. id 293)
[20:08:01] [main/TRACE] [FML/]: Registry add: minecraft:golden_hoe 294 net.minecraft.item.ItemHoe@26ed15da (req. id 294)
[20:08:01] [main/TRACE] [FML/]: Registry add: minecraft:wheat_seeds 295 net.minecraft.item.ItemSeeds@b680af5 (req. id 295)
[20:08:01] [main/TRACE] [FML/]: Registry add: minecraft:wheat 296 net.minecraft.item.Item@5ba760ac (req. id 296)
[20:08:01] [main/TRACE] [FML/]: Registry add: minecraft:bread 297 net.minecraft.item.ItemFood@49bbeb36 (req. id 297)
[20:08:01] [main/TRACE] [FML/]: Registry add: minecraft:leather_helmet 298 net.minecraft.item.ItemArmor@7a79e5e7 (req. id 298)
[20:08:01] [main/TRACE] [FML/]: Registry add: minecraft:leather_chestplate 299 net.minecraft.item.ItemArmor@58e4df82 (req. id 299)
[20:08:01] [main/TRACE] [FML/]: Registry add: minecraft:leather_leggings 300 net.minecraft.item.ItemArmor@1a0dfd66 (req. id 300)
[20:08:01] [main/TRACE] [FML/]: Registry add: minecraft:leather_boots 301 net.minecraft.item.ItemArmor@c7740e7 (req. id 301)
[20:08:01] [main/TRACE] [FML/]: Registry add: minecraft:chainmail_helmet 302 net.minecraft.item.ItemArmor@69460415 (req. id 302)
[20:08:01] [main/TRACE] [FML/]: Registry add: minecraft:chainmail_chestplate 303 net.minecraft.item.ItemArmor@73b634b1 (req. id 303)
[20:08:01] [main/TRACE] [FML/]: Registry add: minecraft:chainmail_leggings 304 net.minecraft.item.ItemArmor@3f3d8bd0 (req. id 304)
[20:08:01] [main/TRACE] [FML/]: Registry add: minecraft:chainmail_boots 305 net.minecraft.item.ItemArmor@61a6251f (req. id 305)
[20:08:01] [main/TRACE] [FML/]: Registry add: minecraft:iron_helmet 306 net.minecraft.item.ItemArmor@62cf484e (req. id 306)
[20:08:01] [main/TRACE] [FML/]: Registry add: minecraft:iron_chestplate 307 net.minecraft.item.ItemArmor@16942b90 (req. id 307)
[20:08:01] [main/TRACE] [FML/]: Registry add: minecraft:iron_leggings 308 net.minecraft.item.ItemArmor@59b80684 (req. id 308)
[20:08:01] [main/TRACE] [FML/]: Registry add: minecraft:iron_boots 309 net.minecraft.item.ItemArmor@40b3f220 (req. id 309)
[20:08:01] [main/TRACE] [FML/]: Registry add: minecraft:diamond_helmet 310 net.minecraft.item.ItemArmor@65dd340f (req. id 310)
[20:08:01] [main/TRACE] [FML/]: Registry add: minecraft:diamond_chestplate 311 net.minecraft.item.ItemArmor@1d84f908 (req. id 311)
[20:08:01] [main/TRACE] [FML/]: Registry add: minecraft:diamond_leggings 312 net.minecraft.item.ItemArmor@4f98b5c (req. id 312)
[20:08:01] [main/TRACE] [FML/]: Registry add: minecraft:diamond_boots 313 net.minecraft.item.ItemArmor@1b2c4791 (req. id 313)
[20:08:01] [main/TRACE] [FML/]: Registry add: minecraft:golden_helmet 314 net.minecraft.item.ItemArmor@780e8e86 (req. id 314)
[20:08:01] [main/TRACE] [FML/]: Registry add: minecraft:golden_chestplate 315 net.minecraft.item.ItemArmor@3af3cfe (req. id 315)
[20:08:01] [main/TRACE] [FML/]: Registry add: minecraft:golden_leggings 316 net.minecraft.item.ItemArmor@65cd4995 (req. id 316)
[20:08:01] [main/TRACE] [FML/]: Registry add: minecraft:golden_boots 317 net.minecraft.item.ItemArmor@89a096a (req. id 317)
[20:08:01] [main/TRACE] [FML/]: Registry add: minecraft:flint 318 net.minecraft.item.Item@38e0128f (req. id 318)
[20:08:01] [main/TRACE] [FML/]: Registry add: minecraft:porkchop 319 net.minecraft.item.ItemFood@7ee28774 (req. id 319)
[20:08:01] [main/TRACE] [FML/]: Registry add: minecraft:cooked_porkchop 320 net.minecraft.item.ItemFood@4a2b11c0 (req. id 320)
[20:08:01] [main/TRACE] [FML/]: Registry add: minecraft:painting 321 net.minecraft.item.ItemHangingEntity@6c2d0dd2 (req. id 321)
[20:08:01] [main/TRACE] [FML/]: Registry add: minecraft:golden_apple 322 net.minecraft.item.ItemAppleGold@67d3caf (req. id 322)
[20:08:01] [main/TRACE] [FML/]: Registry add: minecraft:sign 323 net.minecraft.item.ItemSign@6e571df7 (req. id 323)
[20:08:01] [main/TRACE] [FML/]: Registry add: minecraft:wooden_door 324 net.minecraft.item.ItemDoor@4465b934 (req. id 324)
[20:08:01] [main/TRACE] [FML/]: Registry add: minecraft:bucket 325 net.minecraft.item.ItemBucket@3d4268eb (req. id 325)
[20:08:01] [main/TRACE] [FML/]: Registry add: minecraft:water_bucket 326 net.minecraft.item.ItemBucket@52f63bb8 (req. id 326)
[20:08:01] [main/TRACE] [FML/]: Registry add: minecraft:lava_bucket 327 net.minecraft.item.ItemBucket@23cad795 (req. id 327)
[20:08:01] [main/TRACE] [FML/]: Registry add: minecraft:minecart 328 net.minecraft.item.ItemMinecart@30e8ea4f (req. id 328)
[20:08:01] [main/TRACE] [FML/]: Registry add: minecraft:saddle 329 net.minecraft.item.ItemSaddle@33d5cdd (req. id 329)
[20:08:01] [main/TRACE] [FML/]: Registry add: minecraft:iron_door 330 net.minecraft.item.ItemDoor@319bb2d4 (req. id 330)
[20:08:01] [main/TRACE] [FML/]: Registry add: minecraft:redstone 331 net.minecraft.item.ItemRedstone@3109eeb3 (req. id 331)
[20:08:01] [main/TRACE] [FML/]: Registry add: minecraft:snowball 332 net.minecraft.item.ItemSnowball@6bb6b8cd (req. id 332)
[20:08:01] [main/TRACE] [FML/]: Registry add: minecraft:boat 333 net.minecraft.item.ItemBoat@413b88f2 (req. id 333)
[20:08:01] [main/TRACE] [FML/]: Registry add: minecraft:leather 334 net.minecraft.item.Item@2b9be953 (req. id 334)
[20:08:01] [main/TRACE] [FML/]: Registry add: minecraft:milk_bucket 335 net.minecraft.item.ItemBucketMilk@49a51bb9 (req. id 335)
[20:08:01] [main/TRACE] [FML/]: Registry add: minecraft:brick 336 net.minecraft.item.Item@76bf3474 (req. id 336)
[20:08:01] [main/TRACE] [FML/]: Registry add: minecraft:clay_ball 337 net.minecraft.item.Item@30ce894 (req. id 337)
[20:08:01] [main/TRACE] [FML/]: Registry add: minecraft:reeds 338 net.minecraft.item.ItemReed@44794e1c (req. id 338)
[20:08:01] [main/TRACE] [FML/]: Registry add: minecraft:paper 339 net.minecraft.item.Item@77f73362 (req. id 339)
[20:08:01] [main/TRACE] [FML/]: Registry add: minecraft:book 340 net.minecraft.item.ItemBook@29a282a1 (req. id 340)
[20:08:01] [main/TRACE] [FML/]: Registry add: minecraft:slime_ball 341 net.minecraft.item.Item@6c2e2d61 (req. id 341)
[20:08:01] [main/TRACE] [FML/]: Registry add: minecraft:chest_minecart 342 net.minecraft.item.ItemMinecart@4ba572c3 (req. id 342)
[20:08:01] [main/TRACE] [FML/]: Registry add: minecraft:furnace_minecart 343 net.minecraft.item.ItemMinecart@5b118701 (req. id 343)
[20:08:01] [main/TRACE] [FML/]: Registry add: minecraft:egg 344 net.minecraft.item.ItemEgg@a93621 (req. id 344)
[20:08:01] [main/TRACE] [FML/]: Registry add: minecraft:compass 345 net.minecraft.item.Item@6520b0dd (req. id 345)
[20:08:01] [main/TRACE] [FML/]: Registry add: minecraft:fishing_rod 346 net.minecraft.item.ItemFishingRod@570f5a54 (req. id 346)
[20:08:01] [main/TRACE] [FML/]: Registry add: minecraft:clock 347 net.minecraft.item.Item@30f36d73 (req. id 347)
[20:08:01] [main/TRACE] [FML/]: Registry add: minecraft:glowstone_dust 348 net.minecraft.item.Item@3d96b220 (req. id 348)
[20:08:01] [main/TRACE] [FML/]: Registry add: minecraft:fish 349 net.minecraft.item.ItemFishFood@26088ee2 (req. id 349)
[20:08:01] [main/TRACE] [FML/]: Registry add: minecraft:cooked_fished 350 net.minecraft.item.ItemFishFood@7bdcaaef (req. id 350)
[20:08:02] [main/TRACE] [FML/]: Registry add: minecraft:dye 351 net.minecraft.item.ItemDye@53a020d5 (req. id 351)
[20:08:02] [main/TRACE] [FML/]: Registry add: minecraft:bone 352 net.minecraft.item.Item@35cbaad7 (req. id 352)
[20:08:02] [main/TRACE] [FML/]: Registry add: minecraft:sugar 353 net.minecraft.item.Item@4e3d24d8 (req. id 353)
[20:08:02] [main/TRACE] [FML/]: Registry add: minecraft:cake 354 net.minecraft.item.ItemReed@103e0909 (req. id 354)
[20:08:02] [main/TRACE] [FML/]: Registry add: minecraft:bed 355 net.minecraft.item.ItemBed@71f20640 (req. id 355)
[20:08:02] [main/TRACE] [FML/]: Registry add: minecraft:repeater 356 net.minecraft.item.ItemReed@48788e31 (req. id 356)
[20:08:02] [main/TRACE] [FML/]: Registry add: minecraft:cookie 357 net.minecraft.item.ItemFood@62bf5822 (req. id 357)
[20:08:02] [main/TRACE] [FML/]: Registry add: minecraft:filled_map 358 net.minecraft.item.ItemMap@34fd57cf (req. id 358)
[20:08:02] [main/TRACE] [FML/]: Registry add: minecraft:shears 359 net.minecraft.item.ItemShears@35976ec3 (req. id 359)
[20:08:02] [main/TRACE] [FML/]: Registry add: minecraft:melon 360 net.minecraft.item.ItemFood@68e8dfb1 (req. id 360)
[20:08:02] [main/TRACE] [FML/]: Registry add: minecraft:pumpkin_seeds 361 net.minecraft.item.ItemSeeds@10b61346 (req. id 361)
[20:08:02] [main/TRACE] [FML/]: Registry add: minecraft:melon_seeds 362 net.minecraft.item.ItemSeeds@21ab613c (req. id 362)
[20:08:02] [main/TRACE] [FML/]: Registry add: minecraft:beef 363 net.minecraft.item.ItemFood@7a7cbb68 (req. id 363)
[20:08:02] [main/TRACE] [FML/]: Registry add: minecraft:cooked_beef 364 net.minecraft.item.ItemFood@12f3e7ab (req. id 364)
[20:08:02] [main/TRACE] [FML/]: Registry add: minecraft:chicken 365 net.minecraft.item.ItemFood@4aee9545 (req. id 365)
[20:08:02] [main/TRACE] [FML/]: Registry add: minecraft:cooked_chicken 366 net.minecraft.item.ItemFood@758a0b71 (req. id 366)
[20:08:02] [main/TRACE] [FML/]: Registry add: minecraft:rotten_flesh 367 net.minecraft.item.ItemFood@39f56400 (req. id 367)
[20:08:02] [main/TRACE] [FML/]: Registry add: minecraft:ender_pearl 368 net.minecraft.item.ItemEnderPearl@58e58e3d (req. id 368)
[20:08:02] [main/TRACE] [FML/]: Registry add: minecraft:blaze_rod 369 net.minecraft.item.Item@46dd7463 (req. id 369)
[20:08:02] [main/TRACE] [FML/]: Registry add: minecraft:ghast_tear 370 net.minecraft.item.Item@750433ed (req. id 370)
[20:08:02] [main/TRACE] [FML/]: Registry add: minecraft:gold_nugget 371 net.minecraft.item.Item@66ed489f (req. id 371)
[20:08:02] [main/TRACE] [FML/]: Registry add: minecraft:nether_wart 372 net.minecraft.item.ItemSeeds@643af383 (req. id 372)
[20:08:02] [main/TRACE] [FML/]: Registry add: minecraft:potion 373 net.minecraft.item.ItemPotion@7d3d14a7 (req. id 373)
[20:08:02] [main/TRACE] [FML/]: Registry add: minecraft:glass_bottle 374 net.minecraft.item.ItemGlassBottle@64255c05 (req. id 374)
[20:08:02] [main/TRACE] [FML/]: Registry add: minecraft:spider_eye 375 net.minecraft.item.ItemFood@50bc7fa0 (req. id 375)
[20:08:02] [main/TRACE] [FML/]: Registry add: minecraft:fermented_spider_eye 376 net.minecraft.item.Item@75f0ac9 (req. id 376)
[20:08:02] [main/TRACE] [FML/]: Registry add: minecraft:blaze_powder 377 net.minecraft.item.Item@70bd15e6 (req. id 377)
[20:08:02] [main/TRACE] [FML/]: Registry add: minecraft:magma_cream 378 net.minecraft.item.Item@de8e8dd (req. id 378)
[20:08:02] [main/TRACE] [FML/]: Registry add: minecraft:brewing_stand 379 net.minecraft.item.ItemReed@36100c4d (req. id 379)
[20:08:02] [main/TRACE] [FML/]: Registry add: minecraft:cauldron 380 net.minecraft.item.ItemReed@5797aef5 (req. id 380)
[20:08:02] [main/TRACE] [FML/]: Registry add: minecraft:ender_eye 381 net.minecraft.item.ItemEnderEye@386a1ec7 (req. id 381)
[20:08:02] [main/TRACE] [FML/]: Registry add: minecraft:speckled_melon 382 net.minecraft.item.Item@3f0ab7c0 (req. id 382)
[20:08:02] [main/TRACE] [FML/]: Registry add: minecraft:spawn_egg 383 net.minecraft.item.ItemMonsterPlacer@4f97e4d2 (req. id 383)
[20:08:02] [main/TRACE] [FML/]: Registry add: minecraft:experience_bottle 384 net.minecraft.item.ItemExpBottle@830176e (req. id 384)
[20:08:02] [main/TRACE] [FML/]: Registry add: minecraft:fire_charge 385 net.minecraft.item.ItemFireball@1f1b64ed (req. id 385)
[20:08:02] [main/TRACE] [FML/]: Registry add: minecraft:writable_book 386 net.minecraft.item.ItemWritableBook@38b86342 (req. id 386)
[20:08:02] [main/TRACE] [FML/]: Registry add: minecraft:written_book 387 net.minecraft.item.ItemEditableBook@6a4efd48 (req. id 387)
[20:08:02] [main/TRACE] [FML/]: Registry add: minecraft:emerald 388 net.minecraft.item.Item@67d6b87e (req. id 388)
[20:08:02] [main/TRACE] [FML/]: Registry add: minecraft:item_frame 389 net.minecraft.item.ItemHangingEntity@41ea8d74 (req. id 389)
[20:08:02] [main/TRACE] [FML/]: Registry add: minecraft:flower_pot 390 net.minecraft.item.ItemReed@decdc7b (req. id 390)
[20:08:02] [main/TRACE] [FML/]: Registry add: minecraft:carrot 391 net.minecraft.item.ItemSeedFood@574a7ff6 (req. id 391)
[20:08:02] [main/TRACE] [FML/]: Registry add: minecraft:potato 392 net.minecraft.item.ItemSeedFood@5c171c3f (req. id 392)
[20:08:02] [main/TRACE] [FML/]: Registry add: minecraft:baked_potato 393 net.minecraft.item.ItemFood@713f9b54 (req. id 393)
[20:08:02] [main/TRACE] [FML/]: Registry add: minecraft:poisonous_potato 394 net.minecraft.item.ItemFood@6eee1e2 (req. id 394)
[20:08:02] [main/TRACE] [FML/]: Registry add: minecraft:map 395 net.minecraft.item.ItemEmptyMap@10977258 (req. id 395)
[20:08:02] [main/TRACE] [FML/]: Registry add: minecraft:golden_carrot 396 net.minecraft.item.ItemFood@46d3f7ea (req. id 396)
[20:08:02] [main/TRACE] [FML/]: Registry add: minecraft:skull 397 net.minecraft.item.ItemSkull@1d60e6d8 (req. id 397)
[20:08:02] [main/TRACE] [FML/]: Registry add: minecraft:carrot_on_a_stick 398 net.minecraft.item.ItemCarrotOnAStick@3f968ab9 (req. id 398)
[20:08:02] [main/TRACE] [FML/]: Registry add: minecraft:nether_star 399 net.minecraft.item.ItemSimpleFoiled@36927b70 (req. id 399)
[20:08:02] [main/TRACE] [FML/]: Registry add: minecraft:pumpkin_pie 400 net.minecraft.item.ItemFood@4ae6120d (req. id 400)
[20:08:02] [main/TRACE] [FML/]: Registry add: minecraft:fireworks 401 net.minecraft.item.ItemFirework@3c7659ab (req. id 401)
[20:08:02] [main/TRACE] [FML/]: Registry add: minecraft:firework_charge 402 net.minecraft.item.ItemFireworkCharge@6b076a26 (req. id 402)
[20:08:02] [main/TRACE] [FML/]: Registry add: minecraft:enchanted_book 403 net.minecraft.item.ItemEnchantedBook@51b5449f (req. id 403)
[20:08:02] [main/TRACE] [FML/]: Registry add: minecraft:comparator 404 net.minecraft.item.ItemReed@53ac4ca1 (req. id 404)
[20:08:02] [main/TRACE] [FML/]: Registry add: minecraft:netherbrick 405 net.minecraft.item.Item@54db08f1 (req. id 405)
[20:08:02] [main/TRACE] [FML/]: Registry add: minecraft:quartz 406 net.minecraft.item.Item@782831bc (req. id 406)
[20:08:02] [main/TRACE] [FML/]: Registry add: minecraft:tnt_minecart 407 net.minecraft.item.ItemMinecart@16d96b45 (req. id 407)
[20:08:02] [main/TRACE] [FML/]: Registry add: minecraft:hopper_minecart 408 net.minecraft.item.ItemMinecart@1c118abb (req. id 408)
[20:08:02] [main/TRACE] [FML/]: Registry add: minecraft:iron_horse_armor 417 net.minecraft.item.Item@43ab0962 (req. id 417)
[20:08:02] [main/TRACE] [FML/]: Registry add: minecraft:golden_horse_armor 418 net.minecraft.item.Item@11f523a3 (req. id 418)
[20:08:02] [main/TRACE] [FML/]: Registry add: minecraft:diamond_horse_armor 419 net.minecraft.item.Item@74f6ab8a (req. id 419)
[20:08:02] [main/TRACE] [FML/]: Registry add: minecraft:lead 420 net.minecraft.item.ItemLead@3eb2492 (req. id 420)
[20:08:02] [main/TRACE] [FML/]: Registry add: minecraft:name_tag 421 net.minecraft.item.ItemNameTag@5fb90875 (req. id 421)
[20:08:02] [main/TRACE] [FML/]: Registry add: minecraft:command_block_minecart 422 net.minecraft.item.ItemMinecart@6cda6a6b (req. id 422)
[20:08:02] [main/TRACE] [FML/]: Registry add: minecraft:record_13 2256 net.minecraft.item.ItemRecord@2a57e9b6 (req. id 2256)
[20:08:02] [main/TRACE] [FML/]: Registry add: minecraft:record_cat 2257 net.minecraft.item.ItemRecord@71b0c171 (req. id 2257)
[20:08:02] [main/TRACE] [FML/]: Registry add: minecraft:record_blocks 2258 net.minecraft.item.ItemRecord@b6c1c07 (req. id 2258)
[20:08:02] [main/TRACE] [FML/]: Registry add: minecraft:record_chirp 2259 net.minecraft.item.ItemRecord@66a4156c (req. id 2259)
[20:08:02] [main/TRACE] [FML/]: Registry add: minecraft:record_far 2260 net.minecraft.item.ItemRecord@1e7a9a19 (req. id 2260)
[20:08:02] [main/TRACE] [FML/]: Registry add: minecraft:record_mall 2261 net.minecraft.item.ItemRecord@31aeef1 (req. id 2261)
[20:08:02] [main/TRACE] [FML/]: Registry add: minecraft:record_mellohi 2262 net.minecraft.item.ItemRecord@5d3d11ce (req. id 2262)
[20:08:02] [main/TRACE] [FML/]: Registry add: minecraft:record_stal 2263 net.minecraft.item.ItemRecord@545c1b34 (req. id 2263)
[20:08:02] [main/TRACE] [FML/]: Registry add: minecraft:record_strad 2264 net.minecraft.item.ItemRecord@6afe1e30 (req. id 2264)
[20:08:02] [main/TRACE] [FML/]: Registry add: minecraft:record_ward 2265 net.minecraft.item.ItemRecord@51701830 (req. id 2265)
[20:08:02] [main/TRACE] [FML/]: Registry add: minecraft:record_11 2266 net.minecraft.item.ItemRecord@16442115 (req. id 2266)
[20:08:02] [main/TRACE] [FML/]: Registry add: minecraft:record_wait 2267 net.minecraft.item.ItemRecord@52d7f51e (req. id 2267)
[20:08:02] [main/DEBUG] [FML/]: Found matching Block net.minecraft.block.BlockPressurePlateWeighted@562151f9 for ItemBlock net.minecraft.item.ItemBlock@54985ce4 at id 148, original id requested: 148
[20:08:02] [main/TRACE] [FML/]: Registry add: minecraft:heavy_weighted_pressure_plate 148 net.minecraft.item.ItemBlock@54985ce4 (req. id 148)
[20:08:02] [main/DEBUG] [FML/]: Found matching Block net.minecraft.block.BlockCactus@3c1473d0 for ItemBlock net.minecraft.item.ItemBlock@5efaa81f at id 81, original id requested: 81
[20:08:02] [main/TRACE] [FML/]: Registry add: minecraft:cactus 81 net.minecraft.item.ItemBlock@5efaa81f (req. id 81)
[20:08:02] [main/DEBUG] [FML/]: Found matching Block net.minecraft.block.BlockOre@79347d75 for ItemBlock net.minecraft.item.ItemBlock@1a33bbf0 at id 21, original id requested: 21
[20:08:02] [main/TRACE] [FML/]: Registry add: minecraft:lapis_ore 21 net.minecraft.item.ItemBlock@1a33bbf0 (req. id 21)
[20:08:02] [main/DEBUG] [FML/]: Found matching Block net.minecraft.block.BlockCompressedPowered@1ed58e3d for ItemBlock net.minecraft.item.ItemBlock@3a779700 at id 152, original id requested: 152
[20:08:02] [main/TRACE] [FML/]: Registry add: minecraft:redstone_block 152 net.minecraft.item.ItemBlock@3a779700 (req. id 152)
[20:08:02] [main/DEBUG] [FML/]: Found matching Block net.minecraft.block.BlockStairs@777b2ab7 for ItemBlock net.minecraft.item.ItemBlock@15a9efd at id 128, original id requested: 128
[20:08:02] [main/TRACE] [FML/]: Registry add: minecraft:sandstone_stairs 128 net.minecraft.item.ItemBlock@15a9efd (req. id 128)
[20:08:02] [main/DEBUG] [FML/]: Found matching Block net.minecraft.block.BlockCompressed@67265f3d for ItemBlock net.minecraft.item.ItemBlock@647bf4bc at id 133, original id requested: 133
[20:08:02] [main/TRACE] [FML/]: Registry add: minecraft:emerald_block 133 net.minecraft.item.ItemBlock@647bf4bc (req. id 133)
[20:08:02] [main/DEBUG] [FML/]: Found matching Block net.minecraft.block.BlockStairs@4742e9fb for ItemBlock net.minecraft.item.ItemBlock@600962e at id 135, original id requested: 135
[20:08:02] [main/TRACE] [FML/]: Registry add: minecraft:birch_stairs 135 net.minecraft.item.ItemBlock@600962e (req. id 135)
[20:08:02] [main/DEBUG] [FML/]: Found matching Block net.minecraft.block.BlockMelon@333d314e for ItemBlock net.minecraft.item.ItemBlock@1083a916 at id 103, original id requested: 103
[20:08:02] [main/TRACE] [FML/]: Registry add: minecraft:melon_block 103 net.minecraft.item.ItemBlock@1083a916 (req. id 103)
[20:08:02] [main/DEBUG] [FML/]: Found matching Block net.minecraft.block.BlockCompressed@581a586e for ItemBlock net.minecraft.item.ItemBlock@33d1ebd2 at id 42, original id requested: 42
[20:08:02] [main/TRACE] [FML/]: Registry add: minecraft:iron_block 42 net.minecraft.item.ItemBlock@33d1ebd2 (req. id 42)
[20:08:02] [main/DEBUG] [FML/]: Found matching Block net.minecraft.block.BlockStairs@1a74c60b for ItemBlock net.minecraft.item.ItemBlock@1ad14292 at id 163, original id requested: 163
[20:08:02] [main/TRACE] [FML/]: Registry add: minecraft:acacia_stairs 163 net.minecraft.item.ItemBlock@1ad14292 (req. id 163)
[20:08:02] [main/DEBUG] [FML/]: Found matching Block net.minecraft.block.BlockSapling@558de0a9 for ItemBlock net.minecraft.item.ItemMultiTexture@63bb4029 at id 6, original id requested: 6
[20:08:02] [main/TRACE] [FML/]: Registry add: minecraft:sapling 6 net.minecraft.item.ItemMultiTexture@63bb4029 (req. id 6)
[20:08:02] [main/DEBUG] [FML/]: Found matching Block net.minecraft.block.BlockStone@3ee9f7c1 for ItemBlock net.minecraft.item.ItemBlock@1a7176e6 at id 1, original id requested: 1
[20:08:02] [main/TRACE] [FML/]: Registry add: minecraft:stone 1 net.minecraft.item.ItemBlock@1a7176e6 (req. id 1)
[20:08:02] [main/DEBUG] [FML/]: Found matching Block net.minecraft.block.BlockDynamicLiquid@3e35379c for ItemBlock net.minecraft.item.ItemBlock@f35039a at id 10, original id requested: 10
[20:08:02] [main/TRACE] [FML/]: Registry add: minecraft:flowing_lava 10 net.minecraft.item.ItemBlock@f35039a (req. id 10)
[20:08:02] [main/DEBUG] [FML/]: Found matching Block net.minecraft.block.BlockJukebox@1342d2a4 for ItemBlock net.minecraft.item.ItemBlock@617f7b42 at id 84, original id requested: 84
[20:08:02] [main/TRACE] [FML/]: Registry add: minecraft:jukebox 84 net.minecraft.item.ItemBlock@617f7b42 (req. id 84)
[20:08:02] [main/DEBUG] [FML/]: Found matching Block net.minecraft.block.BlockStairs@63d0d313 for ItemBlock net.minecraft.item.ItemBlock@78755c0f at id 108, original id requested: 108
[20:08:02] [main/TRACE] [FML/]: Registry add: minecraft:brick_stairs 108 net.minecraft.item.ItemBlock@78755c0f (req. id 108)
[20:08:02] [main/DEBUG] [FML/]: Found matching Block net.minecraft.block.BlockDaylightDetector@2b1d8f11 for ItemBlock net.minecraft.item.ItemBlock@60ef1a91 at id 151, original id requested: 151
[20:08:02] [main/TRACE] [FML/]: Registry add: minecraft:daylight_detector 151 net.minecraft.item.ItemBlock@60ef1a91 (req. id 151)
[20:08:02] [main/DEBUG] [FML/]: Found matching Block net.minecraft.block.BlockPistonBase@5f828696 for ItemBlock net.minecraft.item.ItemPiston@50ae8e0e at id 33, original id requested: 33
[20:08:02] [main/TRACE] [FML/]: Registry add: minecraft:piston 33 net.minecraft.item.ItemPiston@50ae8e0e (req. id 33)
[20:08:02] [main/DEBUG] [FML/]: Found matching Block net.minecraft.block.BlockSnow@1c9e95a for ItemBlock net.minecraft.item.ItemSnow@35d249e4 at id 78, original id requested: 78
[20:08:02] [main/TRACE] [FML/]: Registry add: minecraft:snow_layer 78 net.minecraft.item.ItemSnow@35d249e4 (req. id 78)
[20:08:02] [main/DEBUG] [FML/]: Found matching Block net.minecraft.block.BlockMushroom@2bcd4673 for ItemBlock net.minecraft.item.ItemBlock@f13357 at id 40, original id requested: 40
[20:08:02] [main/TRACE] [FML/]: Registry add: minecraft:red_mushroom 40 net.minecraft.item.ItemBlock@f13357 (req. id 40)
[20:08:02] [main/DEBUG] [FML/]: Found matching Block net.minecraft.block.BlockDynamicLiquid@5a5e3da for ItemBlock net.minecraft.item.ItemBlock@5b61953c at id 8, original id requested: 8
[20:08:02] [main/TRACE] [FML/]: Registry add: minecraft:flowing_water 8 net.minecraft.item.ItemBlock@5b61953c (req. id 8)
[20:08:02] [main/DEBUG] [FML/]: Found matching Block net.minecraft.block.BlockChest@7f3846fc for ItemBlock net.minecraft.item.ItemBlock@638cc502 at id 54, original id requested: 54
[20:08:02] [main/TRACE] [FML/]: Registry add: minecraft:chest 54 net.minecraft.item.ItemBlock@638cc502 (req. id 54)
[20:08:02] [main/DEBUG] [FML/]: Found matching Block net.minecraft.block.BlockColored@1cf270d4 for ItemBlock net.minecraft.item.ItemCloth@62f73ff7 at id 35, original id requested: 35
[20:08:02] [main/TRACE] [FML/]: Registry add: minecraft:wool 35 net.minecraft.item.ItemCloth@62f73ff7 (req. id 35)
[20:08:02] [main/DEBUG] [FML/]: Found matching Block net.minecraft.block.BlockOre@145733c2 for ItemBlock net.minecraft.item.ItemBlock@5688a3e3 at id 16, original id requested: 16
[20:08:02] [main/TRACE] [FML/]: Registry add: minecraft:coal_ore 16 net.minecraft.item.ItemBlock@5688a3e3 (req. id 16)
[20:08:02] [main/DEBUG] [FML/]: Found matching Block net.minecraft.block.BlockPistonBase@27af9da2 for ItemBlock net.minecraft.item.ItemPiston@24bfb877 at id 29, original id requested: 29
[20:08:02] [main/TRACE] [FML/]: Registry add: minecraft:sticky_piston 29 net.minecraft.item.ItemPiston@24bfb877 (req. id 29)
[20:08:02] [main/DEBUG] [FML/]: Found matching Block net.minecraft.block.Block@5598a320 for ItemBlock net.minecraft.item.ItemBlock@26e79f7a at id 7, original id requested: 7
[20:08:02] [main/TRACE] [FML/]: Registry add: minecraft:bedrock 7 net.minecraft.item.ItemBlock@26e79f7a (req. id 7)
[20:08:02] [main/DEBUG] [FML/]: Found matching Block net.minecraft.block.BlockGravel@552a2a7d for ItemBlock net.minecraft.item.ItemBlock@3097168a at id 13, original id requested: 13
[20:08:02] [main/TRACE] [FML/]: Registry add: minecraft:gravel 13 net.minecraft.item.ItemBlock@3097168a (req. id 13)
[20:08:02] [main/DEBUG] [FML/]: Found matching Block net.minecraft.block.BlockWorkbench@583548da for ItemBlock net.minecraft.item.ItemBlock@f48d6f2 at id 58, original id requested: 58
[20:08:02] [main/TRACE] [FML/]: Registry add: minecraft:crafting_table 58 net.minecraft.item.ItemBlock@f48d6f2 (req. id 58)
[20:08:02] [main/DEBUG] [FML/]: Found matching Block net.minecraft.block.BlockPressurePlate@205b4583 for ItemBlock net.minecraft.item.ItemBlock@7717b1b4 at id 72, original id requested: 72
[20:08:02] [main/TRACE] [FML/]: Registry add: minecraft:wooden_pressure_plate 72 net.minecraft.item.ItemBlock@7717b1b4 (req. id 72)
[20:08:02] [main/DEBUG] [FML/]: Found matching Block net.minecraft.block.BlockNetherrack@10ce55ec for ItemBlock net.minecraft.item.ItemBlock@3493dd81 at id 87, original id requested: 87
[20:08:02] [main/TRACE] [FML/]: Registry add: minecraft:netherrack 87 net.minecraft.item.ItemBlock@3493dd81 (req. id 87)
[20:08:02] [main/DEBUG] [FML/]: Found matching Block net.minecraft.block.BlockNewLog@474d27df for ItemBlock net.minecraft.item.ItemMultiTexture@57b35b1e at id 162, original id requested: 162
[20:08:02] [main/TRACE] [FML/]: Registry add: minecraft:log2 162 net.minecraft.item.ItemMultiTexture@57b35b1e (req. id 162)
[20:08:02] [main/DEBUG] [FML/]: Found matching Block net.minecraft.block.BlockTorch@6cc294e3 for ItemBlock net.minecraft.item.ItemBlock@40233b8d at id 50, original id requested: 50
[20:08:02] [main/TRACE] [FML/]: Registry add: minecraft:torch 50 net.minecraft.item.ItemBlock@40233b8d (req. id 50)
[20:08:02] [main/DEBUG] [FML/]: Found matching Block net.minecraft.block.BlockFurnace@4f3e9f6f for ItemBlock net.minecraft.item.ItemBlock@491ac6e0 at id 61, original id requested: 61
[20:08:02] [main/TRACE] [FML/]: Registry add: minecraft:furnace 61 net.minecraft.item.ItemBlock@491ac6e0 (req. id 61)
[20:08:02] [main/DEBUG] [FML/]: Found matching Block net.minecraft.block.BlockCompressed@1229db51 for ItemBlock net.minecraft.item.ItemBlock@7cf6c19e at id 22, original id requested: 22
[20:08:02] [main/TRACE] [FML/]: Registry add: minecraft:lapis_block 22 net.minecraft.item.ItemBlock@7cf6c19e (req. id 22)
[20:08:02] [main/DEBUG] [FML/]: Found matching Block net.minecraft.block.BlockRedstoneOre@444fe62 for ItemBlock net.minecraft.item.ItemBlock@2c21ac2a at id 73, original id requested: 73
[20:08:02] [main/TRACE] [FML/]: Registry add: minecraft:redstone_ore 73 net.minecraft.item.ItemBlock@2c21ac2a (req. id 73)
[20:08:02] [main/DEBUG] [FML/]: Found matching Block net.minecraft.block.BlockStairs@836d2b3 for ItemBlock net.minecraft.item.ItemBlock@56ae1008 at id 134, original id requested: 134
[20:08:02] [main/TRACE] [FML/]: Registry add: minecraft:spruce_stairs 134 net.minecraft.item.ItemBlock@56ae1008 (req. id 134)
[20:08:02] [main/DEBUG] [FML/]: Found matching Block net.minecraft.block.BlockStairs@5dc4d0d2 for ItemBlock net.minecraft.item.ItemBlock@3d9ea9ad at id 67, original id requested: 67
[20:08:02] [main/TRACE] [FML/]: Registry add: minecraft:stone_stairs 67 net.minecraft.item.ItemBlock@3d9ea9ad (req. id 67)
[20:08:02] [main/DEBUG] [FML/]: Found matching Block net.minecraft.block.BlockLever@4287fb17 for ItemBlock net.minecraft.item.ItemBlock@7b95bc75 at id 69, original id requested: 69
[20:08:02] [main/TRACE] [FML/]: Registry add: minecraft:lever 69 net.minecraft.item.ItemBlock@7b95bc75 (req. id 69)
[20:08:02] [main/DEBUG] [FML/]: Found matching Block net.minecraft.block.BlockIce@2ca45ac2 for ItemBlock net.minecraft.item.ItemBlock@2387e4b6 at id 79, original id requested: 79
[20:08:02] [main/TRACE] [FML/]: Registry add: minecraft:ice 79 net.minecraft.item.ItemBlock@2387e4b6 (req. id 79)
[20:08:02] [main/DEBUG] [FML/]: Found matching Block net.minecraft.block.BlockEndPortalFrame@79aaab5d for ItemBlock net.minecraft.item.ItemBlock@2eb87af3 at id 120, original id requested: 120
[20:08:02] [main/TRACE] [FML/]: Registry add: minecraft:end_portal_frame 120 net.minecraft.item.ItemBlock@2eb87af3 (req. id 120)
[20:08:02] [main/DEBUG] [FML/]: Found matching Block net.minecraft.block.BlockDoublePlant@5891b2c8 for ItemBlock net.minecraft.item.ItemDoublePlant@53c02754 at id 175, original id requested: 175
[20:08:02] [main/TRACE] [FML/]: Registry add: minecraft:double_plant 175 net.minecraft.item.ItemDoublePlant@53c02754 (req. id 175)
[20:08:02] [main/DEBUG] [FML/]: Found matching Block net.minecraft.block.BlockCarrot@357a3a77 for ItemBlock net.minecraft.item.ItemBlock@6c5626c0 at id 141, original id requested: 141
[20:08:02] [main/TRACE] [FML/]: Registry add: minecraft:carrots 141 net.minecraft.item.ItemBlock@6c5626c0 (req. id 141)
[20:08:02] [main/DEBUG] [FML/]: Found matching Block net.minecraft.block.BlockGlass@69a79533 for ItemBlock net.minecraft.item.ItemBlock@c0a3ed1 at id 20, original id requested: 20
[20:08:02] [main/TRACE] [FML/]: Registry add: minecraft:glass 20 net.minecraft.item.ItemBlock@c0a3ed1 (req. id 20)
[20:08:02] [main/DEBUG] [FML/]: Found matching Block net.minecraft.block.BlockNote@45114205 for ItemBlock net.minecraft.item.ItemBlock@74a21183 at id 25, original id requested: 25
[20:08:02] [main/TRACE] [FML/]: Registry add: minecraft:noteblock 25 net.minecraft.item.ItemBlock@74a21183 (req. id 25)
[20:08:02] [main/DEBUG] [FML/]: Found matching Block net.minecraft.block.BlockFence@1881963d for ItemBlock net.minecraft.item.ItemBlock@3c2beb47 at id 85, original id requested: 85
[20:08:02] [main/TRACE] [FML/]: Registry add: minecraft:fence 85 net.minecraft.item.ItemBlock@3c2beb47 (req. id 85)
[20:08:02] [main/DEBUG] [FML/]: Found matching Block net.minecraft.block.Block@3ad2b44b for ItemBlock net.minecraft.item.ItemBlock@6763a12d at id 45, original id requested: 45
[20:08:02] [main/TRACE] [FML/]: Registry add: minecraft:brick_block 45 net.minecraft.item.ItemBlock@6763a12d (req. id 45)
[20:08:02] [main/DEBUG] [FML/]: Found matching Block net.minecraft.block.BlockTallGrass@15a419ee for ItemBlock net.minecraft.item.ItemColored@f5ac84c at id 31, original id requested: 31
[20:08:02] [main/TRACE] [FML/]: Registry add: minecraft:tallgrass 31 net.minecraft.item.ItemColored@f5ac84c (req. id 31)
[20:08:02] [main/DEBUG] [FML/]: Found matching Block net.minecraft.block.BlockPackedIce@2f1df832 for ItemBlock net.minecraft.item.ItemBlock@1113fd74 at id 174, original id requested: 174
[20:08:02] [main/TRACE] [FML/]: Registry add: minecraft:packed_ice 174 net.minecraft.item.ItemBlock@1113fd74 (req. id 174)
[20:08:02] [main/DEBUG] [FML/]: Found matching Block net.minecraft.block.BlockChest@6e7f3fbd for ItemBlock net.minecraft.item.ItemBlock@3764d36e at id 146, original id requested: 146
[20:08:02] [main/TRACE] [FML/]: Registry add: minecraft:trapped_chest 146 net.minecraft.item.ItemBlock@3764d36e (req. id 146)
[20:08:02] [main/DEBUG] [FML/]: Found matching Block net.minecraft.block.BlockHugeMushroom@13a2ce7 for ItemBlock net.minecraft.item.ItemBlock@3c74f72b at id 100, original id requested: 100
[20:08:02] [main/TRACE] [FML/]: Registry add: minecraft:red_mushroom_block 100 net.minecraft.item.ItemBlock@3c74f72b (req. id 100)
[20:08:02] [main/DEBUG] [FML/]: Found matching Block net.minecraft.block.Block@4873269b for ItemBlock net.minecraft.item.ItemBlock@230f470f at id 112, original id requested: 112
[20:08:02] [main/TRACE] [FML/]: Registry add: minecraft:nether_brick 112 net.minecraft.item.ItemBlock@230f470f (req. id 112)
[20:08:02] [main/DEBUG] [FML/]: Found matching Block net.minecraft.block.BlockEnchantmentTable@4b4ce4b0 for ItemBlock net.minecraft.item.ItemBlock@40023bc4 at id 116, original id requested: 116
[20:08:02] [main/TRACE] [FML/]: Registry add: minecraft:enchanting_table 116 net.minecraft.item.ItemBlock@40023bc4 (req. id 116)
[20:08:02] [main/DEBUG] [FML/]: Found matching Block net.minecraft.block.BlockStoneBrick@26fc13bc for ItemBlock net.minecraft.item.ItemMultiTexture@52a1e1b0 at id 98, original id requested: 98
[20:08:02] [main/TRACE] [FML/]: Registry add: minecraft:stonebrick 98 net.minecraft.item.ItemMultiTexture@52a1e1b0 (req. id 98)
[20:08:02] [main/DEBUG] [FML/]: Found matching Block net.minecraft.block.BlockHugeMushroom@2a9a702b for ItemBlock net.minecraft.item.ItemBlock@1e81432 at id 99, original id requested: 99
[20:08:02] [main/TRACE] [FML/]: Registry add: minecraft:brown_mushroom_block 99 net.minecraft.item.ItemBlock@1e81432 (req. id 99)
[20:08:02] [main/DEBUG] [FML/]: Found matching Block net.minecraft.block.BlockBeacon@57326ca3 for ItemBlock net.minecraft.item.ItemBlock@2b85df98 at id 138, original id requested: 138
[20:08:02] [main/TRACE] [FML/]: Registry add: minecraft:beacon 138 net.minecraft.item.ItemBlock@2b85df98 (req. id 138)
[20:08:02] [main/DEBUG] [FML/]: Found matching Block net.minecraft.block.BlockFlower@2a92d059 for ItemBlock net.minecraft.item.ItemMultiTexture@621a8a7a at id 38, original id requested: 38
[20:08:02] [main/TRACE] [FML/]: Registry add: minecraft:red_flower 38 net.minecraft.item.ItemMultiTexture@621a8a7a (req. id 38)
[20:08:02] [main/DEBUG] [FML/]: Found matching Block net.minecraft.block.BlockVine@4988e33f for ItemBlock net.minecraft.item.ItemColored@3c7981e7 at id 106, original id requested: 106
[20:08:02] [main/TRACE] [FML/]: Registry add: minecraft:vine 106 net.minecraft.item.ItemColored@3c7981e7 (req. id 106)
[20:08:02] [main/DEBUG] [FML/]: Found matching Block net.minecraft.block.BlockDropper@7f4d4b79 for ItemBlock net.minecraft.item.ItemBlock@4d3f83b5 at id 158, original id requested: 158
[20:08:02] [main/TRACE] [FML/]: Registry add: minecraft:dropper 158 net.minecraft.item.ItemBlock@4d3f83b5 (req. id 158)
[20:08:02] [main/DEBUG] [FML/]: Found matching Block net.minecraft.block.BlockPane@d978cb7 for ItemBlock net.minecraft.item.ItemBlock@4e007b2 at id 102, original id requested: 102
[20:08:02] [main/TRACE] [FML/]: Registry add: minecraft:glass_pane 102 net.minecraft.item.ItemBlock@4e007b2 (req. id 102)
[20:08:02] [main/DEBUG] [FML/]: Found matching Block net.minecraft.block.BlockOldLog@171591e3 for ItemBlock net.minecraft.item.ItemMultiTexture@1019399e at id 17, original id requested: 17
[20:08:02] [main/TRACE] [FML/]: Registry add: minecraft:log 17 net.minecraft.item.ItemMultiTexture@1019399e (req. id 17)
[20:08:02] [main/DEBUG] [FML/]: Found matching Block net.minecraft.block.BlockFire@5abcfadd for ItemBlock net.minecraft.item.ItemBlock@6815bc53 at id 51, original id requested: 51
[20:08:02] [main/TRACE] [FML/]: Registry add: minecraft:fire 51 net.minecraft.item.ItemBlock@6815bc53 (req. id 51)
[20:08:02] [main/DEBUG] [FML/]: Found matching Block net.minecraft.block.BlockOre@6b3c7e04 for ItemBlock net.minecraft.item.ItemBlock@6aff2287 at id 56, original id requested: 56
[20:08:02] [main/TRACE] [FML/]: Registry add: minecraft:diamond_ore 56 net.minecraft.item.ItemBlock@6aff2287 (req. id 56)
[20:08:02] [main/DEBUG] [FML/]: Found matching Block net.minecraft.block.BlockDeadBush@4e99fc4a for ItemBlock net.minecraft.item.ItemBlock@143403f2 at id 32, original id requested: 32
[20:08:02] [main/TRACE] [FML/]: Registry add: minecraft:deadbush 32 net.minecraft.item.ItemBlock@143403f2 (req. id 32)
[20:08:02] [main/DEBUG] [FML/]: Found matching Block net.minecraft.block.BlockSoulSand@5827cdf7 for ItemBlock net.minecraft.item.ItemBlock@62ef0f3a at id 88, original id requested: 88
[20:08:02] [main/TRACE] [FML/]: Registry add: minecraft:soul_sand 88 net.minecraft.item.ItemBlock@62ef0f3a (req. id 88)
[20:08:02] [main/DEBUG] [FML/]: Found matching Block net.minecraft.block.Block@44732a9e for ItemBlock net.minecraft.item.ItemBlock@3cd0db94 at id 173, original id requested: 173
[20:08:02] [main/TRACE] [FML/]: Registry add: minecraft:coal_block 173 net.minecraft.item.ItemBlock@3cd0db94 (req. id 173)
[20:08:02] [main/DEBUG] [FML/]: Found matching Block net.minecraft.block.BlockBookshelf@45f97b85 for ItemBlock net.minecraft.item.ItemBlock@33fff0bd at id 47, original id requested: 47
[20:08:02] [main/TRACE] [FML/]: Registry add: minecraft:bookshelf 47 net.minecraft.item.ItemBlock@33fff0bd (req. id 47)
[20:08:02] [main/DEBUG] [FML/]: Found matching Block net.minecraft.block.BlockButtonStone@21dd3180 for ItemBlock net.minecraft.item.ItemBlock@681622f6 at id 77, original id requested: 77
[20:08:02] [main/TRACE] [FML/]: Registry add: minecraft:stone_button 77 net.minecraft.item.ItemBlock@681622f6 (req. id 77)
[20:08:02] [main/DEBUG] [FML/]: Found matching Block net.minecraft.block.BlockCompressed@31cc3e7c for ItemBlock net.minecraft.item.ItemBlock@55179dd at id 41, original id requested: 41
[20:08:02] [main/TRACE] [FML/]: Registry add: minecraft:gold_block 41 net.minecraft.item.ItemBlock@55179dd (req. id 41)
[20:08:02] [main/DEBUG] [FML/]: Found matching Block net.minecraft.block.BlockRedstoneLight@4370e348 for ItemBlock net.minecraft.item.ItemBlock@28179ee5 at id 123, original id requested: 123
[20:08:02] [main/TRACE] [FML/]: Registry add: minecraft:redstone_lamp 123 net.minecraft.item.ItemBlock@28179ee5 (req. id 123)
[20:08:02] [main/DEBUG] [FML/]: Found matching Block net.minecraft.block.BlockSand@3cec8446 for ItemBlock net.minecraft.item.ItemMultiTexture@26c0e0f3 at id 12, original id requested: 12
[20:08:02] [main/TRACE] [FML/]: Registry add: minecraft:sand 12 net.minecraft.item.ItemMultiTexture@26c0e0f3 (req. id 12)
[20:08:02] [main/DEBUG] [FML/]: Found matching Block net.minecraft.block.BlockQuartz@5d8ea8df for ItemBlock net.minecraft.item.ItemMultiTexture@40f08565 at id 155, original id requested: 155
[20:08:02] [main/TRACE] [FML/]: Registry add: minecraft:quartz_block 155 net.minecraft.item.ItemMultiTexture@40f08565 (req. id 155)
[20:08:02] [main/DEBUG] [FML/]: Found matching Block net.minecraft.block.BlockSnowBlock@28e7d42e for ItemBlock net.minecraft.item.ItemBlock@6ec5cb31 at id 80, original id requested: 80
[20:08:02] [main/TRACE] [FML/]: Registry add: minecraft:snow 80 net.minecraft.item.ItemBlock@6ec5cb31 (req. id 80)
[20:08:02] [main/DEBUG] [FML/]: Found matching Block net.minecraft.block.BlockEndPortal@10d60e4c for ItemBlock net.minecraft.item.ItemBlock@7b9f36c7 at id 119, original id requested: 119
[20:08:02] [main/TRACE] [FML/]: Registry add: minecraft:end_portal 119 net.minecraft.item.ItemBlock@7b9f36c7 (req. id 119)
[20:08:02] [main/DEBUG] [FML/]: Found matching Block net.minecraft.block.BlockOre@566d569b for ItemBlock net.minecraft.item.ItemBlock@11c58239 at id 153, original id requested: 153
[20:08:02] [main/TRACE] [FML/]: Registry add: minecraft:quartz_ore 153 net.minecraft.item.ItemBlock@11c58239 (req. id 153)
[20:08:02] [main/DEBUG] [FML/]: Found matching Block net.minecraft.block.BlockColored@2b96363a for ItemBlock net.minecraft.item.ItemCloth@3de8754c at id 159, original id requested: 159
[20:08:02] [main/TRACE] [FML/]: Registry add: minecraft:stained_hardened_clay 159 net.minecraft.item.ItemCloth@3de8754c (req. id 159)
[20:08:02] [main/DEBUG] [FML/]: Found matching Block net.minecraft.block.BlockCommandBlock@6ae5d994 for ItemBlock net.minecraft.item.ItemBlock@686cf054 at id 137, original id requested: 137
[20:08:02] [main/TRACE] [FML/]: Registry add: minecraft:command_block 137 net.minecraft.item.ItemBlock@686cf054 (req. id 137)
[20:08:02] [main/DEBUG] [FML/]: Found matching Block net.minecraft.block.BlockPortal@687771d1 for ItemBlock net.minecraft.item.ItemBlock@4816505b at id 90, original id requested: 90
[20:08:02] [main/TRACE] [FML/]: Registry add: minecraft:portal 90 net.minecraft.item.ItemBlock@4816505b (req. id 90)
[20:08:02] [main/DEBUG] [FML/]: Found matching Block net.minecraft.block.BlockStairs@22d1b797 for ItemBlock net.minecraft.item.ItemBlock@30f5ab56 at id 109, original id requested: 109
[20:08:02] [main/TRACE] [FML/]: Registry add: minecraft:stone_brick_stairs 109 net.minecraft.item.ItemBlock@30f5ab56 (req. id 109)
[20:08:02] [main/DEBUG] [FML/]: Found matching Block net.minecraft.block.BlockLilyPad@6dee8d1f for ItemBlock net.minecraft.item.ItemLilyPad@7ff0afc8 at id 111, original id requested: 111
[20:08:02] [main/TRACE] [FML/]: Registry add: minecraft:waterlily 111 net.minecraft.item.ItemLilyPad@7ff0afc8 (req. id 111)
[20:08:02] [main/DEBUG] [FML/]: Found matching Block net.minecraft.block.BlockStairs@687609be for ItemBlock net.minecraft.item.ItemBlock@12a4b517 at id 164, original id requested: 164
[20:08:02] [main/TRACE] [FML/]: Registry add: minecraft:dark_oak_stairs 164 net.minecraft.item.ItemBlock@12a4b517 (req. id 164)
[20:08:02] [main/DEBUG] [FML/]: Found matching Block net.minecraft.block.BlockStairs@561bbf23 for ItemBlock net.minecraft.item.ItemBlock@7b6d0290 at id 53, original id requested: 53
[20:08:02] [main/TRACE] [FML/]: Registry add: minecraft:oak_stairs 53 net.minecraft.item.ItemBlock@7b6d0290 (req. id 53)
[20:08:02] [main/DEBUG] [FML/]: Found matching Block net.minecraft.block.BlockGrass@689c3288 for ItemBlock net.minecraft.item.ItemBlock@31c37b3e at id 2, original id requested: 2
[20:08:02] [main/TRACE] [FML/]: Registry add: minecraft:grass 2 net.minecraft.item.ItemBlock@31c37b3e (req. id 2)
[20:08:02] [main/DEBUG] [FML/]: Found matching Block net.minecraft.block.BlockFenceGate@714cb831 for ItemBlock net.minecraft.item.ItemBlock@18d03cf8 at id 107, original id requested: 107
[20:08:02] [main/TRACE] [FML/]: Registry add: minecraft:fence_gate 107 net.minecraft.item.ItemBlock@18d03cf8 (req. id 107)
[20:08:02] [main/DEBUG] [FML/]: Found matching Block net.minecraft.block.BlockMycelium@2e3a2af8 for ItemBlock net.minecraft.item.ItemBlock@f52ca82 at id 110, original id requested: 110
[20:08:02] [main/TRACE] [FML/]: Registry add: minecraft:mycelium 110 net.minecraft.item.ItemBlock@f52ca82 (req. id 110)
[20:08:02] [main/DEBUG] [FML/]: Found matching Block net.minecraft.block.BlockObsidian@e5a0fc1 for ItemBlock net.minecraft.item.ItemBlock@46d24aa at id 49, original id requested: 49
[20:08:02] [main/TRACE] [FML/]: Registry add: minecraft:obsidian 49 net.minecraft.item.ItemBlock@46d24aa (req. id 49)
[20:08:02] [main/DEBUG] [FML/]: Found matching Block net.minecraft.block.Block@334e9cde for ItemBlock net.minecraft.item.ItemBlock@1982172b at id 4, original id requested: 4
[20:08:02] [main/TRACE] [FML/]: Registry add: minecraft:cobblestone 4 net.minecraft.item.ItemBlock@1982172b (req. id 4)
[20:08:02] [main/DEBUG] [FML/]: Found matching Block net.minecraft.block.BlockStairs@40f0f875 for ItemBlock net.minecraft.item.ItemBlock@2bbf1522 at id 156, original id requested: 156
[20:08:02] [main/TRACE] [FML/]: Registry add: minecraft:quartz_stairs 156 net.minecraft.item.ItemBlock@2bbf1522 (req. id 156)
[20:08:02] [main/DEBUG] [FML/]: Found matching Block net.minecraft.block.BlockEnderChest@15580d4c for ItemBlock net.minecraft.item.ItemBlock@e04819e at id 130, original id requested: 130
[20:08:02] [main/TRACE] [FML/]: Registry add: minecraft:ender_chest 130 net.minecraft.item.ItemBlock@e04819e (req. id 130)
[20:08:02] [main/DEBUG] [FML/]: Found matching Block net.minecraft.block.BlockClay@2f62a8c6 for ItemBlock net.minecraft.item.ItemBlock@49d9b342 at id 82, original id requested: 82
[20:08:02] [main/TRACE] [FML/]: Registry add: minecraft:clay 82 net.minecraft.item.ItemBlock@49d9b342 (req. id 82)
[20:08:02] [main/DEBUG] [FML/]: Found matching Block net.minecraft.block.Block@7e1c7ca6 for ItemBlock net.minecraft.item.ItemBlock@7387d7ee at id 48, original id requested: 48
[20:08:02] [main/TRACE] [FML/]: Registry add: minecraft:mossy_cobblestone 48 net.minecraft.item.ItemBlock@7387d7ee (req. id 48)
[20:08:02] [main/DEBUG] [FML/]: Found matching Block net.minecraft.block.BlockDirt@17eab9d6 for ItemBlock net.minecraft.item.ItemMultiTexture@5b718583 at id 3, original id requested: 3
[20:08:02] [main/TRACE] [FML/]: Registry add: minecraft:dirt 3 net.minecraft.item.ItemMultiTexture@5b718583 (req. id 3)
[20:08:02] [main/DEBUG] [FML/]: Found matching Block net.minecraft.block.BlockPumpkin@79d185eb for ItemBlock net.minecraft.item.ItemBlock@79f48a5b at id 91, original id requested: 91
[20:08:02] [main/TRACE] [FML/]: Registry add: minecraft:lit_pumpkin 91 net.minecraft.item.ItemBlock@79f48a5b (req. id 91)
[20:08:02] [main/DEBUG] [FML/]: Found matching Block net.minecraft.block.BlockAnvil@512566c9 for ItemBlock net.minecraft.item.ItemAnvilBlock@6696f8ea at id 145, original id requested: 145
[20:08:02] [main/TRACE] [FML/]: Registry add: minecraft:anvil 145 net.minecraft.item.ItemAnvilBlock@6696f8ea (req. id 145)
[20:08:02] [main/DEBUG] [FML/]: Found matching Block net.minecraft.block.BlockStaticLiquid@17d602ac for ItemBlock net.minecraft.item.ItemBlock@41afff44 at id 11, original id requested: 11
[20:08:02] [main/TRACE] [FML/]: Registry add: minecraft:lava 11 net.minecraft.item.ItemBlock@41afff44 (req. id 11)
[20:08:02] [main/DEBUG] [FML/]: Found matching Block net.minecraft.block.BlockFurnace@1855590e for ItemBlock net.minecraft.item.ItemBlock@99feb0d at id 62, original id requested: 62
[20:08:02] [main/TRACE] [FML/]: Registry add: minecraft:lit_furnace 62 net.minecraft.item.ItemBlock@99feb0d (req. id 62)
[20:08:02] [main/DEBUG] [FML/]: Found matching Block net.minecraft.block.BlockOre@34f645a8 for ItemBlock net.minecraft.item.ItemBlock@6200a76a at id 15, original id requested: 15
[20:08:02] [main/TRACE] [FML/]: Registry add: minecraft:iron_ore 15 net.minecraft.item.ItemBlock@6200a76a (req. id 15)
[20:08:02] [main/DEBUG] [FML/]: Found matching Block net.minecraft.block.BlockCompressed@50756f9c for ItemBlock net.minecraft.item.ItemBlock@18ef526a at id 57, original id requested: 57
[20:08:02] [main/TRACE] [FML/]: Registry add: minecraft:diamond_block 57 net.minecraft.item.ItemBlock@18ef526a (req. id 57)
[20:08:02] [main/DEBUG] [FML/]: Found matching Block net.minecraft.block.BlockWeb@47a4d139 for ItemBlock net.minecraft.item.ItemBlock@80bb9f0 at id 30, original id requested: 30
[20:08:02] [main/TRACE] [FML/]: Registry add: minecraft:web 30 net.minecraft.item.ItemBlock@80bb9f0 (req. id 30)
[20:08:02] [main/DEBUG] [FML/]: Found matching Block net.minecraft.block.BlockHay@469fadf4 for ItemBlock net.minecraft.item.ItemBlock@39dc3fb0 at id 170, original id requested: 170
[20:08:02] [main/TRACE] [FML/]: Registry add: minecraft:hay_block 170 net.minecraft.item.ItemBlock@39dc3fb0 (req. id 170)
[20:08:02] [main/DEBUG] [FML/]: Found matching Block net.minecraft.block.BlockStairs@7a0f8249 for ItemBlock net.minecraft.item.ItemBlock@2ad9597d at id 136, original id requested: 136
[20:08:02] [main/TRACE] [FML/]: Registry add: minecraft:jungle_stairs 136 net.minecraft.item.ItemBlock@2ad9597d (req. id 136)
[20:08:02] [main/DEBUG] [FML/]: Found matching Block net.minecraft.block.BlockStairs@4a401c9f for ItemBlock net.minecraft.item.ItemBlock@23823385 at id 114, original id requested: 114
[20:08:02] [main/TRACE] [FML/]: Registry add: minecraft:nether_brick_stairs 114 net.minecraft.item.ItemBlock@23823385 (req. id 114)
[20:08:02] [main/DEBUG] [FML/]: Found matching Block net.minecraft.block.BlockPressurePlate@7c8af1d3 for ItemBlock net.minecraft.item.ItemBlock@390472f9 at id 70, original id requested: 70
[20:08:02] [main/TRACE] [FML/]: Registry add: minecraft:stone_pressure_plate 70 net.minecraft.item.ItemBlock@390472f9 (req. id 70)
[20:08:02] [main/DEBUG] [FML/]: Found matching Block net.minecraft.block.BlockButtonWood@3ae541e for ItemBlock net.minecraft.item.ItemBlock@531856ad at id 143, original id requested: 143
[20:08:02] [main/TRACE] [FML/]: Registry add: minecraft:wooden_button 143 net.minecraft.item.ItemBlock@531856ad (req. id 143)
[20:08:02] [main/DEBUG] [FML/]: Found matching Block net.minecraft.block.BlockStoneSlab@68529933 for ItemBlock net.minecraft.item.ItemSlab@42e88383 at id 43, original id requested: 43
[20:08:02] [main/TRACE] [FML/]: Registry add: minecraft:double_stone_slab 43 net.minecraft.item.ItemSlab@42e88383 (req. id 43)
[20:08:02] [main/DEBUG] [FML/]: Found matching Block net.minecraft.block.BlockOre@597dc26 for ItemBlock net.minecraft.item.ItemBlock@2f122fc6 at id 14, original id requested: 14
[20:08:02] [main/TRACE] [FML/]: Registry add: minecraft:gold_ore 14 net.minecraft.item.ItemBlock@2f122fc6 (req. id 14)
[20:08:02] [main/DEBUG] [FML/]: Found matching Block net.minecraft.block.BlockTNT@3deaeb45 for ItemBlock net.minecraft.item.ItemBlock@52fe884e at id 46, original id requested: 46
[20:08:02] [main/TRACE] [FML/]: Registry add: minecraft:tnt 46 net.minecraft.item.ItemBlock@52fe884e (req. id 46)
[20:08:02] [main/DEBUG] [FML/]: Found matching Block net.minecraft.block.BlockHopper@2f94c468 for ItemBlock net.minecraft.item.ItemBlock@44a6e373 at id 154, original id requested: 154
[20:08:02] [main/TRACE] [FML/]: Registry add: minecraft:hopper 154 net.minecraft.item.ItemBlock@44a6e373 (req. id 154)
[20:08:02] [main/DEBUG] [FML/]: Found matching Block net.minecraft.block.BlockStoneSlab@6c818c7 for ItemBlock net.minecraft.item.ItemSlab@289eb63b at id 44, original id requested: 44
[20:08:02] [main/TRACE] [FML/]: Registry add: minecraft:stone_slab 44 net.minecraft.item.ItemSlab@289eb63b (req. id 44)
[20:08:02] [main/DEBUG] [FML/]: Found matching Block net.minecraft.block.BlockPotato@46150133 for ItemBlock net.minecraft.item.ItemBlock@4bcdf052 at id 142, original id requested: 142
[20:08:02] [main/TRACE] [FML/]: Registry add: minecraft:potatoes 142 net.minecraft.item.ItemBlock@4bcdf052 (req. id 142)
[20:08:02] [main/DEBUG] [FML/]: Found matching Block net.minecraft.block.BlockOre@373191a9 for ItemBlock net.minecraft.item.ItemBlock@3d5cbe5f at id 129, original id requested: 129
[20:08:02] [main/TRACE] [FML/]: Registry add: minecraft:emerald_ore 129 net.minecraft.item.ItemBlock@3d5cbe5f (req. id 129)
[20:08:02] [main/DEBUG] [FML/]: Found matching Block net.minecraft.block.BlockMushroom@32965597 for ItemBlock net.minecraft.item.ItemBlock@13d66e72 at id 39, original id requested: 39
[20:08:02] [main/TRACE] [FML/]: Registry add: minecraft:brown_mushroom 39 net.minecraft.item.ItemBlock@13d66e72 (req. id 39)
[20:08:02] [main/DEBUG] [FML/]: Found matching Block net.minecraft.block.BlockOldLeaf@757256ca for ItemBlock net.minecraft.item.ItemLeaves@3f159873 at id 18, original id requested: 18
[20:08:02] [main/TRACE] [FML/]: Registry add: minecraft:leaves 18 net.minecraft.item.ItemLeaves@3f159873 (req. id 18)
[20:08:02] [main/DEBUG] [FML/]: Found matching Block net.minecraft.block.BlockTripWireHook@24139a76 for ItemBlock net.minecraft.item.ItemBlock@22cbc660 at id 131, original id requested: 131
[20:08:02] [main/TRACE] [FML/]: Registry add: minecraft:tripwire_hook 131 net.minecraft.item.ItemBlock@22cbc660 (req. id 131)
[20:08:02] [main/DEBUG] [FML/]: Found matching Block net.minecraft.block.BlockFlower@51496918 for ItemBlock net.minecraft.item.ItemMultiTexture@704cda78 at id 37, original id requested: 37
[20:08:02] [main/TRACE] [FML/]: Registry add: minecraft:yellow_flower 37 net.minecraft.item.ItemMultiTexture@704cda78 (req. id 37)
[20:08:02] [main/DEBUG] [FML/]: Found matching Block net.minecraft.block.BlockRailPowered@c47eaa2 for ItemBlock net.minecraft.item.ItemBlock@459b35e1 at id 157, original id requested: 157
[20:08:02] [main/TRACE] [FML/]: Registry add: minecraft:activator_rail 157 net.minecraft.item.ItemBlock@459b35e1 (req. id 157)
[20:08:02] [main/DEBUG] [FML/]: Found matching Block net.minecraft.block.BlockRedstoneTorch@15674a26 for ItemBlock net.minecraft.item.ItemBlock@50ee6a7a at id 76, original id requested: 76
[20:08:02] [main/TRACE] [FML/]: Registry add: minecraft:redstone_torch 76 net.minecraft.item.ItemBlock@50ee6a7a (req. id 76)
[20:08:02] [main/DEBUG] [FML/]: Found matching Block net.minecraft.block.BlockWoodSlab@5daadadc for ItemBlock net.minecraft.item.ItemSlab@54909918 at id 125, original id requested: 125
[20:08:02] [main/TRACE] [FML/]: Registry add: minecraft:double_wooden_slab 125 net.minecraft.item.ItemSlab@54909918 (req. id 125)
[20:08:02] [main/DEBUG] [FML/]: Found matching Block net.minecraft.block.BlockTrapDoor@75496fbd for ItemBlock net.minecraft.item.ItemBlock@61332207 at id 96, original id requested: 96
[20:08:02] [main/TRACE] [FML/]: Registry add: minecraft:trapdoor 96 net.minecraft.item.ItemBlock@61332207 (req. id 96)
[20:08:02] [main/DEBUG] [FML/]: Found matching Block net.minecraft.block.BlockNewLeaf@7b2896bb for ItemBlock net.minecraft.item.ItemLeaves@63ff2b6b at id 161, original id requested: 161
[20:08:02] [main/TRACE] [FML/]: Registry add: minecraft:leaves2 161 net.minecraft.item.ItemLeaves@63ff2b6b (req. id 161)
[20:08:02] [main/DEBUG] [FML/]: Found matching Block net.minecraft.block.BlockFarmland@1bec079e for ItemBlock net.minecraft.item.ItemBlock@57bb117 at id 60, original id requested: 60
[20:08:02] [main/TRACE] [FML/]: Registry add: minecraft:farmland 60 net.minecraft.item.ItemBlock@57bb117 (req. id 60)
[20:08:02] [main/DEBUG] [FML/]: Found matching Block net.minecraft.block.BlockStaticLiquid@1c461984 for ItemBlock net.minecraft.item.ItemBlock@7ba75fd0 at id 9, original id requested: 9
[20:08:02] [main/TRACE] [FML/]: Registry add: minecraft:water 9 net.minecraft.item.ItemBlock@7ba75fd0 (req. id 9)
[20:08:02] [main/DEBUG] [FML/]: Found matching Block net.minecraft.block.BlockRailPowered@5dd68001 for ItemBlock net.minecraft.item.ItemBlock@2983901c at id 27, original id requested: 27
[20:08:02] [main/TRACE] [FML/]: Registry add: minecraft:golden_rail 27 net.minecraft.item.ItemBlock@2983901c (req. id 27)
[20:08:02] [main/DEBUG] [FML/]: Found matching Block net.minecraft.block.BlockGlowstone@5187868c for ItemBlock net.minecraft.item.ItemBlock@7c6a338e at id 89, original id requested: 89
[20:08:02] [main/TRACE] [FML/]: Registry add: minecraft:glowstone 89 net.minecraft.item.ItemBlock@7c6a338e (req. id 89)
[20:08:02] [main/DEBUG] [FML/]: Found matching Block net.minecraft.block.BlockCarpet@28285ae4 for ItemBlock net.minecraft.item.ItemCloth@205eef72 at id 171, original id requested: 171
[20:08:02] [main/TRACE] [FML/]: Registry add: minecraft:carpet 171 net.minecraft.item.ItemCloth@205eef72 (req. id 171)
[20:08:02] [main/DEBUG] [FML/]: Found matching Block net.minecraft.block.BlockFence@7febaf45 for ItemBlock net.minecraft.item.ItemBlock@38ba35f8 at id 113, original id requested: 113
[20:08:02] [main/TRACE] [FML/]: Registry add: minecraft:nether_brick_fence 113 net.minecraft.item.ItemBlock@38ba35f8 (req. id 113)
[20:08:02] [main/DEBUG] [FML/]: Found matching Block net.minecraft.block.BlockPumpkin@5e32ee9c for ItemBlock net.minecraft.item.ItemBlock@492d49e0 at id 86, original id requested: 86
[20:08:02] [main/TRACE] [FML/]: Registry add: minecraft:pumpkin 86 net.minecraft.item.ItemBlock@492d49e0 (req. id 86)
[20:08:02] [main/DEBUG] [FML/]: Found matching Block net.minecraft.block.BlockWood@33067d5a for ItemBlock net.minecraft.item.ItemMultiTexture@3c4d36a8 at id 5, original id requested: 5
[20:08:02] [main/TRACE] [FML/]: Registry add: minecraft:planks 5 net.minecraft.item.ItemMultiTexture@3c4d36a8 (req. id 5)
[20:08:02] [main/DEBUG] [FML/]: Found matching Block net.minecraft.block.BlockDragonEgg@1a53c407 for ItemBlock net.minecraft.item.ItemBlock@713f6e85 at id 122, original id requested: 122
[20:08:02] [main/TRACE] [FML/]: Registry add: minecraft:dragon_egg 122 net.minecraft.item.ItemBlock@713f6e85 (req. id 122)
[20:08:02] [main/DEBUG] [FML/]: Found matching Block net.minecraft.block.BlockDispenser@461f79b5 for ItemBlock net.minecraft.item.ItemBlock@7b7117d8 at id 23, original id requested: 23
[20:08:02] [main/TRACE] [FML/]: Registry add: minecraft:dispenser 23 net.minecraft.item.ItemBlock@7b7117d8 (req. id 23)
[20:08:02] [main/DEBUG] [FML/]: Found matching Block net.minecraft.block.BlockSandStone@118eb4a8 for ItemBlock net.minecraft.item.ItemMultiTexture@3dd4a538 at id 24, original id requested: 24
[20:08:02] [main/TRACE] [FML/]: Registry add: minecraft:sandstone 24 net.minecraft.item.ItemMultiTexture@3dd4a538 (req. id 24)
[20:08:02] [main/DEBUG] [FML/]: Found matching Block net.minecraft.block.BlockRailDetector@6fea5dd3 for ItemBlock net.minecraft.item.ItemBlock@53ab1f3e at id 28, original id requested: 28
[20:08:02] [main/TRACE] [FML/]: Registry add: minecraft:detector_rail 28 net.minecraft.item.ItemBlock@53ab1f3e (req. id 28)
[20:08:02] [main/DEBUG] [FML/]: Found matching Block net.minecraft.block.BlockHardenedClay@64cecb06 for ItemBlock net.minecraft.item.ItemBlock@7904a5c at id 172, original id requested: 172
[20:08:02] [main/TRACE] [FML/]: Registry add: minecraft:hardened_clay 172 net.minecraft.item.ItemBlock@7904a5c (req. id 172)
[20:08:02] [main/DEBUG] [FML/]: Found matching Block net.minecraft.block.BlockStainedGlassPane@413fd214 for ItemBlock net.minecraft.item.ItemCloth@1201e1e5 at id 160, original id requested: 160
[20:08:02] [main/TRACE] [FML/]: Registry add: minecraft:stained_glass_pane 160 net.minecraft.item.ItemCloth@1201e1e5 (req. id 160)
[20:08:02] [main/DEBUG] [FML/]: Found matching Block net.minecraft.block.BlockSponge@7815bc09 for ItemBlock net.minecraft.item.ItemBlock@39958a9f at id 19, original id requested: 19
[20:08:02] [main/TRACE] [FML/]: Registry add: minecraft:sponge 19 net.minecraft.item.ItemBlock@39958a9f (req. id 19)
[20:08:02] [main/DEBUG] [FML/]: Found matching Block net.minecraft.block.BlockPressurePlateWeighted@7b044837 for ItemBlock net.minecraft.item.ItemBlock@8bfea42 at id 147, original id requested: 147
[20:08:02] [main/TRACE] [FML/]: Registry add: minecraft:light_weighted_pressure_plate 147 net.minecraft.item.ItemBlock@8bfea42 (req. id 147)
[20:08:02] [main/DEBUG] [FML/]: Found matching Block net.minecraft.block.BlockCocoa@221c6a1f for ItemBlock net.minecraft.item.ItemBlock@6fac978a at id 127, original id requested: 127
[20:08:02] [main/TRACE] [FML/]: Registry add: minecraft:cocoa 127 net.minecraft.item.ItemBlock@6fac978a (req. id 127)
[20:08:02] [main/DEBUG] [FML/]: Found matching Block net.minecraft.block.BlockStainedGlass@2ff90785 for ItemBlock net.minecraft.item.ItemCloth@2c111e4d at id 95, original id requested: 95
[20:08:02] [main/TRACE] [FML/]: Registry add: minecraft:stained_glass 95 net.minecraft.item.ItemCloth@2c111e4d (req. id 95)
[20:08:02] [main/DEBUG] [FML/]: Found matching Block net.minecraft.block.BlockPane@2652ea59 for ItemBlock net.minecraft.item.ItemBlock@17dc67d5 at id 101, original id requested: 101
[20:08:02] [main/TRACE] [FML/]: Registry add: minecraft:iron_bars 101 net.minecraft.item.ItemBlock@17dc67d5 (req. id 101)
[20:08:02] [main/DEBUG] [FML/]: Found matching Block net.minecraft.block.BlockRail@454d6b61 for ItemBlock net.minecraft.item.ItemBlock@724dd30 at id 66, original id requested: 66
[20:08:02] [main/TRACE] [FML/]: Registry add: minecraft:rail 66 net.minecraft.item.ItemBlock@724dd30 (req. id 66)
[20:08:02] [main/DEBUG] [FML/]: Found matching Block net.minecraft.block.BlockSilverfish@313e6479 for ItemBlock net.minecraft.item.ItemMultiTexture@5357dfa at id 97, original id requested: 97
[20:08:02] [main/TRACE] [FML/]: Registry add: minecraft:monster_egg 97 net.minecraft.item.ItemMultiTexture@5357dfa (req. id 97)
[20:08:02] [main/DEBUG] [FML/]: Found matching Block net.minecraft.block.BlockMobSpawner@600a281c for ItemBlock net.minecraft.item.ItemBlock@7ae1aac1 at id 52, original id requested: 52
[20:08:02] [main/TRACE] [FML/]: Registry add: minecraft:mob_spawner 52 net.minecraft.item.ItemBlock@7ae1aac1 (req. id 52)
[20:08:02] [main/DEBUG] [FML/]: Found matching Block net.minecraft.block.BlockWoodSlab@7c06d18e for ItemBlock net.minecraft.item.ItemSlab@7591a3ed at id 126, original id requested: 126
[20:08:02] [main/TRACE] [FML/]: Registry add: minecraft:wooden_slab 126 net.minecraft.item.ItemSlab@7591a3ed (req. id 126)
[20:08:02] [main/DEBUG] [FML/]: Found matching Block net.minecraft.block.BlockWall@78e30860 for ItemBlock net.minecraft.item.ItemMultiTexture@2ca158e8 at id 139, original id requested: 139
[20:08:02] [main/TRACE] [FML/]: Registry add: minecraft:cobblestone_wall 139 net.minecraft.item.ItemMultiTexture@2ca158e8 (req. id 139)
[20:08:02] [main/DEBUG] [FML/]: Found matching Block net.minecraft.block.BlockLadder@6c2d7c84 for ItemBlock net.minecraft.item.ItemBlock@14d3fe3c at id 65, original id requested: 65
[20:08:02] [main/TRACE] [FML/]: Registry add: minecraft:ladder 65 net.minecraft.item.ItemBlock@14d3fe3c (req. id 65)
[20:08:02] [main/DEBUG] [FML/]: Found matching Block net.minecraft.block.Block@33d8a512 for ItemBlock net.minecraft.item.ItemBlock@69d81fd2 at id 121, original id requested: 121
[20:08:02] [main/TRACE] [FML/]: Registry add: minecraft:end_stone 121 net.minecraft.item.ItemBlock@69d81fd2 (req. id 121)
