[17:39:55] [main/INFO]: Setting user: Player849
[17:39:57] [Client thread/INFO]: LWJGL Version: 2.9.1
[17:40:06] [Client thread/INFO]: Reloading ResourceManager: Default, FMLFileResourcePack:Forge Mod Loader, FMLFileResourcePack:Minecraft Forge, FMLFileResourcePack:Sandbox mod
[17:40:08] [Sound Library Loader/INFO]: Sound engine started
[17:40:09] [Client thread/INFO]: Created: 512x256 textures/blocks-atlas
[17:40:09] [Client thread/INFO]: Created: 256x256 textures/items-atlas
[17:40:10] [Client thread/INFO]: Reloading ResourceManager: Default, FMLFileResourcePack:Forge Mod Loader, FMLFileResourcePack:Minecraft Forge, FMLFileResourcePack:Sandbox mod
[17:40:10] [Client thread/INFO]: Created: 256x256 textures/items-atlas
[17:40:10] [Client thread/INFO]: Created: 512x256 textures/blocks-atlas
[17:40:11] [Sound Library Loader/INFO]: Sound engine started
[17:40:11] [Client thread/ERROR]: ########## GL ERROR ##########
[17:40:11] [Client thread/ERROR]: @ Post startup
[17:40:11] [Client thread/ERROR]: 1281: Invalid value
[17:40:19] [Server thread/INFO]: Starting integrated minecraft server version 1.7.10
[17:40:19] [Server thread/INFO]: Generating keypair
[17:40:19] [Server thread/INFO]: Converting map!
[17:40:19] [Server thread/INFO]: Scanning folders...
[17:40:19] [Server thread/INFO]: Total conversion count is 0
[17:40:23] [Server thread/INFO]: Preparing start region for level 0
[17:40:26] [Server thread/INFO]: Preparing spawn area: 32%
[17:40:26] [Server thread/INFO]: Changing view distance to 9, from 10
[17:40:26] [Server thread/INFO]: Player849[local:E:3e2e179f] logged in with entity id 32 at (-866.5, 4.0, 1727.5)
[17:40:26] [Server thread/INFO]: Player849 joined the game
[17:40:29] [Server thread/INFO]: Player849 has just earned the achievement [Taking Inventory]
[17:40:29] [Client thread/INFO]: [CHAT] Player849 has just earned the achievement [Taking Inventory]
[17:41:21] [Client thread/INFO]: [CHAT] Your game mode has been updated
[17:41:21] [Server thread/INFO]: [Player849: Set own game mode to Survival Mode]
[17:41:42] [Server thread/INFO]: [Player849: Set own game mode to Creative Mode]
[17:41:42] [Client thread/INFO]: [CHAT] Your game mode has been updated
[17:41:56] [Server thread/INFO]: [Player849: Set own game mode to Survival Mode]
[17:41:56] [Client thread/INFO]: [CHAT] Your game mode has been updated
[17:43:02] [Server thread/INFO]: Saving and pausing game...
[17:43:02] [Server thread/INFO]: Saving chunks for level 'New World'/Overworld
[17:43:02] [Server thread/INFO]: Saving chunks for level 'New World'/Nether
[17:43:02] [Server thread/INFO]: Saving chunks for level 'New World'/The End
[17:43:03] [Server thread/INFO]: Stopping server
[17:43:03] [Server thread/INFO]: Saving players
[17:43:03] [Server thread/INFO]: Saving worlds
[17:43:03] [Server thread/INFO]: Saving chunks for level 'New World'/Overworld
[17:43:03] [Server thread/INFO]: Saving chunks for level 'New World'/Nether
[17:43:03] [Server thread/INFO]: Saving chunks for level 'New World'/The End
[17:43:04] [Client thread/INFO]: Stopping!
