#
# A fatal error has been detected by the Java Runtime Environment:
#
#  SIGSEGV (0xb) at pc=0x0000000000000000, pid=2230, tid=53519
#
# JRE version: Java(TM) SE Runtime Environment (7.0_60-b19) (build 1.7.0_60-b19)
# Java VM: Java HotSpot(TM) 64-Bit Server VM (24.60-b09 mixed mode bsd-amd64 compressed oops)
# Problematic frame:
# C  0x0000000000000000
#
# Failed to write core dump. Core dumps have been disabled. To enable core dumping, try "ulimit -c unlimited" before starting Java again
#
# If you would like to submit a bug report, please visit:
#   http://bugreport.sun.com/bugreport/crash.jsp
#

---------------  T H R E A D  ---------------

Current thread is native thread

siginfo:si_signo=SIGSEGV: si_errno=0, si_code=1 (SEGV_MAPERR), si_addr=0x0000000000000000

Registers:
RAX=0x000000011c904508, RBX=0x00000000000161b0, RCX=0x0000000000000010, RDX=0xfffffffffffffff0
RSP=0x00000001207c6a18, RBP=0x00000001207c6ac0, RSI=0x0000000000000000, RDI=0x00007fd7288cb000
R8 =0x0000000000000200, R9 =0x00007fd72443bf30, R10=0x00000001218d405c, R11=0x000000000001ae40
R12=0x00007fd72443bf30, R13=0x00007fd7288cb000, R14=0x0000000000000200, R15=0x0000000000000800
RIP=0x0000000000000000, EFLAGS=0x0000000000010246, ERR=0x0000000000000014
  TRAPNO=0x000000000000000e

Top of Stack: (sp=0x00000001207c6a18)
0x00000001207c6a18:   000000011c8d6639 00000001207c6c69
0x00000001207c6a28:   0000001500000000 00007fd7288d31b0
0x00000001207c6a38:   0000000118726010 00007fd7288d11b0
0x00000001207c6a48:   0000020000000000 0000000000000000
0x00000001207c6a58:   0000000000000800 0000000000000200
0x00000001207c6a68:   00007fd7288cf1b0 00007fd7288cb000
0x00000001207c6a78:   0000020000000000 00007fd7244210f8
0x00000001207c6a88:   000000000000037f 9c00c5f4c81403f4
0x00000001207c6a98:   00007fd72451fad8 00007fd72443bf30
0x00000001207c6aa8:   00007fd7244210f0 0000000000000200
0x00000001207c6ab8:   00007fd72451fa60 00000001207c6ad0
0x00000001207c6ac8:   000000011c8e62ef 00000001207c6b40
0x00000001207c6ad8:   00000001218d1230 00007fd7234547f8
0x00000001207c6ae8:   00007fd723454600 00007fd72451fad8
0x00000001207c6af8:   0000000089a668f3 00000001207c6c90
0x00000001207c6b08:   00000001207c6c88 0000020000000000
0x00000001207c6b18:   00000001207c6c88 00007fd7245190e0
0x00000001207c6b28:   00007fd723454600 00007fd72451f9c0
0x00000001207c6b38:   0000000000000200 00000001207c6b90
0x00000001207c6b48:   00000001218cec61 00000001207c6bd0
0x00000001207c6b58:   00000001207c6c90 0000000023454828
0x00000001207c6b68:   00007fd723454600 0000000000000000
0x00000001207c6b78:   00007fd72451f9c0 00000000ffffffce
0x00000001207c6b88:   0000000000000200 00000001207c6c00
0x00000001207c6b98:   00000001218cd515 00007fd72451f9c0
0x00000001207c6ba8:   00001fa0187240e0 00000001207c6c88
0x00000001207c6bb8:   00007fd7245190e0 00007fd723454600
0x00000001207c6bc8:   00000001207c6c90 00009fe000000000
0x00000001207c6bd8:   5472656200000007 00007fd723454600
0x00000001207c6be8:   0000000000000000 00007fd72451f9c0
0x00000001207c6bf8:   0000000118724060 00000001207c6d00
0x00000001207c6c08:   00000001218d4878 00007fd72450b3a8 

Instructions: (pc=0x0000000000000000)
0xffffffffffffffe0:   

Register to memory mapping:

RAX=
[error occurred during error reporting (printing register info), id 0xb]

Stack: [0x0000000120747000,0x00000001207c7000],  sp=0x00000001207c6a18,  free space=510k

---------------  P R O C E S S  ---------------

VM state:at safepoint (shutting down)

VM Mutex/Monitor currently owned by a thread:  ([mutex/lock_event])
[0x00007fd7207020a0] Threads_lock - owner thread: 0x00007fd72206e000

Heap
 par new generation   total 306688K, used 58118K [0x00000007bae00000, 0x00000007cfac0000, 0x00000007cfac0000)
  eden space 272640K,  16% used [0x00000007bae00000, 0x00000007bda881e0, 0x00000007cb840000)
  from space 34048K,  36% used [0x00000007cb840000, 0x00000007cc4797f0, 0x00000007cd980000)
  to   space 34048K,   0% used [0x00000007cd980000, 0x00000007cd980000, 0x00000007cfac0000)
 concurrent mark-sweep generation total 707840K, used 86932K [0x00000007cfac0000, 0x00000007fae00000, 0x00000007fae00000)
 concurrent-mark-sweep perm gen total 63156K, used 38060K [0x00000007fae00000, 0x00000007febad000, 0x0000000800000000)

Card table byte_map: [0x0000000113f2b000,0x0000000114155000] byte_map_base: 0x0000000110154000

Polling page: 0x000000010f764000

Code Cache  [0x0000000110a5f000, 0x000000011129f000, 0x0000000113a5f000)
 total_blobs=3307 nmethods=2527 adapters=731 free_code_cache=40873Kb largest_free_block=41729408

Compilation events (10 events):
Event: 463.415 Thread 0x00007fd722073000 2832             java.nio.FloatBuffer::put (9 bytes)
Event: 463.418 Thread 0x00007fd722073000 nmethod 2832 0x000000011126e190 code [0x000000011126e2e0, 0x000000011126e488]
Event: 464.145 Thread 0x00007fd722072800 2833             net.minecraft.server.integrated.IntegratedServer::getPublic (5 bytes)
Event: 464.145 Thread 0x00007fd722072800 nmethod 2833 0x000000011126d1d0 code [0x000000011126d300, 0x000000011126d358]
Event: 547.233 Thread 0x00007fd722073000 2835 % !         net.minecraft.server.MinecraftServer::run @ 63 (788 bytes)
Event: 547.262 Thread 0x00007fd722073000 nmethod 2835% 0x0000000111289690 code [0x0000000111289a20, 0x000000011128a608]
Event: 573.701 Thread 0x00007fd722072800 2836             net.minecraft.world.World::joinEntityInSurroundings (121 bytes)
Event: 573.715 Thread 0x00007fd722072800 nmethod 2836 0x0000000111275d50 code [0x0000000111275f60, 0x00000001112767a8]
Event: 684.063 Thread 0x00007fd722073000 2837             net.minecraft.client.gui.GuiScreen::handleInput (39 bytes)
Event: 684.121 Thread 0x00007fd722073000 nmethod 2837 0x000000011128f490 code [0x000000011128f8e0, 0x00000001112919a0]

GC Heap History (10 events):
Event: 207.265 GC heap before
{Heap before GC invocations=21 (full 11):
 par new generation   total 306688K, used 278975K [0x00000007bae00000, 0x00000007cfac0000, 0x00000007cfac0000)
  eden space 272640K, 100% used [0x00000007bae00000, 0x00000007cb840000, 0x00000007cb840000)
  from space 34048K,  18% used [0x00000007cd980000, 0x00000007cdfafe40, 0x00000007cfac0000)
  to   space 34048K,   0% used [0x00000007cb840000, 0x00000007cb840000, 0x00000007cd980000)
 concurrent mark-sweep generation total 707840K, used 86419K [0x00000007cfac0000, 0x00000007fae00000, 0x00000007fae00000)
 concurrent-mark-sweep perm gen total 63156K, used 37993K [0x00000007fae00000, 0x00000007febad000, 0x0000000800000000)
Event: 207.272 GC heap after
Heap after GC invocations=22 (full 11):
 par new generation   total 306688K, used 9768K [0x00000007bae00000, 0x00000007cfac0000, 0x00000007cfac0000)
  eden space 272640K,   0% used [0x00000007bae00000, 0x00000007bae00000, 0x00000007cb840000)
  from space 34048K,  28% used [0x00000007cb840000, 0x00000007cc1ca190, 0x00000007cd980000)
  to   space 34048K,   0% used [0x00000007cd980000, 0x00000007cd980000, 0x00000007cfac0000)
 concurrent mark-sweep generation total 707840K, used 86581K [0x00000007cfac0000, 0x00000007fae00000, 0x00000007fae00000)
 concurrent-mark-sweep perm gen total 63156K, used 37993K [0x00000007fae00000, 0x00000007febad000, 0x0000000800000000)
}
Event: 211.246 GC heap before
{Heap before GC invocations=22 (full 11):
 par new generation   total 306688K, used 282408K [0x00000007bae00000, 0x00000007cfac0000, 0x00000007cfac0000)
  eden space 272640K, 100% used [0x00000007bae00000, 0x00000007cb840000, 0x00000007cb840000)
  from space 34048K,  28% used [0x00000007cb840000, 0x00000007cc1ca190, 0x00000007cd980000)
  to   space 34048K,   0% used [0x00000007cd980000, 0x00000007cd980000, 0x00000007cfac0000)
 concurrent mark-sweep generation total 707840K, used 86581K [0x00000007cfac0000, 0x00000007fae00000, 0x00000007fae00000)
 concurrent-mark-sweep perm gen total 63156K, used 38000K [0x00000007fae00000, 0x00000007febad000, 0x0000000800000000)
Event: 211.254 GC heap after
Heap after GC invocations=23 (full 11):
 par new generation   total 306688K, used 11053K [0x00000007bae00000, 0x00000007cfac0000, 0x00000007cfac0000)
  eden space 272640K,   0% used [0x00000007bae00000, 0x00000007bae00000, 0x00000007cb840000)
  from space 34048K,  32% used [0x00000007cd980000, 0x00000007ce44b740, 0x00000007cfac0000)
  to   space 34048K,   0% used [0x00000007cb840000, 0x00000007cb840000, 0x00000007cd980000)
 concurrent mark-sweep generation total 707840K, used 86639K [0x00000007cfac0000, 0x00000007fae00000, 0x00000007fae00000)
 concurrent-mark-sweep perm gen total 63156K, used 38000K [0x00000007fae00000, 0x00000007febad000, 0x0000000800000000)
}
Event: 212.177 GC heap before
{Heap before GC invocations=23 (full 11):
 par new generation   total 306688K, used 283693K [0x00000007bae00000, 0x00000007cfac0000, 0x00000007cfac0000)
  eden space 272640K, 100% used [0x00000007bae00000, 0x00000007cb840000, 0x00000007cb840000)
  from space 34048K,  32% used [0x00000007cd980000, 0x00000007ce44b740, 0x00000007cfac0000)
  to   space 34048K,   0% used [0x00000007cb840000, 0x00000007cb840000, 0x00000007cd980000)
 concurrent mark-sweep generation total 707840K, used 86639K [0x00000007cfac0000, 0x00000007fae00000, 0x00000007fae00000)
 concurrent-mark-sweep perm gen total 63156K, used 38000K [0x00000007fae00000, 0x00000007febad000, 0x0000000800000000)
Event: 212.184 GC heap after
Heap after GC invocations=24 (full 11):
 par new generation   total 306688K, used 12951K [0x00000007bae00000, 0x00000007cfac0000, 0x00000007cfac0000)
  eden space 272640K,   0% used [0x00000007bae00000, 0x00000007bae00000, 0x00000007cb840000)
  from space 34048K,  38% used [0x00000007cb840000, 0x00000007cc4e5f40, 0x00000007cd980000)
  to   space 34048K,   0% used [0x00000007cd980000, 0x00000007cd980000, 0x00000007cfac0000)
 concurrent mark-sweep generation total 707840K, used 86640K [0x00000007cfac0000, 0x00000007fae00000, 0x00000007fae00000)
 concurrent-mark-sweep perm gen total 63156K, used 38000K [0x00000007fae00000, 0x00000007febad000, 0x0000000800000000)
}
Event: 223.996 GC heap before
{Heap before GC invocations=24 (full 11):
 par new generation   total 306688K, used 285591K [0x00000007bae00000, 0x00000007cfac0000, 0x00000007cfac0000)
  eden space 272640K, 100% used [0x00000007bae00000, 0x00000007cb840000, 0x00000007cb840000)
  from space 34048K,  38% used [0x00000007cb840000, 0x00000007cc4e5f40, 0x00000007cd980000)
  to   space 34048K,   0% used [0x00000007cd980000, 0x00000007cd980000, 0x00000007cfac0000)
 concurrent mark-sweep generation total 707840K, used 86640K [0x00000007cfac0000, 0x00000007fae00000, 0x00000007fae00000)
 concurrent-mark-sweep perm gen total 63156K, used 38004K [0x00000007fae00000, 0x00000007febad000, 0x0000000800000000)
Event: 224.004 GC heap after
Heap after GC invocations=25 (full 11):
 par new generation   total 306688K, used 12105K [0x00000007bae00000, 0x00000007cfac0000, 0x00000007cfac0000)
  eden space 272640K,   0% used [0x00000007bae00000, 0x00000007bae00000, 0x00000007cb840000)
  from space 34048K,  35% used [0x00000007cd980000, 0x00000007ce552790, 0x00000007cfac0000)
  to   space 34048K,   0% used [0x00000007cb840000, 0x00000007cb840000, 0x00000007cd980000)
 concurrent mark-sweep generation total 707840K, used 86882K [0x00000007cfac0000, 0x00000007fae00000, 0x00000007fae00000)
 concurrent-mark-sweep perm gen total 63156K, used 38004K [0x00000007fae00000, 0x00000007febad000, 0x0000000800000000)
}
Event: 637.269 GC heap before
{Heap before GC invocations=25 (full 11):
 par new generation   total 306688K, used 284745K [0x00000007bae00000, 0x00000007cfac0000, 0x00000007cfac0000)
  eden space 272640K, 100% used [0x00000007bae00000, 0x00000007cb840000, 0x00000007cb840000)
  from space 34048K,  35% used [0x00000007cd980000, 0x00000007ce552790, 0x00000007cfac0000)
  to   space 34048K,   0% used [0x00000007cb840000, 0x00000007cb840000, 0x00000007cd980000)
 concurrent mark-sweep generation total 707840K, used 86882K [0x00000007cfac0000, 0x00000007fae00000, 0x00000007fae00000)
 concurrent-mark-sweep perm gen total 63156K, used 38023K [0x00000007fae00000, 0x00000007febad000, 0x0000000800000000)
Event: 637.352 GC heap after
Heap after GC invocations=26 (full 11):
 par new generation   total 306688K, used 12517K [0x00000007bae00000, 0x00000007cfac0000, 0x00000007cfac0000)
  eden space 272640K,   0% used [0x00000007bae00000, 0x00000007bae00000, 0x00000007cb840000)
  from space 34048K,  36% used [0x00000007cb840000, 0x00000007cc4797f0, 0x00000007cd980000)
  to   space 34048K,   0% used [0x00000007cd980000, 0x00000007cd980000, 0x00000007cfac0000)
 concurrent mark-sweep generation total 707840K, used 86932K [0x00000007cfac0000, 0x00000007fae00000, 0x00000007fae00000)
 concurrent-mark-sweep perm gen total 63156K, used 38023K [0x00000007fae00000, 0x00000007febad000, 0x0000000800000000)
}

Deoptimization events (10 events):
Event: 702.543 Thread 0x00007fd7279c7800 Uncommon trap: reason=bimorphic action=maybe_recompile pc=0x0000000110e86a4c method=io.netty.channel.DefaultChannelHandlerContext.executor()Lio/netty/util/concurrent/EventExecutor; @ 11
Event: 702.655 Thread 0x00007fd728052000 Uncommon trap: reason=unreached action=reinterpret pc=0x0000000110f7e7a8 method=io.netty.util.concurrent.SingleThreadEventExecutor.execute(Ljava/lang/Runnable;)V @ 20
Event: 702.693 Thread 0x00007fd728052000 Uncommon trap: reason=bimorphic action=maybe_recompile pc=0x0000000110e86a4c method=io.netty.channel.DefaultChannelHandlerContext.executor()Lio/netty/util/concurrent/EventExecutor; @ 11
Event: 702.693 Thread 0x00007fd728052000 Uncommon trap: reason=bimorphic action=maybe_recompile pc=0x0000000110e86a4c method=io.netty.channel.DefaultChannelHandlerContext.executor()Lio/netty/util/concurrent/EventExecutor; @ 11
Event: 702.697 Thread 0x00007fd7267f7800 Uncommon trap: reason=class_check action=maybe_recompile pc=0x0000000110d690d8 method=io.netty.util.concurrent.DefaultPromise.notifyListener0(Lio/netty/util/concurrent/Future;Lio/netty/util/concurrent/GenericFutureListener;)V @ 2
Event: 702.697 Thread 0x00007fd72813c000 Uncommon trap: reason=bimorphic action=maybe_recompile pc=0x0000000110fd5b94 method=net.minecraft.network.NetworkManager.channelRead0(Lio/netty/channel/ChannelHandlerContext;Lnet/minecraft/network/Packet;)V @ 24
Event: 702.700 Thread 0x00007fd7267f7800 Uncommon trap: reason=null_check action=make_not_entrant pc=0x0000000110fc55e0 method=io.netty.util.DefaultAttributeMap.attr(Lio/netty/util/AttributeKey;)Lio/netty/util/Attribute; @ 46
Event: 702.700 Thread 0x00007fd72813c000 Uncommon trap: reason=null_check action=make_not_entrant pc=0x0000000110fc55e0 method=io.netty.util.DefaultAttributeMap.attr(Lio/netty/util/AttributeKey;)Lio/netty/util/Attribute; @ 46
Event: 702.932 Thread 0x00007fd728804000 Uncommon trap: reason=range_check action=make_not_entrant pc=0x0000000111289c78 method=net.minecraft.server.MinecraftServer.run()V @ 182
Event: 702.962 Thread 0x00007fd728804000 Uncommon trap: reason=unreached action=reinterpret pc=0x00000001111446a0 method=java.util.Formatter$FormatSpecifier.precision(Ljava/lang/String;)I @ 6

Internal exceptions (10 events):
Event: 702.888 Thread 0x00007fd721a8e800 Threw 0x00000007bcb9e878 at /HUDSON/workspace/7u-2-build-macosx-x86_64/jdk7u60/1081/hotspot/src/share/vm/prims/jvm.cpp:2965
Event: 702.889 Thread 0x00007fd7279c7800 Threw 0x00000007bd587a80 at /HUDSON/workspace/7u-2-build-macosx-x86_64/jdk7u60/1081/hotspot/src/share/vm/prims/jvm.cpp:1244
Event: 702.890 Thread 0x00007fd7279c7800 Threw 0x00000007bd5f6468 at /HUDSON/workspace/7u-2-build-macosx-x86_64/jdk7u60/1081/hotspot/src/share/vm/prims/jvm.cpp:1244
Event: 702.891 Thread 0x00007fd7279c7800 Threw 0x00000007bd601948 at /HUDSON/workspace/7u-2-build-macosx-x86_64/jdk7u60/1081/hotspot/src/share/vm/prims/jvm.cpp:1244
Event: 702.904 Thread 0x00007fd721a8e800 Threw 0x00000007bcb9ea10 at /HUDSON/workspace/7u-2-build-macosx-x86_64/jdk7u60/1081/hotspot/src/share/vm/prims/jvm.cpp:2965
Event: 702.930 Thread 0x00007fd721a8e800 Threw 0x00000007bcb9ebd0 at /HUDSON/workspace/7u-2-build-macosx-x86_64/jdk7u60/1081/hotspot/src/share/vm/prims/jvm.cpp:2965
Event: 702.953 Thread 0x00007fd721a8e800 Threw 0x00000007bcb9ed90 at /HUDSON/workspace/7u-2-build-macosx-x86_64/jdk7u60/1081/hotspot/src/share/vm/prims/jvm.cpp:2965
Event: 702.955 Thread 0x00007fd728804000 Threw 0x00000007bd6b3e78 at /HUDSON/workspace/7u-2-build-macosx-x86_64/jdk7u60/1081/hotspot/src/share/vm/interpreter/interpreterRuntime.cpp:347
Event: 702.976 Thread 0x00007fd721a8e800 Threw 0x00000007bcb9ef50 at /HUDSON/workspace/7u-2-build-macosx-x86_64/jdk7u60/1081/hotspot/src/share/vm/prims/jvm.cpp:2965
Event: 702.991 Thread 0x00007fd721a8e800 Threw 0x00000007bcb9f110 at /HUDSON/workspace/7u-2-build-macosx-x86_64/jdk7u60/1081/hotspot/src/share/vm/prims/jvm.cpp:2965

Events (10 events):
Event: 702.932 Thread 0x00007fd728804000 DEOPT UNPACKING pc=0x0000000110a98045 sp=0x0000000122c398f0 mode 2
Event: 702.958 loading class 0x00007fd72049a790
Event: 702.958 loading class 0x00007fd72049a790 done
Event: 702.960 loading class 0x00007fd72049a710
Event: 702.960 loading class 0x00007fd72049a710 done
Event: 702.962 Thread 0x00007fd728804000 Uncommon trap: trap_request=0xffffffad fr.pc=0x00000001111446a0
Event: 702.962 Thread 0x00007fd728804000 DEOPT PACKING pc=0x00000001111446a0 sp=0x0000000122c39360
Event: 702.962 Thread 0x00007fd728804000 DEOPT UNPACKING pc=0x0000000110a98045 sp=0x0000000122c39268 mode 2
Event: 702.963 loading class 0x00007fd72216ad30
Event: 703.017 Executing VM operation: Exit


Dynamic libraries:
0x00000000072a7000 	/System/Library/Frameworks/Cocoa.framework/Versions/A/Cocoa
0x00000000072a7000 	/System/Library/Frameworks/Security.framework/Versions/A/Security
0x00000000072a7000 	/System/Library/Frameworks/ApplicationServices.framework/Versions/A/ApplicationServices
0x00000000072a7000 	/usr/lib/libz.1.dylib
0x00000000072a7000 	/usr/lib/libSystem.B.dylib
0x00000000072a7000 	/usr/lib/libobjc.A.dylib
0x00000000072a7000 	/System/Library/Frameworks/CoreFoundation.framework/Versions/A/CoreFoundation
0x00000000072a7000 	/System/Library/Frameworks/Foundation.framework/Versions/C/Foundation
0x00000000072a7000 	/System/Library/Frameworks/AppKit.framework/Versions/C/AppKit
0x00000000072a7000 	/System/Library/Frameworks/CoreData.framework/Versions/A/CoreData
0x00000000072a7000 	/System/Library/PrivateFrameworks/RemoteViewServices.framework/Versions/A/RemoteViewServices
0x00000000072a7000 	/System/Library/Frameworks/AudioToolbox.framework/Versions/A/AudioToolbox
0x00000000072a7000 	/System/Library/Frameworks/AudioUnit.framework/Versions/A/AudioUnit
0x00000000072a7000 	/System/Library/PrivateFrameworks/DataDetectorsCore.framework/Versions/A/DataDetectorsCore
0x00000000072a7000 	/System/Library/PrivateFrameworks/DesktopServicesPriv.framework/Versions/A/DesktopServicesPriv
0x00000000072a7000 	/System/Library/Frameworks/Carbon.framework/Versions/A/Frameworks/HIToolbox.framework/Versions/A/HIToolbox
0x00000000072a7000 	/System/Library/Frameworks/QuartzCore.framework/Versions/A/QuartzCore
0x00000000072a7000 	/System/Library/Frameworks/Carbon.framework/Versions/A/Frameworks/SpeechRecognition.framework/Versions/A/SpeechRecognition
0x00000000072a7000 	/usr/lib/libauto.dylib
0x00000000072a7000 	/usr/lib/libicucore.A.dylib
0x00000000072a7000 	/usr/lib/libxml2.2.dylib
0x00000000072a7000 	/System/Library/PrivateFrameworks/CoreUI.framework/Versions/A/CoreUI
0x00000000072a7000 	/System/Library/Frameworks/CoreAudio.framework/Versions/A/CoreAudio
0x00000000072a7000 	/System/Library/Frameworks/DiskArbitration.framework/Versions/A/DiskArbitration
0x00000000072a7000 	/usr/lib/liblangid.dylib
0x00000000072a7000 	/System/Library/PrivateFrameworks/MultitouchSupport.framework/Versions/A/MultitouchSupport
0x00000000072a7000 	/System/Library/Frameworks/IOKit.framework/Versions/A/IOKit
0x00000000072a7000 	/usr/lib/libDiagnosticMessagesClient.dylib
0x00000000072a7000 	/System/Library/Frameworks/CoreServices.framework/Versions/A/CoreServices
0x00000000072a7000 	/System/Library/PrivateFrameworks/PerformanceAnalysis.framework/Versions/A/PerformanceAnalysis
0x00000000072a7000 	/System/Library/PrivateFrameworks/GenerationalStorage.framework/Versions/A/GenerationalStorage
0x00000000072a7000 	/System/Library/Frameworks/OpenGL.framework/Versions/A/OpenGL
0x00000000072a7000 	/System/Library/PrivateFrameworks/Sharing.framework/Versions/A/Sharing
0x00000000072a7000 	/System/Library/Frameworks/ImageIO.framework/Versions/A/ImageIO
0x00000000072a7000 	/System/Library/Frameworks/CoreText.framework/Versions/A/CoreText
0x00000000072a7000 	/System/Library/Frameworks/CoreGraphics.framework/Versions/A/CoreGraphics
0x00000000072a7000 	/System/Library/PrivateFrameworks/Backup.framework/Versions/A/Backup
0x00000000072a7000 	/System/Library/Frameworks/CFNetwork.framework/Versions/A/CFNetwork
0x00000000072a7000 	/System/Library/Frameworks/SystemConfiguration.framework/Versions/A/SystemConfiguration
0x00000000072a7000 	/usr/lib/libCRFSuite.dylib
0x00000000072a7000 	/usr/lib/libc++.1.dylib
0x00000000072a7000 	/usr/lib/libc++abi.dylib
0x00000000072a7000 	/usr/lib/system/libcache.dylib
0x00000000072a7000 	/usr/lib/system/libcommonCrypto.dylib
0x00000000072a7000 	/usr/lib/system/libcompiler_rt.dylib
0x00000000072a7000 	/usr/lib/system/libcopyfile.dylib
0x00000000072a7000 	/usr/lib/system/libcorecrypto.dylib
0x00000000072a7000 	/usr/lib/system/libdispatch.dylib
0x00000000072a7000 	/usr/lib/system/libdyld.dylib
0x00000000072a7000 	/usr/lib/system/libkeymgr.dylib
0x00000000072a7000 	/usr/lib/system/liblaunch.dylib
0x00000000072a7000 	/usr/lib/system/libmacho.dylib
0x00000000072a7000 	/usr/lib/system/libquarantine.dylib
0x00000000072a7000 	/usr/lib/system/libremovefile.dylib
0x00000000072a7000 	/usr/lib/system/libsystem_asl.dylib
0x00000000072a7000 	/usr/lib/system/libsystem_blocks.dylib
0x00000000072a7000 	/usr/lib/system/libsystem_c.dylib
0x00000000072a7000 	/usr/lib/system/libsystem_configuration.dylib
0x00000000072a7000 	/usr/lib/system/libsystem_dnssd.dylib
0x00000000072a7000 	/usr/lib/system/libsystem_info.dylib
0x00000000072a7000 	/usr/lib/system/libsystem_kernel.dylib
0x00000000072a7000 	/usr/lib/system/libsystem_m.dylib
0x00000000072a7000 	/usr/lib/system/libsystem_malloc.dylib
0x00000000072a7000 	/usr/lib/system/libsystem_network.dylib
0x00000000072a7000 	/usr/lib/system/libsystem_notify.dylib
0x00000000072a7000 	/usr/lib/system/libsystem_platform.dylib
0x00000000072a7000 	/usr/lib/system/libsystem_pthread.dylib
0x00000000072a7000 	/usr/lib/system/libsystem_sandbox.dylib
0x00000000072a7000 	/usr/lib/system/libsystem_stats.dylib
0x00000000072a7000 	/usr/lib/system/libunc.dylib
0x00000000072a7000 	/usr/lib/system/libunwind.dylib
0x00000000072a7000 	/usr/lib/system/libxpc.dylib
0x00000000072a7000 	/usr/lib/libbsm.0.dylib
0x00000000072a7000 	/usr/lib/libsqlite3.dylib
0x00000000072a7000 	/usr/lib/libxar.1.dylib
0x00000000072a7000 	/usr/lib/libpam.2.dylib
0x00000000072a7000 	/usr/lib/libOpenScriptingUtil.dylib
0x00000000072a7000 	/usr/lib/libbz2.1.0.dylib
0x00000000072a7000 	/System/Library/Frameworks/CoreServices.framework/Versions/A/Frameworks/CarbonCore.framework/Versions/A/CarbonCore
0x00000000072a7000 	/System/Library/Frameworks/CoreServices.framework/Versions/A/Frameworks/Metadata.framework/Versions/A/Metadata
0x00000000072a7000 	/System/Library/Frameworks/CoreServices.framework/Versions/A/Frameworks/OSServices.framework/Versions/A/OSServices
0x00000000072a7000 	/System/Library/Frameworks/CoreServices.framework/Versions/A/Frameworks/SearchKit.framework/Versions/A/SearchKit
0x00000000072a7000 	/System/Library/Frameworks/CoreServices.framework/Versions/A/Frameworks/AE.framework/Versions/A/AE
0x00000000072a7000 	/System/Library/Frameworks/CoreServices.framework/Versions/A/Frameworks/LaunchServices.framework/Versions/A/LaunchServices
0x00000000072a7000 	/System/Library/Frameworks/CoreServices.framework/Versions/A/Frameworks/DictionaryServices.framework/Versions/A/DictionaryServices
0x00000000072a7000 	/System/Library/Frameworks/NetFS.framework/Versions/A/NetFS
0x00000000072a7000 	/usr/lib/system/libkxld.dylib
0x00000000072a7000 	/System/Library/PrivateFrameworks/NetAuth.framework/Versions/A/NetAuth
0x00000000072a7000 	/System/Library/PrivateFrameworks/TCC.framework/Versions/A/TCC
0x00000000072a7000 	/System/Library/Frameworks/OpenDirectory.framework/Versions/A/Frameworks/CFOpenDirectory.framework/Versions/A/CFOpenDirectory
0x00000000072a7000 	/System/Library/Frameworks/ServiceManagement.framework/Versions/A/ServiceManagement
0x00000000072a7000 	/usr/lib/libxslt.1.dylib
0x00000000072a7000 	/System/Library/Frameworks/Carbon.framework/Versions/A/Frameworks/Ink.framework/Versions/A/Ink
0x00000000072a7000 	/System/Library/Frameworks/ApplicationServices.framework/Versions/A/Frameworks/ATS.framework/Versions/A/ATS
0x00000000072a7000 	/System/Library/Frameworks/ApplicationServices.framework/Versions/A/Frameworks/ColorSync.framework/Versions/A/ColorSync
0x00000000072a7000 	/System/Library/Frameworks/ApplicationServices.framework/Versions/A/Frameworks/HIServices.framework/Versions/A/HIServices
0x00000000072a7000 	/System/Library/Frameworks/ApplicationServices.framework/Versions/A/Frameworks/LangAnalysis.framework/Versions/A/LangAnalysis
0x00000000072a7000 	/System/Library/Frameworks/ApplicationServices.framework/Versions/A/Frameworks/PrintCore.framework/Versions/A/PrintCore
0x00000000072a7000 	/System/Library/Frameworks/ApplicationServices.framework/Versions/A/Frameworks/QD.framework/Versions/A/QD
0x00000000072a7000 	/System/Library/Frameworks/ApplicationServices.framework/Versions/A/Frameworks/SpeechSynthesis.framework/Versions/A/SpeechSynthesis
0x00000000072a7000 	/System/Library/Frameworks/IOSurface.framework/Versions/A/IOSurface
0x00000000072a7000 	/System/Library/Frameworks/Accelerate.framework/Versions/A/Accelerate
0x00000000072a7000 	/System/Library/Frameworks/Accelerate.framework/Versions/A/Frameworks/vImage.framework/Versions/A/vImage
0x00000000072a7000 	/System/Library/Frameworks/Accelerate.framework/Versions/A/Frameworks/vecLib.framework/Versions/A/vecLib
0x00000000072a7000 	/System/Library/Frameworks/Accelerate.framework/Versions/A/Frameworks/vecLib.framework/Versions/A/libvDSP.dylib
0x00000000072a7000 	/System/Library/Frameworks/Accelerate.framework/Versions/A/Frameworks/vecLib.framework/Versions/A/libvMisc.dylib
0x00000000072a7000 	/System/Library/Frameworks/Accelerate.framework/Versions/A/Frameworks/vecLib.framework/Versions/A/libLAPACK.dylib
0x00000000072a7000 	/System/Library/Frameworks/Accelerate.framework/Versions/A/Frameworks/vecLib.framework/Versions/A/libBLAS.dylib
0x00000000072a7000 	/System/Library/Frameworks/ApplicationServices.framework/Versions/A/Frameworks/ATS.framework/Versions/A/Resources/libFontParser.dylib
0x00000000072a7000 	/System/Library/Frameworks/ApplicationServices.framework/Versions/A/Frameworks/ATS.framework/Versions/A/Resources/libFontRegistry.dylib
0x00000000072a7000 	/System/Library/Frameworks/ImageIO.framework/Versions/A/Resources/libJPEG.dylib
0x00000000072a7000 	/System/Library/Frameworks/ImageIO.framework/Versions/A/Resources/libTIFF.dylib
0x00000000072a7000 	/System/Library/Frameworks/ImageIO.framework/Versions/A/Resources/libPng.dylib
0x00000000072a7000 	/System/Library/Frameworks/ImageIO.framework/Versions/A/Resources/libGIF.dylib
0x00000000072a7000 	/System/Library/Frameworks/ImageIO.framework/Versions/A/Resources/libJP2.dylib
0x00000000072a7000 	/System/Library/Frameworks/ImageIO.framework/Versions/A/Resources/libRadiance.dylib
0x00000000072a7000 	/usr/lib/libcups.2.dylib
0x00000000072a7000 	/System/Library/Frameworks/Kerberos.framework/Versions/A/Kerberos
0x00000000072a7000 	/System/Library/Frameworks/GSS.framework/Versions/A/GSS
0x00000000072a7000 	/usr/lib/libresolv.9.dylib
0x00000000072a7000 	/usr/lib/libiconv.2.dylib
0x00000000072a7000 	/System/Library/PrivateFrameworks/Heimdal.framework/Versions/A/Heimdal
0x00000000072a7000 	/System/Library/PrivateFrameworks/TrustEvaluationAgent.framework/Versions/A/TrustEvaluationAgent
0x00000000072a7000 	/usr/lib/libheimdal-asn1.dylib
0x00000000072a7000 	/System/Library/Frameworks/OpenDirectory.framework/Versions/A/OpenDirectory
0x00000000072a7000 	/System/Library/PrivateFrameworks/CommonAuth.framework/Versions/A/CommonAuth
0x00000000072a7000 	/System/Library/Frameworks/SecurityFoundation.framework/Versions/A/SecurityFoundation
0x00000000072a7000 	/System/Library/PrivateFrameworks/Bom.framework/Versions/A/Bom
0x00000000072a7000 	/System/Library/Frameworks/CoreVideo.framework/Versions/A/CoreVideo
0x00000000072a7000 	/System/Library/Frameworks/QuartzCore.framework/Versions/A/Frameworks/CoreImage.framework/Versions/A/CoreImage
0x00000000072a7000 	/System/Library/Frameworks/QuartzCore.framework/Versions/A/Frameworks/ScalableUserInterface.framework/Versions/A/ScalableUserInterface
0x00000000072a7000 	/System/Library/Frameworks/OpenGL.framework/Versions/A/Libraries/libGLU.dylib
0x00000000072a7000 	/System/Library/Frameworks/OpenGL.framework/Versions/A/Libraries/libGFXShared.dylib
0x00000000072a7000 	/System/Library/Frameworks/OpenGL.framework/Versions/A/Libraries/libGL.dylib
0x00000000072a7000 	/System/Library/Frameworks/OpenGL.framework/Versions/A/Libraries/libGLImage.dylib
0x00000000072a7000 	/System/Library/Frameworks/OpenGL.framework/Versions/A/Libraries/libCVMSPluginSupport.dylib
0x00000000072a7000 	/System/Library/Frameworks/OpenGL.framework/Versions/A/Libraries/libCoreVMClient.dylib
0x00000000072a7000 	/System/Library/PrivateFrameworks/FaceCore.framework/Versions/A/FaceCore
0x00000000072a7000 	/System/Library/PrivateFrameworks/CrashReporterSupport.framework/Versions/A/CrashReporterSupport
0x00000000072a7000 	/System/Library/Frameworks/OpenCL.framework/Versions/A/OpenCL
0x00000000072a7000 	/System/Library/PrivateFrameworks/AppleFSCompression.framework/Versions/A/AppleFSCompression
0x00000000072a7000 	/System/Library/PrivateFrameworks/Ubiquity.framework/Versions/A/Ubiquity
0x00000000072a7000 	/System/Library/PrivateFrameworks/IconServices.framework/Versions/A/IconServices
0x00000000072a7000 	/System/Library/PrivateFrameworks/ChunkingLibrary.framework/Versions/A/ChunkingLibrary
0x00000000072a7000 	/System/Library/PrivateFrameworks/CoreSymbolication.framework/Versions/A/CoreSymbolication
0x00000000072a7000 	/System/Library/PrivateFrameworks/Symbolication.framework/Versions/A/Symbolication
0x00000000072a7000 	/System/Library/PrivateFrameworks/DebugSymbols.framework/Versions/A/DebugSymbols
0x0000000110000000 	/Library/Java/JavaVirtualMachines/jdk1.7.0_60.jdk/Contents/Home/jre/lib/server/libjvm.dylib
0x00000000072a7000 	/usr/lib/libstdc++.6.dylib
0x000000010f727000 	/Library/Java/JavaVirtualMachines/jdk1.7.0_60.jdk/Contents/Home/jre/lib/libverify.dylib
0x000000010f734000 	/Library/Java/JavaVirtualMachines/jdk1.7.0_60.jdk/Contents/Home/jre/lib/libjava.dylib
0x000000010f76e000 	/Library/Java/JavaVirtualMachines/jdk1.7.0_60.jdk/Contents/Home/jre/lib/libzip.dylib
0x00000001186b3000 	/System/Library/Frameworks/JavaVM.framework/Frameworks/JavaRuntimeSupport.framework/JavaRuntimeSupport
0x00000001186cb000 	/System/Library/Frameworks/JavaVM.framework/Versions/A/Frameworks/JavaNativeFoundation.framework/Versions/A/JavaNativeFoundation
0x00000001186e0000 	/System/Library/Frameworks/JavaVM.framework/Versions/A/JavaVM
0x00000000072a7000 	/System/Library/Frameworks/Carbon.framework/Versions/A/Carbon
0x00000001186ed000 	/System/Library/PrivateFrameworks/JavaLaunching.framework/Versions/A/JavaLaunching
0x00000000072a7000 	/System/Library/Frameworks/Carbon.framework/Versions/A/Frameworks/CommonPanels.framework/Versions/A/CommonPanels
0x00000000072a7000 	/System/Library/Frameworks/Carbon.framework/Versions/A/Frameworks/Help.framework/Versions/A/Help
0x00000000072a7000 	/System/Library/Frameworks/Carbon.framework/Versions/A/Frameworks/ImageCapture.framework/Versions/A/ImageCapture
0x00000000072a7000 	/System/Library/Frameworks/Carbon.framework/Versions/A/Frameworks/OpenScripting.framework/Versions/A/OpenScripting
0x00000000072a7000 	/System/Library/Frameworks/Carbon.framework/Versions/A/Frameworks/Print.framework/Versions/A/Print
0x00000000072a7000 	/System/Library/Frameworks/Carbon.framework/Versions/A/Frameworks/SecurityHI.framework/Versions/A/SecurityHI
0x0000000119380000 	/Applications/IntelliJ IDEA 14 CE.app/Contents/bin/libbreakgen64.jnilib
0x0000000119486000 	/Library/Java/JavaVirtualMachines/jdk1.7.0_60.jdk/Contents/Home/jre/lib/libnet.dylib
0x0000000119624000 	/Library/Java/JavaVirtualMachines/jdk1.7.0_60.jdk/Contents/Home/jre/lib/libmanagement.dylib
0x000000011962c000 	/Library/Java/JavaVirtualMachines/jdk1.7.0_60.jdk/Contents/Home/jre/lib/libnio.dylib
0x00000001196f2000 	/Library/Java/JavaVirtualMachines/jdk1.7.0_60.jdk/Contents/Home/jre/lib/libawt.dylib
0x0000000119f34000 	/Library/Java/JavaVirtualMachines/jdk1.7.0_60.jdk/Contents/Home/jre/lib/./libmlib_image.dylib
0x000000011a000000 	/Library/Java/JavaVirtualMachines/jdk1.7.0_60.jdk/Contents/Home/jre/lib/lwawt/liblwawt.dylib
0x000000011952c000 	/Library/Java/JavaVirtualMachines/jdk1.7.0_60.jdk/Contents/Home/jre/lib/libosxapp.dylib
0x00000000072a7000 	/System/Library/Frameworks/ExceptionHandling.framework/Versions/A/ExceptionHandling
0x00000000072a7000 	/System/Library/PrivateFrameworks/CoreServicesInternal.framework/Versions/A/CoreServicesInternal
0x00000000072a7000 	/System/Library/PrivateFrameworks/Librarian.framework/Versions/A/Librarian
0x00000000072a7000 	/System/Library/Frameworks/CoreGraphics.framework/Versions/A/Resources/libCGCMS.A.dylib
0x00000000072a7000 	/System/Library/Frameworks/CoreGraphics.framework/Versions/A/Resources/libRIP.A.dylib
0x00000000072a7000 	/System/Library/Frameworks/CoreGraphics.framework/Versions/A/Resources/libCGXType.A.dylib
0x00000000072a7000 	/System/Library/PrivateFrameworks/FamilyControls.framework/Versions/A/FamilyControls
0x00000000072a7000 	/System/Library/PrivateFrameworks/CommerceKit.framework/Versions/A/Frameworks/CommerceCore.framework/Versions/A/CommerceCore
0x00000000072a7000 	/System/Library/PrivateFrameworks/SystemAdministration.framework/Versions/A/SystemAdministration
0x00000000072a7000 	/System/Library/Frameworks/DirectoryService.framework/Versions/A/DirectoryService
0x00000000072a7000 	/System/Library/PrivateFrameworks/DiskImages.framework/Versions/A/DiskImages
0x00000000072a7000 	/System/Library/PrivateFrameworks/LoginUIKit.framework/Versions/A/Frameworks/LoginUICore.framework/Versions/A/LoginUICore
0x00000000072a7000 	/usr/lib/libCoreStorage.dylib
0x00000000072a7000 	/usr/lib/libcsfde.dylib
0x00000000072a7000 	/usr/lib/libodfde.dylib
0x00000000072a7000 	/System/Library/Frameworks/DiscRecording.framework/Versions/A/DiscRecording
0x00000000072a7000 	/usr/lib/libcurl.4.dylib
0x00000000072a7000 	/System/Library/PrivateFrameworks/MediaKit.framework/Versions/A/MediaKit
0x00000000072a7000 	/System/Library/PrivateFrameworks/EFILogin.framework/Versions/A/EFILogin
0x00000000072a7000 	/usr/lib/libutil.dylib
0x00000000072a7000 	/System/Library/PrivateFrameworks/AOSNotification.framework/Versions/A/AOSNotification
0x00000000072a7000 	/System/Library/Frameworks/LDAP.framework/Versions/A/LDAP
0x00000000072a7000 	/usr/lib/libsasl2.2.dylib
0x00000000072a7000 	/usr/lib/libcrypto.0.9.8.dylib
0x00000000072a7000 	/usr/lib/libssl.0.9.8.dylib
0x00000001197a1000 	/Library/Java/JavaVirtualMachines/jdk1.7.0_60.jdk/Contents/Home/jre/lib/libfontmanager.dylib
0x000000011a702000 	/Users/lingfamily/.gradle/caches/minecraft/net/minecraft/minecraft_natives/1.7.10/liblwjgl.jnilib
0x00000001195e2000 	/Library/Java/JavaVirtualMachines/jdk1.7.0_60.jdk/Contents/Home/jre/lib/libjawt.dylib
0x00000000072a7000 	/System/Library/Frameworks/OpenGL.framework/Versions/A/Resources/GLEngine.bundle/GLEngine
0x00000000072a7000 	/System/Library/Frameworks/OpenGL.framework/Versions/A/Libraries/libGLProgrammability.dylib
0x0000000000000000 	/System/Library/Extensions/ATIRadeonX2000GLDriver.bundle/Contents/MacOS/ATIRadeonX2000GLDriver
0x000000011950b000 	/System/Library/PrivateFrameworks/GPUSupport.framework/Versions/A/Libraries/libGPUSupport.dylib
0x00000000072a7000 	/System/Library/Frameworks/OpenGL.framework/Versions/A/Resources/GLRendererFloat.bundle/GLRendererFloat
0x00000000072a7000 	/System/Library/Frameworks/OpenCL.framework/Versions/A/Libraries/libcldcpuengine.dylib
0x0000000119525000 	cl_kernels
0x000000011e14d000 	/System/Library/Frameworks/OpenCL.framework/Versions/A/Libraries/ImageFormats/unorm8_bgra.dylib
0x0000000119606000 	cl_kernels
0x000000011e629000 	/Users/lingfamily/.gradle/caches/minecraft/net/minecraft/minecraft_natives/1.7.10/libtwitchsdk.dylib
0x00000000072a7000 	/System/Library/Frameworks/AVFoundation.framework/Versions/A/AVFoundation
0x00000000072a7000 	/System/Library/Frameworks/CoreMedia.framework/Versions/A/CoreMedia
0x00000000072a7000 	/System/Library/Frameworks/AVFoundation.framework/Versions/A/Resources/libAVFAudio.dylib
0x00000000072a7000 	/System/Library/Frameworks/MediaToolbox.framework/Versions/A/MediaToolbox
0x00000000072a7000 	/System/Library/Frameworks/VideoToolbox.framework/Versions/A/VideoToolbox
0x00000000072a7000 	/System/Library/Frameworks/CoreMediaIO.framework/Versions/A/CoreMediaIO
0x00000000072a7000 	/System/Library/PrivateFrameworks/CoreMediaAuthoring.framework/Versions/A/CoreMediaAuthoring
0x00000000072a7000 	/System/Library/PrivateFrameworks/MediaControlSender.framework/Versions/A/MediaControlSender
0x00000000072a7000 	/System/Library/PrivateFrameworks/CoreAVCHD.framework/Versions/A/CoreAVCHD
0x00000000072a7000 	/System/Library/Frameworks/MediaAccessibility.framework/Versions/A/MediaAccessibility
0x00000000072a7000 	/System/Library/PrivateFrameworks/Mangrove.framework/Versions/A/Mangrove
0x00000000072a7000 	/System/Library/PrivateFrameworks/CoreAUC.framework/Versions/A/CoreAUC
0x00000000072a7000 	/System/Library/PrivateFrameworks/Apple80211.framework/Versions/A/Apple80211
0x00000000072a7000 	/System/Library/PrivateFrameworks/AppleSRP.framework/Versions/A/AppleSRP
0x00000000072a7000 	/System/Library/PrivateFrameworks/CoreUtils.framework/Versions/A/CoreUtils
0x00000000072a7000 	/System/Library/Frameworks/CoreWLAN.framework/Versions/A/CoreWLAN
0x00000000072a7000 	/usr/lib/libpcap.A.dylib
0x00000000072a7000 	/System/Library/Frameworks/CoreWiFi.framework/Versions/A/CoreWiFi
0x00000000072a7000 	/System/Library/PrivateFrameworks/AppleVA.framework/Versions/A/AppleVA
0x00000000072a7000 	/System/Library/PrivateFrameworks/XPCService.framework/Versions/A/XPCService
0x00000000072a7000 	/System/Library/PrivateFrameworks/AppSandbox.framework/Versions/A/AppSandbox
0x00000000072a7000 	/usr/lib/libsandbox.1.dylib
0x00000000072a7000 	/System/Library/PrivateFrameworks/AppContainer.framework/Versions/A/AppContainer
0x00000000072a7000 	/System/Library/PrivateFrameworks/SecCodeWrapper.framework/Versions/A/SecCodeWrapper
0x00000000072a7000 	/usr/lib/libMatch.1.dylib
0x000000011c8bb000 	/Users/lingfamily/.gradle/caches/minecraft/net/minecraft/minecraft_natives/1.7.10/openal.dylib
0x00000001218c9000 	/System/Library/Components/CoreAudio.component/Contents/MacOS/CoreAudio
0x00000001195fa000 	/System/Library/Extensions/AppleHDA.kext/Contents/PlugIns/AppleHDAHALPlugIn.bundle/Contents/MacOS/AppleHDAHALPlugIn
0x0000000119db9000 	/Library/Java/JavaVirtualMachines/jdk1.7.0_60.jdk/Contents/Home/jre/lib/libsunec.dylib

