#
# A fatal error has been detected by the Java Runtime Environment:
#
#  SIGSEGV (0xb) at pc=0x0000000000000000, pid=18862, tid=74247
#
# JRE version: Java(TM) SE Runtime Environment (7.0_60-b19) (build 1.7.0_60-b19)
# Java VM: Java HotSpot(TM) 64-Bit Server VM (24.60-b09 mixed mode bsd-amd64 compressed oops)
# Problematic frame:
# C  0x0000000000000000
#
# Failed to write core dump. Core dumps have been disabled. To enable core dumping, try "ulimit -c unlimited" before starting Java again
#
# If you would like to submit a bug report, please visit:
#   http://bugreport.sun.com/bugreport/crash.jsp
#

---------------  T H R E A D  ---------------

Current thread is native thread

siginfo:si_signo=SIGSEGV: si_errno=0, si_code=1 (SEGV_MAPERR), si_addr=0x0000000000000000

Registers:
RAX=0x0000000117a94508, RBX=0x00000000000161b0, RCX=0x0000000000000010, RDX=0xfffffffffffffff0
RSP=0x0000000119941a18, RBP=0x0000000119941ac0, RSI=0x0000000000000000, RDI=0x00007fe35cdd7400
R8 =0x0000000000000200, R9 =0x00007fe35f2428e0, R10=0x000000011f00e05c, R11=0x0000000003dce380
R12=0x00007fe35f2428e0, R13=0x00007fe35cdd7400, R14=0x0000000000000200, R15=0x0000000000000800
RIP=0x0000000000000000, EFLAGS=0x0000000000010246, ERR=0x0000000000000014
  TRAPNO=0x000000000000000e

Top of Stack: (sp=0x0000000119941a18)
0x0000000119941a18:   0000000117a66639 0000000119941c6a
0x0000000119941a28:   00007fff920d0333 00007fe35cddf5b0
0x0000000119941a38:   0000000115fb1010 00007fe35cddd5b0
0x0000000119941a48:   0000020000000004 0000000000000000
0x0000000119941a58:   0000000000000800 0000000000000200
0x0000000119941a68:   00007fe35cddb5b0 00007fe35cdd7400
0x0000000119941a78:   0000020000000000 00007fe35b474568
0x0000000119941a88:   000000000000037f 54002b44ba2049b2
0x0000000119941a98:   00007fe35b5e6778 00007fe35f2428e0
0x0000000119941aa8:   00007fe35b474560 0000000000000200
0x0000000119941ab8:   00007fe35b5e6700 0000000119941ad0
0x0000000119941ac8:   0000000117a762ef 0000000119941b40
0x0000000119941ad8:   000000011f00b230 00007fe35deed3f8
0x0000000119941ae8:   00007fe35deed200 00007fe35b5e6778
0x0000000119941af8:   000000008e4d78f3 0000000119941c90
0x0000000119941b08:   0000000119941c88 0000020000000000
0x0000000119941b18:   0000000119941c88 00007fe35f50c550
0x0000000119941b28:   00007fe35deed200 00007fe35b4b8ac0
0x0000000119941b38:   0000000000000200 0000000119941b90
0x0000000119941b48:   000000011f008c61 0000000119941bd0
0x0000000119941b58:   0000000119941c90 000000005deed428
0x0000000119941b68:   00007fe35deed200 0000000000000000
0x0000000119941b78:   00007fe35b4b8ac0 00000000ffffffce
0x0000000119941b88:   0000000000000200 0000000119941c00
0x0000000119941b98:   000000011f007515 00007fe35b4b8ac0
0x0000000119941ba8:   00001fa015faf0e0 0000000119941c88
0x0000000119941bb8:   00007fe35f50c550 00007fe35deed200
0x0000000119941bc8:   0000000119941c90 00009fe000000000
0x0000000119941bd8:   0000000000000007 00007fe35deed200
0x0000000119941be8:   0000000000000000 00007fe35b4b8ac0
0x0000000119941bf8:   0000000115faf060 0000000119941d00
0x0000000119941c08:   000000011f00e878 00007fe35f503cc8 

Instructions: (pc=0x0000000000000000)
0xffffffffffffffe0:   

Register to memory mapping:

RAX=
[error occurred during error reporting (printing register info), id 0xb]

Stack: [0x00000001198c2000,0x0000000119942000],  sp=0x0000000119941a18,  free space=510k

---------------  P R O C E S S  ---------------

VM state:at safepoint (shutting down)

VM Mutex/Monitor currently owned by a thread:  ([mutex/lock_event])
[0x00007fe35b406fc0] Threads_lock - owner thread: 0x00007fe35d02e800

Heap
 par new generation   total 306688K, used 215092K [0x00000007bae00000, 0x00000007cfac0000, 0x00000007cfac0000)
  eden space 272640K,  66% used [0x00000007bae00000, 0x00000007c5ecd3d0, 0x00000007cb840000)
  from space 34048K,  99% used [0x00000007cb840000, 0x00000007cd97fff8, 0x00000007cd980000)
  to   space 34048K,   0% used [0x00000007cd980000, 0x00000007cd980000, 0x00000007cfac0000)
 concurrent mark-sweep generation total 707840K, used 61249K [0x00000007cfac0000, 0x00000007fae00000, 0x00000007fae00000)
 concurrent-mark-sweep perm gen total 40012K, used 28494K [0x00000007fae00000, 0x00000007fd513000, 0x0000000800000000)

Card table byte_map: [0x000000011172b000,0x0000000111955000] byte_map_base: 0x000000010d954000

Polling page: 0x000000010cf62000

Code Cache  [0x000000010e25f000, 0x000000010e58f000, 0x000000011125f000)
 total_blobs=1394 nmethods=800 adapters=547 free_code_cache=46019Kb largest_free_block=47023168

Compilation events (10 events):
Event: 37.676 Thread 0x00007fe35b828800  908  s          sun.misc.PerfCounter::add (18 bytes)
Event: 37.676 Thread 0x00007fe35c00f800  909  s          sun.misc.PerfCounter::get (9 bytes)
Event: 37.678 Thread 0x00007fe35c00f800 nmethod 909 0x000000010e452990 code [0x000000010e452ae0, 0x000000010e452d38]
Event: 37.678 Thread 0x00007fe35c00f800  910             java.nio.DirectLongBufferU::get (16 bytes)
Event: 37.679 Thread 0x00007fe35b828800 nmethod 908 0x000000010e452450 code [0x000000010e4525a0, 0x000000010e452818]
Event: 37.679 Thread 0x00007fe35b828800  912             java.nio.DirectLongBufferU::put (18 bytes)
Event: 37.679 Thread 0x00007fe35c00f800 nmethod 910 0x000000010e4521d0 code [0x000000010e452300, 0x000000010e452398]
Event: 37.679 Thread 0x00007fe35b828800 nmethod 912 0x000000010e4c59d0 code [0x000000010e4c5b00, 0x000000010e4c5b98]
Event: 37.742 Thread 0x00007fe35c00f800  913             sun.nio.cs.UTF_8$Encoder::encodeArrayLoop (489 bytes)
Event: 37.758 Thread 0x00007fe35c00f800 nmethod 913 0x000000010e4c5c50 code [0x000000010e4c5e60, 0x000000010e4c6980]

GC Heap History (10 events):
Event: 8.673 GC heap before
{Heap before GC invocations=0 (full 0):
 par new generation   total 306688K, used 60043K [0x00000007bae00000, 0x00000007cfac0000, 0x00000007cfac0000)
  eden space 272640K,  22% used [0x00000007bae00000, 0x00000007be8a2df8, 0x00000007cb840000)
  from space 34048K,   0% used [0x00000007cb840000, 0x00000007cb840000, 0x00000007cd980000)
  to   space 34048K,   0% used [0x00000007cd980000, 0x00000007cd980000, 0x00000007cfac0000)
 concurrent mark-sweep generation total 707840K, used 0K [0x00000007cfac0000, 0x00000007fae00000, 0x00000007fae00000)
 concurrent-mark-sweep perm gen total 21248K, used 10188K [0x00000007fae00000, 0x00000007fc2c0000, 0x0000000800000000)
Event: 8.722 GC heap after
Heap after GC invocations=1 (full 1):
 par new generation   total 306688K, used 0K [0x00000007bae00000, 0x00000007cfac0000, 0x00000007cfac0000)
  eden space 272640K,   0% used [0x00000007bae00000, 0x00000007bae00000, 0x00000007cb840000)
  from space 34048K,   0% used [0x00000007cb840000, 0x00000007cb840000, 0x00000007cd980000)
  to   space 34048K,   0% used [0x00000007cd980000, 0x00000007cd980000, 0x00000007cfac0000)
 concurrent mark-sweep generation total 707840K, used 5324K [0x00000007cfac0000, 0x00000007fae00000, 0x00000007fae00000)
 concurrent-mark-sweep perm gen total 21248K, used 10185K [0x00000007fae00000, 0x00000007fc2c0000, 0x0000000800000000)
}
Event: 18.549 GC heap before
{Heap before GC invocations=1 (full 2):
 par new generation   total 306688K, used 272640K [0x00000007bae00000, 0x00000007cfac0000, 0x00000007cfac0000)
  eden space 272640K, 100% used [0x00000007bae00000, 0x00000007cb840000, 0x00000007cb840000)
  from space 34048K,   0% used [0x00000007cb840000, 0x00000007cb840000, 0x00000007cd980000)
  to   space 34048K,   0% used [0x00000007cd980000, 0x00000007cd980000, 0x00000007cfac0000)
 concurrent mark-sweep generation total 707840K, used 5324K [0x00000007cfac0000, 0x00000007fae00000, 0x00000007fae00000)
 concurrent-mark-sweep perm gen total 21248K, used 18260K [0x00000007fae00000, 0x00000007fc2c0000, 0x0000000800000000)
Event: 18.616 GC heap after
Heap after GC invocations=2 (full 2):
 par new generation   total 306688K, used 27463K [0x00000007bae00000, 0x00000007cfac0000, 0x00000007cfac0000)
  eden space 272640K,   0% used [0x00000007bae00000, 0x00000007bae00000, 0x00000007cb840000)
  from space 34048K,  80% used [0x00000007cd980000, 0x00000007cf451f48, 0x00000007cfac0000)
  to   space 34048K,   0% used [0x00000007cb840000, 0x00000007cb840000, 0x00000007cd980000)
 concurrent mark-sweep generation total 707840K, used 5324K [0x00000007cfac0000, 0x00000007fae00000, 0x00000007fae00000)
 concurrent-mark-sweep perm gen total 21248K, used 18260K [0x00000007fae00000, 0x00000007fc2c0000, 0x0000000800000000)
}
Event: 28.536 GC heap before
{Heap before GC invocations=2 (full 2):
 par new generation   total 306688K, used 300103K [0x00000007bae00000, 0x00000007cfac0000, 0x00000007cfac0000)
  eden space 272640K, 100% used [0x00000007bae00000, 0x00000007cb840000, 0x00000007cb840000)
  from space 34048K,  80% used [0x00000007cd980000, 0x00000007cf451f48, 0x00000007cfac0000)
  to   space 34048K,   0% used [0x00000007cb840000, 0x00000007cb840000, 0x00000007cd980000)
 concurrent mark-sweep generation total 707840K, used 2217K [0x00000007cfac0000, 0x00000007fae00000, 0x00000007fae00000)
 concurrent-mark-sweep perm gen total 38020K, used 23253K [0x00000007fae00000, 0x00000007fd321000, 0x0000000800000000)
Event: 28.654 GC heap after
Heap after GC invocations=3 (full 2):
 par new generation   total 306688K, used 22341K [0x00000007bae00000, 0x00000007cfac0000, 0x00000007cfac0000)
  eden space 272640K,   0% used [0x00000007bae00000, 0x00000007bae00000, 0x00000007cb840000)
  from space 34048K,  65% used [0x00000007cb840000, 0x00000007cce11780, 0x00000007cd980000)
  to   space 34048K,   0% used [0x00000007cd980000, 0x00000007cd980000, 0x00000007cfac0000)
 concurrent mark-sweep generation total 707840K, used 23325K [0x00000007cfac0000, 0x00000007fae00000, 0x00000007fae00000)
 concurrent-mark-sweep perm gen total 38020K, used 23253K [0x00000007fae00000, 0x00000007fd321000, 0x0000000800000000)
}
Event: 31.563 GC heap before
{Heap before GC invocations=3 (full 3):
 par new generation   total 306688K, used 294981K [0x00000007bae00000, 0x00000007cfac0000, 0x00000007cfac0000)
  eden space 272640K, 100% used [0x00000007bae00000, 0x00000007cb840000, 0x00000007cb840000)
  from space 34048K,  65% used [0x00000007cb840000, 0x00000007cce11780, 0x00000007cd980000)
  to   space 34048K,   0% used [0x00000007cd980000, 0x00000007cd980000, 0x00000007cfac0000)
 concurrent mark-sweep generation total 707840K, used 23325K [0x00000007cfac0000, 0x00000007fae00000, 0x00000007fae00000)
 concurrent-mark-sweep perm gen total 38020K, used 23878K [0x00000007fae00000, 0x00000007fd321000, 0x0000000800000000)
Event: 31.651 GC heap after
Heap after GC invocations=4 (full 3):
 par new generation   total 306688K, used 34047K [0x00000007bae00000, 0x00000007cfac0000, 0x00000007cfac0000)
  eden space 272640K,   0% used [0x00000007bae00000, 0x00000007bae00000, 0x00000007cb840000)
  from space 34048K,  99% used [0x00000007cd980000, 0x00000007cfabfff8, 0x00000007cfac0000)
  to   space 34048K,   0% used [0x00000007cb840000, 0x00000007cb840000, 0x00000007cd980000)
 concurrent mark-sweep generation total 707840K, used 44979K [0x00000007cfac0000, 0x00000007fae00000, 0x00000007fae00000)
 concurrent-mark-sweep perm gen total 38020K, used 23878K [0x00000007fae00000, 0x00000007fd321000, 0x0000000800000000)
}
Event: 35.272 GC heap before
{Heap before GC invocations=4 (full 3):
 par new generation   total 306688K, used 306687K [0x00000007bae00000, 0x00000007cfac0000, 0x00000007cfac0000)
  eden space 272640K, 100% used [0x00000007bae00000, 0x00000007cb840000, 0x00000007cb840000)
  from space 34048K,  99% used [0x00000007cd980000, 0x00000007cfabfff8, 0x00000007cfac0000)
  to   space 34048K,   0% used [0x00000007cb840000, 0x00000007cb840000, 0x00000007cd980000)
 concurrent mark-sweep generation total 707840K, used 44893K [0x00000007cfac0000, 0x00000007fae00000, 0x00000007fae00000)
 concurrent-mark-sweep perm gen total 40012K, used 27057K [0x00000007fae00000, 0x00000007fd513000, 0x0000000800000000)
Event: 35.407 GC heap after
Heap after GC invocations=5 (full 3):
 par new generation   total 306688K, used 34047K [0x00000007bae00000, 0x00000007cfac0000, 0x00000007cfac0000)
  eden space 272640K,   0% used [0x00000007bae00000, 0x00000007bae00000, 0x00000007cb840000)
  from space 34048K,  99% used [0x00000007cb840000, 0x00000007cd97fff8, 0x00000007cd980000)
  to   space 34048K,   0% used [0x00000007cd980000, 0x00000007cd980000, 0x00000007cfac0000)
 concurrent mark-sweep generation total 707840K, used 61249K [0x00000007cfac0000, 0x00000007fae00000, 0x00000007fae00000)
 concurrent-mark-sweep perm gen total 40012K, used 27057K [0x00000007fae00000, 0x00000007fd513000, 0x0000000800000000)
}

Deoptimization events (10 events):
Event: 34.899 Thread 0x00007fe35c803800 Uncommon trap: reason=bimorphic action=maybe_recompile pc=0x000000010e452930 method=java.util.zip.InflaterInputStream.read([BII)I @ 100
Event: 34.899 Thread 0x00007fe35c803800 Uncommon trap: reason=bimorphic action=maybe_recompile pc=0x000000010e452930 method=java.util.zip.InflaterInputStream.read([BII)I @ 100
Event: 34.900 Thread 0x00007fe35c803800 Uncommon trap: reason=bimorphic action=maybe_recompile pc=0x000000010e452930 method=java.util.zip.InflaterInputStream.read([BII)I @ 100
Event: 35.022 Thread 0x00007fe35c803800 Uncommon trap: reason=bimorphic action=maybe_recompile pc=0x000000010e397c48 method=java.util.regex.Matcher.match(II)Z @ 86
Event: 36.896 Thread 0x00007fe35d847000 Uncommon trap: reason=class_check action=maybe_recompile pc=0x000000010e2e2630 method=java.util.AbstractList.subList(II)Ljava/util/List; @ 1
Event: 36.896 Thread 0x00007fe35d847000 Uncommon trap: reason=class_check action=maybe_recompile pc=0x000000010e3ad018 method=java.util.SubList.<init>(Ljava/util/AbstractList;II)V @ 37
Event: 37.639 Thread 0x00007fe35c803800 Uncommon trap: reason=class_check action=maybe_recompile pc=0x000000010e4c8e28 method=java.util.Formatter$FormatSpecifier.printString(Ljava/lang/Object;Ljava/util/Locale;)V @ 98
Event: 37.640 Thread 0x00007fe35c803800 Uncommon trap: reason=class_check action=maybe_recompile pc=0x000000010e4c8e28 method=java.util.Formatter$FormatSpecifier.printString(Ljava/lang/Object;Ljava/util/Locale;)V @ 98
Event: 37.669 Thread 0x00007fe35c803800 Uncommon trap: reason=unreached action=reinterpret pc=0x000000010e405dc8 method=java.io.UnixFileSystem.canonicalize(Ljava/lang/String;)Ljava/lang/String; @ 42
Event: 37.673 Thread 0x00007fe35c803800 Uncommon trap: reason=null_check action=maybe_recompile pc=0x000000010e2ecf28 method=java.util.Properties$LineReader.readLine()I @ 48

Internal exceptions (10 events):
Event: 37.669 Thread 0x00007fe35c803800 Threw 0x00000007c50c4d28 at /HUDSON/workspace/7u-2-build-macosx-x86_64/jdk7u60/1081/hotspot/src/share/vm/prims/jvm.cpp:1244
Event: 37.670 Thread 0x00007fe35c803800 Threw 0x00000007c50ccdd8 at /HUDSON/workspace/7u-2-build-macosx-x86_64/jdk7u60/1081/hotspot/src/share/vm/prims/jvm.cpp:1244
Event: 37.670 Thread 0x00007fe35c803800 Threw 0x00000007c50d27f0 at /HUDSON/workspace/7u-2-build-macosx-x86_64/jdk7u60/1081/hotspot/src/share/vm/prims/jvm.cpp:1244
Event: 37.671 Thread 0x00007fe35c803800 Threw 0x00000007c50e3378 at /HUDSON/workspace/7u-2-build-macosx-x86_64/jdk7u60/1081/hotspot/src/share/vm/prims/jvm.cpp:1244
Event: 37.673 Thread 0x00007fe35c803800 Threw 0x00000007c51625f8 at /HUDSON/workspace/7u-2-build-macosx-x86_64/jdk7u60/1081/hotspot/src/share/vm/interpreter/linkResolver.cpp:883
Event: 37.758 Thread 0x00007fe361747800 Threw 0x00000007c597c8d8 at /HUDSON/workspace/7u-2-build-macosx-x86_64/jdk7u60/1081/hotspot/src/share/vm/prims/jvm.cpp:1244
Event: 37.759 Thread 0x00007fe361747800 Threw 0x00000007c5988578 at /HUDSON/workspace/7u-2-build-macosx-x86_64/jdk7u60/1081/hotspot/src/share/vm/prims/jvm.cpp:1244
Event: 37.760 Thread 0x00007fe361747800 Threw 0x00000007c5990588 at /HUDSON/workspace/7u-2-build-macosx-x86_64/jdk7u60/1081/hotspot/src/share/vm/prims/jvm.cpp:1244
Event: 37.760 Thread 0x00007fe35cd0f000 Threw 0x00000007c5c26548 at /HUDSON/workspace/7u-2-build-macosx-x86_64/jdk7u60/1081/hotspot/src/share/vm/prims/jvm.cpp:1244
Event: 37.760 Thread 0x00007fe35cd0f000 Threw 0x00000007c5c2dcf8 at /HUDSON/workspace/7u-2-build-macosx-x86_64/jdk7u60/1081/hotspot/src/share/vm/prims/jvm.cpp:1244

Events (10 events):
Event: 37.758 Thread 0x00007fe35ce51000 Thread exited: 0x00007fe35ce51000
Event: 37.759 loading class 0x00007fe35b62f5e0
Event: 37.759 loading class 0x00007fe35b62f5e0 done
Event: 37.760 loading class 0x00007fe35b62f5e0
Event: 37.760 loading class 0x00007fe35b62f5e0 done
Event: 37.760 Thread 0x00007fe361747800 Thread exited: 0x00007fe361747800
Event: 37.760 Thread 0x00007fe35cd0f000 Thread exited: 0x00007fe35cd0f000
Event: 37.795 Thread 0x00007fe35c965800 Thread exited: 0x00007fe35c965800
Event: 37.797 Thread 0x00007fe361747800 Thread added: 0x00007fe361747800
Event: 37.814 Executing VM operation: Exit


Dynamic libraries:
0x000000000bd18000 	/System/Library/Frameworks/Cocoa.framework/Versions/A/Cocoa
0x000000000bd18000 	/System/Library/Frameworks/Security.framework/Versions/A/Security
0x000000000bd18000 	/System/Library/Frameworks/ApplicationServices.framework/Versions/A/ApplicationServices
0x000000000bd18000 	/usr/lib/libz.1.dylib
0x000000000bd18000 	/usr/lib/libSystem.B.dylib
0x000000000bd18000 	/usr/lib/libobjc.A.dylib
0x000000000bd18000 	/System/Library/Frameworks/CoreFoundation.framework/Versions/A/CoreFoundation
0x000000000bd18000 	/System/Library/Frameworks/Foundation.framework/Versions/C/Foundation
0x000000000bd18000 	/System/Library/Frameworks/AppKit.framework/Versions/C/AppKit
0x000000000bd18000 	/System/Library/Frameworks/CoreData.framework/Versions/A/CoreData
0x000000000bd18000 	/System/Library/PrivateFrameworks/RemoteViewServices.framework/Versions/A/RemoteViewServices
0x000000000bd18000 	/System/Library/Frameworks/AudioToolbox.framework/Versions/A/AudioToolbox
0x000000000bd18000 	/System/Library/Frameworks/AudioUnit.framework/Versions/A/AudioUnit
0x000000000bd18000 	/System/Library/PrivateFrameworks/DataDetectorsCore.framework/Versions/A/DataDetectorsCore
0x000000000bd18000 	/System/Library/PrivateFrameworks/DesktopServicesPriv.framework/Versions/A/DesktopServicesPriv
0x000000000bd18000 	/System/Library/Frameworks/Carbon.framework/Versions/A/Frameworks/HIToolbox.framework/Versions/A/HIToolbox
0x000000000bd18000 	/System/Library/Frameworks/QuartzCore.framework/Versions/A/QuartzCore
0x000000000bd18000 	/System/Library/Frameworks/Carbon.framework/Versions/A/Frameworks/SpeechRecognition.framework/Versions/A/SpeechRecognition
0x000000000bd18000 	/usr/lib/libauto.dylib
0x000000000bd18000 	/usr/lib/libicucore.A.dylib
0x000000000bd18000 	/usr/lib/libxml2.2.dylib
0x000000000bd18000 	/System/Library/PrivateFrameworks/CoreUI.framework/Versions/A/CoreUI
0x000000000bd18000 	/System/Library/Frameworks/CoreAudio.framework/Versions/A/CoreAudio
0x000000000bd18000 	/System/Library/Frameworks/DiskArbitration.framework/Versions/A/DiskArbitration
0x000000000bd18000 	/usr/lib/liblangid.dylib
0x000000000bd18000 	/System/Library/PrivateFrameworks/MultitouchSupport.framework/Versions/A/MultitouchSupport
0x000000000bd18000 	/System/Library/Frameworks/IOKit.framework/Versions/A/IOKit
0x000000000bd18000 	/usr/lib/libDiagnosticMessagesClient.dylib
0x000000000bd18000 	/System/Library/Frameworks/CoreServices.framework/Versions/A/CoreServices
0x000000000bd18000 	/System/Library/PrivateFrameworks/PerformanceAnalysis.framework/Versions/A/PerformanceAnalysis
0x000000000bd18000 	/System/Library/PrivateFrameworks/GenerationalStorage.framework/Versions/A/GenerationalStorage
0x000000000bd18000 	/System/Library/Frameworks/OpenGL.framework/Versions/A/OpenGL
0x000000000bd18000 	/System/Library/PrivateFrameworks/Sharing.framework/Versions/A/Sharing
0x000000000bd18000 	/System/Library/Frameworks/ImageIO.framework/Versions/A/ImageIO
0x000000000bd18000 	/System/Library/Frameworks/CoreText.framework/Versions/A/CoreText
0x000000000bd18000 	/System/Library/Frameworks/CoreGraphics.framework/Versions/A/CoreGraphics
0x000000000bd18000 	/System/Library/PrivateFrameworks/Backup.framework/Versions/A/Backup
0x000000000bd18000 	/System/Library/Frameworks/CFNetwork.framework/Versions/A/CFNetwork
0x000000000bd18000 	/System/Library/Frameworks/SystemConfiguration.framework/Versions/A/SystemConfiguration
0x000000000bd18000 	/usr/lib/libCRFSuite.dylib
0x000000000bd18000 	/usr/lib/libc++.1.dylib
0x000000000bd18000 	/usr/lib/libc++abi.dylib
0x000000000bd18000 	/usr/lib/system/libcache.dylib
0x000000000bd18000 	/usr/lib/system/libcommonCrypto.dylib
0x000000000bd18000 	/usr/lib/system/libcompiler_rt.dylib
0x000000000bd18000 	/usr/lib/system/libcopyfile.dylib
0x000000000bd18000 	/usr/lib/system/libcorecrypto.dylib
0x000000000bd18000 	/usr/lib/system/libdispatch.dylib
0x000000000bd18000 	/usr/lib/system/libdyld.dylib
0x000000000bd18000 	/usr/lib/system/libkeymgr.dylib
0x000000000bd18000 	/usr/lib/system/liblaunch.dylib
0x000000000bd18000 	/usr/lib/system/libmacho.dylib
0x000000000bd18000 	/usr/lib/system/libquarantine.dylib
0x000000000bd18000 	/usr/lib/system/libremovefile.dylib
0x000000000bd18000 	/usr/lib/system/libsystem_asl.dylib
0x000000000bd18000 	/usr/lib/system/libsystem_blocks.dylib
0x000000000bd18000 	/usr/lib/system/libsystem_c.dylib
0x000000000bd18000 	/usr/lib/system/libsystem_configuration.dylib
0x000000000bd18000 	/usr/lib/system/libsystem_dnssd.dylib
0x000000000bd18000 	/usr/lib/system/libsystem_info.dylib
0x000000000bd18000 	/usr/lib/system/libsystem_kernel.dylib
0x000000000bd18000 	/usr/lib/system/libsystem_m.dylib
0x000000000bd18000 	/usr/lib/system/libsystem_malloc.dylib
0x000000000bd18000 	/usr/lib/system/libsystem_network.dylib
0x000000000bd18000 	/usr/lib/system/libsystem_notify.dylib
0x000000000bd18000 	/usr/lib/system/libsystem_platform.dylib
0x000000000bd18000 	/usr/lib/system/libsystem_pthread.dylib
0x000000000bd18000 	/usr/lib/system/libsystem_sandbox.dylib
0x000000000bd18000 	/usr/lib/system/libsystem_stats.dylib
0x000000000bd18000 	/usr/lib/system/libunc.dylib
0x000000000bd18000 	/usr/lib/system/libunwind.dylib
0x000000000bd18000 	/usr/lib/system/libxpc.dylib
0x000000000bd18000 	/usr/lib/libbsm.0.dylib
0x000000000bd18000 	/usr/lib/libsqlite3.dylib
0x000000000bd18000 	/usr/lib/libxar.1.dylib
0x000000000bd18000 	/usr/lib/libpam.2.dylib
0x000000000bd18000 	/usr/lib/libOpenScriptingUtil.dylib
0x000000000bd18000 	/usr/lib/libbz2.1.0.dylib
0x000000000bd18000 	/System/Library/Frameworks/CoreServices.framework/Versions/A/Frameworks/CarbonCore.framework/Versions/A/CarbonCore
0x000000000bd18000 	/System/Library/Frameworks/CoreServices.framework/Versions/A/Frameworks/Metadata.framework/Versions/A/Metadata
0x000000000bd18000 	/System/Library/Frameworks/CoreServices.framework/Versions/A/Frameworks/OSServices.framework/Versions/A/OSServices
0x000000000bd18000 	/System/Library/Frameworks/CoreServices.framework/Versions/A/Frameworks/SearchKit.framework/Versions/A/SearchKit
0x000000000bd18000 	/System/Library/Frameworks/CoreServices.framework/Versions/A/Frameworks/AE.framework/Versions/A/AE
0x000000000bd18000 	/System/Library/Frameworks/CoreServices.framework/Versions/A/Frameworks/LaunchServices.framework/Versions/A/LaunchServices
0x000000000bd18000 	/System/Library/Frameworks/CoreServices.framework/Versions/A/Frameworks/DictionaryServices.framework/Versions/A/DictionaryServices
0x000000000bd18000 	/System/Library/Frameworks/NetFS.framework/Versions/A/NetFS
0x000000000bd18000 	/usr/lib/system/libkxld.dylib
0x000000000bd18000 	/System/Library/PrivateFrameworks/NetAuth.framework/Versions/A/NetAuth
0x000000000bd18000 	/System/Library/PrivateFrameworks/TCC.framework/Versions/A/TCC
0x000000000bd18000 	/System/Library/Frameworks/OpenDirectory.framework/Versions/A/Frameworks/CFOpenDirectory.framework/Versions/A/CFOpenDirectory
0x000000000bd18000 	/System/Library/Frameworks/ServiceManagement.framework/Versions/A/ServiceManagement
0x000000000bd18000 	/usr/lib/libxslt.1.dylib
0x000000000bd18000 	/System/Library/Frameworks/Carbon.framework/Versions/A/Frameworks/Ink.framework/Versions/A/Ink
0x000000000bd18000 	/System/Library/Frameworks/ApplicationServices.framework/Versions/A/Frameworks/ATS.framework/Versions/A/ATS
0x000000000bd18000 	/System/Library/Frameworks/ApplicationServices.framework/Versions/A/Frameworks/ColorSync.framework/Versions/A/ColorSync
0x000000000bd18000 	/System/Library/Frameworks/ApplicationServices.framework/Versions/A/Frameworks/HIServices.framework/Versions/A/HIServices
0x000000000bd18000 	/System/Library/Frameworks/ApplicationServices.framework/Versions/A/Frameworks/LangAnalysis.framework/Versions/A/LangAnalysis
0x000000000bd18000 	/System/Library/Frameworks/ApplicationServices.framework/Versions/A/Frameworks/PrintCore.framework/Versions/A/PrintCore
0x000000000bd18000 	/System/Library/Frameworks/ApplicationServices.framework/Versions/A/Frameworks/QD.framework/Versions/A/QD
0x000000000bd18000 	/System/Library/Frameworks/ApplicationServices.framework/Versions/A/Frameworks/SpeechSynthesis.framework/Versions/A/SpeechSynthesis
0x000000000bd18000 	/System/Library/Frameworks/IOSurface.framework/Versions/A/IOSurface
0x000000000bd18000 	/System/Library/Frameworks/Accelerate.framework/Versions/A/Accelerate
0x000000000bd18000 	/System/Library/Frameworks/Accelerate.framework/Versions/A/Frameworks/vImage.framework/Versions/A/vImage
0x000000000bd18000 	/System/Library/Frameworks/Accelerate.framework/Versions/A/Frameworks/vecLib.framework/Versions/A/vecLib
0x000000000bd18000 	/System/Library/Frameworks/Accelerate.framework/Versions/A/Frameworks/vecLib.framework/Versions/A/libvDSP.dylib
0x000000000bd18000 	/System/Library/Frameworks/Accelerate.framework/Versions/A/Frameworks/vecLib.framework/Versions/A/libvMisc.dylib
0x000000000bd18000 	/System/Library/Frameworks/Accelerate.framework/Versions/A/Frameworks/vecLib.framework/Versions/A/libLAPACK.dylib
0x000000000bd18000 	/System/Library/Frameworks/Accelerate.framework/Versions/A/Frameworks/vecLib.framework/Versions/A/libBLAS.dylib
0x000000000bd18000 	/System/Library/Frameworks/ApplicationServices.framework/Versions/A/Frameworks/ATS.framework/Versions/A/Resources/libFontParser.dylib
0x000000000bd18000 	/System/Library/Frameworks/ApplicationServices.framework/Versions/A/Frameworks/ATS.framework/Versions/A/Resources/libFontRegistry.dylib
0x000000000bd18000 	/System/Library/Frameworks/ImageIO.framework/Versions/A/Resources/libJPEG.dylib
0x000000000bd18000 	/System/Library/Frameworks/ImageIO.framework/Versions/A/Resources/libTIFF.dylib
0x000000000bd18000 	/System/Library/Frameworks/ImageIO.framework/Versions/A/Resources/libPng.dylib
0x000000000bd18000 	/System/Library/Frameworks/ImageIO.framework/Versions/A/Resources/libGIF.dylib
0x000000000bd18000 	/System/Library/Frameworks/ImageIO.framework/Versions/A/Resources/libJP2.dylib
0x000000000bd18000 	/System/Library/Frameworks/ImageIO.framework/Versions/A/Resources/libRadiance.dylib
0x000000000bd18000 	/usr/lib/libcups.2.dylib
0x000000000bd18000 	/System/Library/Frameworks/Kerberos.framework/Versions/A/Kerberos
0x000000000bd18000 	/System/Library/Frameworks/GSS.framework/Versions/A/GSS
0x000000000bd18000 	/usr/lib/libresolv.9.dylib
0x000000000bd18000 	/usr/lib/libiconv.2.dylib
0x000000000bd18000 	/System/Library/PrivateFrameworks/Heimdal.framework/Versions/A/Heimdal
0x000000000bd18000 	/System/Library/PrivateFrameworks/TrustEvaluationAgent.framework/Versions/A/TrustEvaluationAgent
0x000000000bd18000 	/usr/lib/libheimdal-asn1.dylib
0x000000000bd18000 	/System/Library/Frameworks/OpenDirectory.framework/Versions/A/OpenDirectory
0x000000000bd18000 	/System/Library/PrivateFrameworks/CommonAuth.framework/Versions/A/CommonAuth
0x000000000bd18000 	/System/Library/Frameworks/SecurityFoundation.framework/Versions/A/SecurityFoundation
0x000000000bd18000 	/System/Library/PrivateFrameworks/Bom.framework/Versions/A/Bom
0x000000000bd18000 	/System/Library/Frameworks/CoreVideo.framework/Versions/A/CoreVideo
0x000000000bd18000 	/System/Library/Frameworks/QuartzCore.framework/Versions/A/Frameworks/CoreImage.framework/Versions/A/CoreImage
0x000000000bd18000 	/System/Library/Frameworks/QuartzCore.framework/Versions/A/Frameworks/ScalableUserInterface.framework/Versions/A/ScalableUserInterface
0x000000000bd18000 	/System/Library/Frameworks/OpenGL.framework/Versions/A/Libraries/libGLU.dylib
0x000000000bd18000 	/System/Library/Frameworks/OpenGL.framework/Versions/A/Libraries/libGFXShared.dylib
0x000000000bd18000 	/System/Library/Frameworks/OpenGL.framework/Versions/A/Libraries/libGL.dylib
0x000000000bd18000 	/System/Library/Frameworks/OpenGL.framework/Versions/A/Libraries/libGLImage.dylib
0x000000000bd18000 	/System/Library/Frameworks/OpenGL.framework/Versions/A/Libraries/libCVMSPluginSupport.dylib
0x000000000bd18000 	/System/Library/Frameworks/OpenGL.framework/Versions/A/Libraries/libCoreVMClient.dylib
0x000000000bd18000 	/System/Library/PrivateFrameworks/FaceCore.framework/Versions/A/FaceCore
0x000000000bd18000 	/System/Library/PrivateFrameworks/CrashReporterSupport.framework/Versions/A/CrashReporterSupport
0x000000000bd18000 	/System/Library/Frameworks/OpenCL.framework/Versions/A/OpenCL
0x000000000bd18000 	/System/Library/PrivateFrameworks/AppleFSCompression.framework/Versions/A/AppleFSCompression
0x000000000bd18000 	/System/Library/PrivateFrameworks/Ubiquity.framework/Versions/A/Ubiquity
0x000000000bd18000 	/System/Library/PrivateFrameworks/IconServices.framework/Versions/A/IconServices
0x000000000bd18000 	/System/Library/PrivateFrameworks/ChunkingLibrary.framework/Versions/A/ChunkingLibrary
0x000000000bd18000 	/System/Library/PrivateFrameworks/CoreSymbolication.framework/Versions/A/CoreSymbolication
0x000000000bd18000 	/System/Library/PrivateFrameworks/Symbolication.framework/Versions/A/Symbolication
0x000000000bd18000 	/System/Library/PrivateFrameworks/DebugSymbols.framework/Versions/A/DebugSymbols
0x000000010d800000 	/Library/Java/JavaVirtualMachines/jdk1.7.0_60.jdk/Contents/Home/jre/lib/server/libjvm.dylib
0x000000000bd18000 	/usr/lib/libstdc++.6.dylib
0x000000010cf25000 	/Library/Java/JavaVirtualMachines/jdk1.7.0_60.jdk/Contents/Home/jre/lib/libverify.dylib
0x000000010cf32000 	/Library/Java/JavaVirtualMachines/jdk1.7.0_60.jdk/Contents/Home/jre/lib/libjava.dylib
0x000000010cf6c000 	/Library/Java/JavaVirtualMachines/jdk1.7.0_60.jdk/Contents/Home/jre/lib/libzip.dylib
0x0000000115eb3000 	/System/Library/Frameworks/JavaVM.framework/Frameworks/JavaRuntimeSupport.framework/JavaRuntimeSupport
0x0000000115ecb000 	/System/Library/Frameworks/JavaVM.framework/Versions/A/Frameworks/JavaNativeFoundation.framework/Versions/A/JavaNativeFoundation
0x0000000115ee0000 	/System/Library/Frameworks/JavaVM.framework/Versions/A/JavaVM
0x000000000bd18000 	/System/Library/Frameworks/Carbon.framework/Versions/A/Carbon
0x0000000115eed000 	/System/Library/PrivateFrameworks/JavaLaunching.framework/Versions/A/JavaLaunching
0x000000000bd18000 	/System/Library/Frameworks/Carbon.framework/Versions/A/Frameworks/CommonPanels.framework/Versions/A/CommonPanels
0x000000000bd18000 	/System/Library/Frameworks/Carbon.framework/Versions/A/Frameworks/Help.framework/Versions/A/Help
0x000000000bd18000 	/System/Library/Frameworks/Carbon.framework/Versions/A/Frameworks/ImageCapture.framework/Versions/A/ImageCapture
0x000000000bd18000 	/System/Library/Frameworks/Carbon.framework/Versions/A/Frameworks/OpenScripting.framework/Versions/A/OpenScripting
0x000000000bd18000 	/System/Library/Frameworks/Carbon.framework/Versions/A/Frameworks/Print.framework/Versions/A/Print
0x000000000bd18000 	/System/Library/Frameworks/Carbon.framework/Versions/A/Frameworks/SecurityHI.framework/Versions/A/SecurityHI
0x0000000116b7e000 	/Applications/IntelliJ IDEA 14 CE.app/Contents/bin/libbreakgen64.jnilib
0x0000000116c84000 	/Library/Java/JavaVirtualMachines/jdk1.7.0_60.jdk/Contents/Home/jre/lib/libnet.dylib
0x0000000116e22000 	/Library/Java/JavaVirtualMachines/jdk1.7.0_60.jdk/Contents/Home/jre/lib/libmanagement.dylib
0x0000000116e2a000 	/Library/Java/JavaVirtualMachines/jdk1.7.0_60.jdk/Contents/Home/jre/lib/libnio.dylib
0x0000000117501000 	/Library/Java/JavaVirtualMachines/jdk1.7.0_60.jdk/Contents/Home/jre/lib/libawt.dylib
0x000000011775d000 	/Library/Java/JavaVirtualMachines/jdk1.7.0_60.jdk/Contents/Home/jre/lib/./libmlib_image.dylib
0x0000000117829000 	/Library/Java/JavaVirtualMachines/jdk1.7.0_60.jdk/Contents/Home/jre/lib/lwawt/liblwawt.dylib
0x0000000116d09000 	/Library/Java/JavaVirtualMachines/jdk1.7.0_60.jdk/Contents/Home/jre/lib/libosxapp.dylib
0x000000000bd18000 	/System/Library/Frameworks/ExceptionHandling.framework/Versions/A/ExceptionHandling
0x000000000bd18000 	/System/Library/PrivateFrameworks/CoreServicesInternal.framework/Versions/A/CoreServicesInternal
0x000000000bd18000 	/System/Library/PrivateFrameworks/Librarian.framework/Versions/A/Librarian
0x000000000bd18000 	/System/Library/Frameworks/CoreGraphics.framework/Versions/A/Resources/libCGCMS.A.dylib
0x000000000bd18000 	/System/Library/Frameworks/CoreGraphics.framework/Versions/A/Resources/libRIP.A.dylib
0x000000000bd18000 	/System/Library/Frameworks/CoreGraphics.framework/Versions/A/Resources/libCGXType.A.dylib
0x000000000bd18000 	/System/Library/PrivateFrameworks/FamilyControls.framework/Versions/A/FamilyControls
0x000000000bd18000 	/System/Library/PrivateFrameworks/CommerceKit.framework/Versions/A/Frameworks/CommerceCore.framework/Versions/A/CommerceCore
0x000000000bd18000 	/System/Library/PrivateFrameworks/SystemAdministration.framework/Versions/A/SystemAdministration
0x000000000bd18000 	/System/Library/Frameworks/DirectoryService.framework/Versions/A/DirectoryService
0x000000000bd18000 	/System/Library/PrivateFrameworks/DiskImages.framework/Versions/A/DiskImages
0x000000000bd18000 	/System/Library/PrivateFrameworks/LoginUIKit.framework/Versions/A/Frameworks/LoginUICore.framework/Versions/A/LoginUICore
0x000000000bd18000 	/usr/lib/libCoreStorage.dylib
0x000000000bd18000 	/usr/lib/libcsfde.dylib
0x000000000bd18000 	/usr/lib/libodfde.dylib
0x000000000bd18000 	/System/Library/Frameworks/DiscRecording.framework/Versions/A/DiscRecording
0x000000000bd18000 	/usr/lib/libcurl.4.dylib
0x000000000bd18000 	/System/Library/PrivateFrameworks/MediaKit.framework/Versions/A/MediaKit
0x000000000bd18000 	/System/Library/PrivateFrameworks/EFILogin.framework/Versions/A/EFILogin
0x000000000bd18000 	/usr/lib/libutil.dylib
0x000000000bd18000 	/System/Library/PrivateFrameworks/AOSNotification.framework/Versions/A/AOSNotification
0x000000000bd18000 	/System/Library/Frameworks/LDAP.framework/Versions/A/LDAP
0x000000000bd18000 	/usr/lib/libsasl2.2.dylib
0x000000000bd18000 	/usr/lib/libcrypto.0.9.8.dylib
0x000000000bd18000 	/usr/lib/libssl.0.9.8.dylib
0x0000000116ed1000 	/Library/Java/JavaVirtualMachines/jdk1.7.0_60.jdk/Contents/Home/jre/lib/libfontmanager.dylib
0x00000001171f6000 	/Users/lingfamily/.gradle/caches/minecraft/net/minecraft/minecraft_natives/1.7.10/liblwjgl.jnilib
0x0000000115f0c000 	/Library/Java/JavaVirtualMachines/jdk1.7.0_60.jdk/Contents/Home/jre/lib/libjawt.dylib
0x000000000bd18000 	/System/Library/Frameworks/OpenGL.framework/Versions/A/Resources/GLEngine.bundle/GLEngine
0x000000000bd18000 	/System/Library/Frameworks/OpenGL.framework/Versions/A/Libraries/libGLProgrammability.dylib
0x0000000000000000 	/System/Library/Extensions/ATIRadeonX2000GLDriver.bundle/Contents/MacOS/ATIRadeonX2000GLDriver
0x0000000116d2b000 	/System/Library/PrivateFrameworks/GPUSupport.framework/Versions/A/Libraries/libGPUSupport.dylib
0x000000000bd18000 	/System/Library/Frameworks/OpenGL.framework/Versions/A/Resources/GLRendererFloat.bundle/GLRendererFloat
0x000000000bd18000 	/System/Library/Frameworks/OpenCL.framework/Versions/A/Libraries/libcldcpuengine.dylib
0x0000000116d02000 	cl_kernels
0x0000000119c7d000 	/System/Library/Frameworks/OpenCL.framework/Versions/A/Libraries/ImageFormats/unorm8_bgra.dylib
0x0000000116d25000 	cl_kernels
0x0000000119da5000 	/Users/lingfamily/.gradle/caches/minecraft/net/minecraft/minecraft_natives/1.7.10/libtwitchsdk.dylib
0x000000000bd18000 	/System/Library/Frameworks/AVFoundation.framework/Versions/A/AVFoundation
0x000000000bd18000 	/System/Library/Frameworks/CoreMedia.framework/Versions/A/CoreMedia
0x000000000bd18000 	/System/Library/Frameworks/AVFoundation.framework/Versions/A/Resources/libAVFAudio.dylib
0x000000000bd18000 	/System/Library/Frameworks/MediaToolbox.framework/Versions/A/MediaToolbox
0x000000000bd18000 	/System/Library/Frameworks/VideoToolbox.framework/Versions/A/VideoToolbox
0x000000000bd18000 	/System/Library/Frameworks/CoreMediaIO.framework/Versions/A/CoreMediaIO
0x000000000bd18000 	/System/Library/PrivateFrameworks/CoreMediaAuthoring.framework/Versions/A/CoreMediaAuthoring
0x000000000bd18000 	/System/Library/PrivateFrameworks/MediaControlSender.framework/Versions/A/MediaControlSender
0x000000000bd18000 	/System/Library/PrivateFrameworks/CoreAVCHD.framework/Versions/A/CoreAVCHD
0x000000000bd18000 	/System/Library/Frameworks/MediaAccessibility.framework/Versions/A/MediaAccessibility
0x000000000bd18000 	/System/Library/PrivateFrameworks/Mangrove.framework/Versions/A/Mangrove
0x000000000bd18000 	/System/Library/PrivateFrameworks/CoreAUC.framework/Versions/A/CoreAUC
0x000000000bd18000 	/System/Library/PrivateFrameworks/Apple80211.framework/Versions/A/Apple80211
0x000000000bd18000 	/System/Library/PrivateFrameworks/AppleSRP.framework/Versions/A/AppleSRP
0x000000000bd18000 	/System/Library/PrivateFrameworks/CoreUtils.framework/Versions/A/CoreUtils
0x000000000bd18000 	/System/Library/Frameworks/CoreWLAN.framework/Versions/A/CoreWLAN
0x000000000bd18000 	/usr/lib/libpcap.A.dylib
0x000000000bd18000 	/System/Library/Frameworks/CoreWiFi.framework/Versions/A/CoreWiFi
0x000000000bd18000 	/System/Library/PrivateFrameworks/AppleVA.framework/Versions/A/AppleVA
0x000000000bd18000 	/System/Library/PrivateFrameworks/XPCService.framework/Versions/A/XPCService
0x000000000bd18000 	/System/Library/PrivateFrameworks/AppSandbox.framework/Versions/A/AppSandbox
0x000000000bd18000 	/usr/lib/libsandbox.1.dylib
0x000000000bd18000 	/System/Library/PrivateFrameworks/AppContainer.framework/Versions/A/AppContainer
0x000000000bd18000 	/System/Library/PrivateFrameworks/SecCodeWrapper.framework/Versions/A/SecCodeWrapper
0x000000000bd18000 	/usr/lib/libMatch.1.dylib
0x0000000117a4b000 	/Users/lingfamily/.gradle/caches/minecraft/net/minecraft/minecraft_natives/1.7.10/openal.dylib
0x000000011f003000 	/System/Library/Components/CoreAudio.component/Contents/MacOS/CoreAudio
0x0000000115fa6000 	/System/Library/Extensions/AppleHDA.kext/Contents/PlugIns/AppleHDAHALPlugIn.bundle/Contents/MacOS/AppleHDAHALPlugIn

VM Arguments:
jvm_args: -Xincgc -Xmx1024M -Xms1024M -Didea.launcher.port=7535 -Didea.launcher.bin.path=/Applications/IntelliJ IDEA 14 CE.app/Contents/bin -Dfile.encoding=UTF-8 
java_command: com.intellij.rt.execution.application.AppMain GradleStart
Launcher Type: SUN_STANDARD

Environment Variables:
PATH=/usr/local/mysql/bin:/Library/Frameworks/Python.framework/Versions/3.4/bin:/usr/bin:/bin:/usr/sbin:/sbin:/usr/local/bin
SHELL=/bin/bash

Signal Handlers:
SIGSEGV: [libjvm.dylib+0x52b7b1], sa_mask[0]=0xfffefeff, sa_flags=0x00000043
SIGBUS: [libjvm.dylib+0x52b7b1], sa_mask[0]=0xfffefeff, sa_flags=0x00000042
SIGFPE: [libjvm.dylib+0x41e28a], sa_mask[0]=0xfffefeff, sa_flags=0x00000042
SIGPIPE: [libjvm.dylib+0x41e28a], sa_mask[0]=0xfffefeff, sa_flags=0x00000042
SIGXFSZ: [libjvm.dylib+0x41e28a], sa_mask[0]=0xfffefeff, sa_flags=0x00000042
SIGILL: [libjvm.dylib+0x41e28a], sa_mask[0]=0xfffefeff, sa_flags=0x00000042
SIGUSR1: SIG_DFL, sa_mask[0]=0x00000000, sa_flags=0x00000002
SIGUSR2: [libjvm.dylib+0x41dd7c], sa_mask[0]=0x00000004, sa_flags=0x00000042
SIGHUP: [libjvm.dylib+0x41c00b], sa_mask[0]=0xfffefeff, sa_flags=0x00000042
SIGINT: [libjvm.dylib+0x41c00b], sa_mask[0]=0xfffefeff, sa_flags=0x00000042
SIGTERM: [libjvm.dylib+0x41c00b], sa_mask[0]=0xfffefeff, sa_flags=0x00000042
SIGQUIT: [libjvm.dylib+0x41c00b], sa_mask[0]=0xfffefeff, sa_flags=0x00000042


---------------  S Y S T E M  ---------------

OS:Bsduname:Darwin 13.3.0 Darwin Kernel Version 13.3.0: Tue Jun  3 21:27:35 PDT 2014; root:xnu-2422.110.17~1/RELEASE_X86_64 x86_64
rlimit: STACK 8192k, CORE 0k, NPROC 709, NOFILE 10240, AS infinity
load average:3.04 2.63 2.53

CPU:total 4 (2 cores per cpu, 2 threads per core) family 6 model 37 stepping 5, cmov, cx8, fxsr, mmx, sse, sse2, sse3, ssse3, sse4.1, sse4.2, popcnt, ht, tsc, tscinvbit

Memory: 4k page, physical 4194304k(1048576k free)

/proc/meminfo:


vm_info: Java HotSpot(TM) 64-Bit Server VM (24.60-b09) for bsd-amd64 JRE (1.7.0_60-b19), built on May  7 2014 12:52:25 by "java_re" with gcc 4.2.1 (Based on Apple Inc. build 5658) (LLVM build 2336.11.00)

time: Fri Dec 19 15:34:45 2014
elapsed time: 38 seconds

