#
# A fatal error has been detected by the Java Runtime Environment:
#
#  SIGSEGV (0xb) at pc=0x0000000000000000, pid=9304, tid=53523
#
# JRE version: Java(TM) SE Runtime Environment (7.0_60-b19) (build 1.7.0_60-b19)
# Java VM: Java HotSpot(TM) 64-Bit Server VM (24.60-b09 mixed mode bsd-amd64 compressed oops)
# Problematic frame:
# C  0x0000000000000000
#
# Failed to write core dump. Core dumps have been disabled. To enable core dumping, try "ulimit -c unlimited" before starting Java again
#
# If you would like to submit a bug report, please visit:
#   http://bugreport.sun.com/bugreport/crash.jsp
#

---------------  T H R E A D  ---------------

Current thread is native thread

siginfo:si_signo=SIGSEGV: si_errno=0, si_code=1 (SEGV_MAPERR), si_addr=0x0000000000000000

Registers:
RAX=0x000000011bfcc508, RBX=0x00000000000161b0, RCX=0x0000000000000010, RDX=0xfffffffffffffff0
RSP=0x000000011f24da18, RBP=0x000000011f24dac0, RSI=0x0000000000000000, RDI=0x00007f88abab2e00
R8 =0x0000000000000200, R9 =0x00007f88a3dd59e0, R10=0x000000011ea9b05c, R11=0x0000000000000b50
R12=0x00007f88a3dd59e0, R13=0x00007f88abab2e00, R14=0x0000000000000200, R15=0x0000000000000800
RIP=0x0000000000000000, EFLAGS=0x0000000000010246, ERR=0x0000000000000014
  TRAPNO=0x000000000000000e

Top of Stack: (sp=0x000000011f24da18)
0x000000011f24da18:   000000011bf9e639 000000011f24dc6a
0x000000011f24da28:   0000001400000000 00007f88ababafb0
0x000000011f24da38:   0000000117198010 00007f88abab8fb0
0x000000011f24da48:   0000020000000000 0000000000000000
0x000000011f24da58:   0000000000000800 0000000000000200
0x000000011f24da68:   00007f88abab6fb0 00007f88abab2e00
0x000000011f24da78:   0000020000000000 00007f88a3dd4e98
0x000000011f24da88:   000000000000037f 9d0057d08ff22d31
0x000000011f24da98:   00007f88a3cfaea8 00007f88a3dd59e0
0x000000011f24daa8:   00007f88a3dd4e90 0000000000000200
0x000000011f24dab8:   00007f88a3cfae30 000000011f24dad0
0x000000011f24dac8:   000000011bfae2ef 000000011f24db40
0x000000011f24dad8:   000000011ea98230 00007f88a6741bf8
0x000000011f24dae8:   00007f88a6741a00 00007f88a3cfaea8
0x000000011f24daf8:   00000000897ed8f3 000000011f24dc90
0x000000011f24db08:   000000011f24dc88 0000020000000000
0x000000011f24db18:   000000011f24dc88 00007f88a843d130
0x000000011f24db28:   00007f88a6741a00 00007f88a852b0a0
0x000000011f24db38:   0000000000000200 000000011f24db90
0x000000011f24db48:   000000011ea95c61 000000011f24dbd0
0x000000011f24db58:   000000011f24dc90 00000000a6741c28
0x000000011f24db68:   00007f88a6741a00 0000000000000000
0x000000011f24db78:   00007f88a852b0a0 00000000ffffffce
0x000000011f24db88:   0000000000000200 000000011f24dc00
0x000000011f24db98:   000000011ea94515 00007f88a852b0a0
0x000000011f24dba8:   00001fa0171960e0 000000011f24dc88
0x000000011f24dbb8:   00007f88a843d130 00007f88a6741a00
0x000000011f24dbc8:   000000011f24dc90 00009fe000000000
0x000000011f24dbd8:   0000000000000007 00007f88a6741a00
0x000000011f24dbe8:   0000000000000000 00007f88a852b0a0
0x000000011f24dbf8:   0000000117196060 000000011f24dd00
0x000000011f24dc08:   000000011ea9b878 00007f88a8347ce8 

Instructions: (pc=0x0000000000000000)
0xffffffffffffffe0:   

Register to memory mapping:

RAX=
[error occurred during error reporting (printing register info), id 0xb]

Stack: [0x000000011f1ce000,0x000000011f24e000],  sp=0x000000011f24da18,  free space=510k

---------------  P R O C E S S  ---------------

VM state:at safepoint (shutting down)

VM Mutex/Monitor currently owned by a thread:  ([mutex/lock_event])
[0x00007f88a3e01160] Threads_lock - owner thread: 0x00007f88a40c3000

Heap
 par new generation   total 306688K, used 97874K [0x00000007bae00000, 0x00000007cfac0000, 0x00000007cfac0000)
  eden space 272640K,  23% used [0x00000007bae00000, 0x00000007bed25b28, 0x00000007cb840000)
  from space 34048K,  97% used [0x00000007cd980000, 0x00000007cf9eef68, 0x00000007cfac0000)
  to   space 34048K,   0% used [0x00000007cb840000, 0x00000007cb840000, 0x00000007cd980000)
 concurrent mark-sweep generation total 707840K, used 101242K [0x00000007cfac0000, 0x00000007fae00000, 0x00000007fae00000)
 concurrent-mark-sweep perm gen total 60044K, used 36187K [0x00000007fae00000, 0x00000007fe8a3000, 0x0000000800000000)

Card table byte_map: [0x0000000111a0c000,0x0000000111c36000] byte_map_base: 0x000000010dc35000

Polling page: 0x000000010dcc7000

Code Cache  [0x000000010e600000, 0x000000010ed70000, 0x0000000111600000)
 total_blobs=2849 nmethods=2138 adapters=663 free_code_cache=41989Kb largest_free_block=42587968

Compilation events (10 events):
Event: 87.601 Thread 0x00007f88a500b800 2395             net.minecraft.nbt.NBTTagList::getId (3 bytes)
Event: 87.601 Thread 0x00007f88a500b800 nmethod 2395 0x000000010ea96d10 code [0x000000010ea96e40, 0x000000010ea96e98]
Event: 87.602 Thread 0x00007f88a500b000 2396             net.minecraft.nbt.NBTTagList::write (104 bytes)
Event: 87.610 Thread 0x00007f88a500b000 nmethod 2396 0x000000010e9c7c50 code [0x000000010e9c7e20, 0x000000010e9c8358]
Event: 87.717 Thread 0x00007f88a500b800 2397             net.minecraft.nbt.NBTTagByteArray::write (22 bytes)
Event: 87.721 Thread 0x00007f88a500b800 nmethod 2397 0x000000010ecb0690 code [0x000000010ecb0820, 0x000000010ecb0d28]
Event: 87.831 Thread 0x00007f88a500b000 2398             java.io.DataOutputStream::writeUTF (7 bytes)
Event: 87.832 Thread 0x00007f88a500b000 nmethod 2398 0x000000010eaf4a10 code [0x000000010eaf4b60, 0x000000010eaf4be8]
Event: 88.107 