#
# A fatal error has been detected by the Java Runtime Environment:
#
#  SIGSEGV (0xb) at pc=0x0000000000000000, pid=7790, tid=53771
#
# JRE version: Java(TM) SE Runtime Environment (7.0_60-b19) (build 1.7.0_60-b19)
# Java VM: Java HotSpot(TM) 64-Bit Server VM (24.60-b09 mixed mode bsd-amd64 compressed oops)
# Problematic frame:
# C  0x0000000000000000
#
# Failed to write core dump. Core dumps have been disabled. To enable core dumping, try "ulimit -c unlimited" before starting Java again
#
# If you would like to submit a bug report, please visit:
#   http://bugreport.sun.com/bugreport/crash.jsp
#

---------------  T H R E A D  ---------------

Current thread is native thread

siginfo:si_signo=SIGSEGV: si_errno=0, si_code=1 (SEGV_MAPERR), si_addr=0x0000000000000000

Registers:
RAX=0x000000010d118508, RBX=0x00000000000161b0, RCX=0x0000000000000010, RDX=0xfffffffffffffff0
RSP=0x0000000112327a18, RBP=0x0000000112327ac0, RSI=0x0000000000000000, RDI=0x00007fa81b321400
R8 =0x0000000000000200, R9 =0x00007fa8168d3e70, R10=0x000000011465e05c, R11=0x0000000000006150
R12=0x00007fa8168d3e70, R13=0x00007fa81b321400, R14=0x0000000000000200, R15=0x0000000000000800
RIP=0x0000000000000000, EFLAGS=0x0000000000010246, ERR=0x0000000000000014
  TRAPNO=0x000000000000000e

Top of Stack: (sp=0x0000000112327a18)
0x0000000112327a18:   000000010d0ea639 0000000112327c6a
0x0000000112327a28:   0000001400000000 00007fa81b3295b0
0x0000000112327a38:   000000010c822010 00007fa81b3275b0
0x0000000112327a48:   0000020000000000 0000000000000000
0x0000000112327a58:   0000000000000800 0000000000000200
0x0000000112327a68:   00007fa81b3255b0 00007fa81b321400
0x0000000112327a78:   0000020000000000 00007fa8168cdd28
0x0000000112327a88:   000000000000037f 1b00d3d6c262eae5
0x0000000112327a98:   00007fa816d303b8 00007fa8168d3e70
0x0000000112327aa8:   00007fa8168cdd20 0000000000000200
0x0000000112327ab8:   00007fa816d30340 0000000112327ad0
0x0000000112327ac8:   000000010d0fa2ef 0000000112327b40
0x0000000112327ad8:   000000011465b230 00007fa814fce3f8
0x0000000112327ae8:   00007fa814fce200 00007fa816d303b8
0x0000000112327af8:   00000000897ed8f3 0000000112327c90
0x0000000112327b08:   0000000112327c88 0000020000000000
0x0000000112327b18:   0000000112327c88 00007fa816d2d8d0
0x0000000112327b28:   00007fa814fce200 00007fa816d0aa80
0x0000000112327b38:   0000000000000200 0000000112327b90
0x0000000112327b48:   0000000114658c61 0000000112327bd0
0x0000000112327b58:   0000000112327c90 0000000014fce428
0x0000000112327b68:   00007fa814fce200 0000000000000000
0x0000000112327b78:   00007fa816d0aa80 00000000ffffffce
0x0000000112327b88:   0000000000000200 0000000112327c00
0x0000000112327b98:   0000000114657515 00007fa816d0aa80
0x0000000112327ba8:   00001fa00c8200e0 0000000112327c88
0x0000000112327bb8:   00007fa816d2d8d0 00007fa814fce200
0x0000000112327bc8:   0000000112327c90 00009fe000000000
0x0000000112327bd8:   00007fa800000007 00007fa814fce200
0x0000000112327be8:   0000000000000000 00007fa816d0aa80
0x0000000112327bf8:   000000010c820060 0000000112327d00
0x0000000112327c08:   000000011465e878 00007fa816d051f8 

Instructions: (pc=0x0000000000000000)
0xffffffffffffffe0:   

Register to memory mapping:

RAX=
[error occurred during error reporting (printing register info), id 0xb]

Stack: [0x00000001122a8000,0x0000000112328000],  sp=0x0000000112327a18,  free space=510k

---------------  P R O C E S S  ---------------

VM state:at safepoint (shutting down)

VM Mutex/Monitor currently owned by a thread:  ([mutex/lock_event])
[0x00007fa812d0ebd0] Threads_lock - owner thread: 0x00007fa81486a000

Heap
 par new generation   total 306688K, used 44100K [0x00000007bae00000, 0x00000007cfac0000, 0x00000007cfac0000)
  eden space 272640K,  15% used [0x00000007bae00000, 0x00000007bd6630c8, 0x00000007cb840000)
  from space 34048K,   8% used [0x00000007cd980000, 0x00000007cdc2dfc8, 0x00000007cfac0000)
  to   space 34048K,   0% used [0x00000007cb840000, 0x00000007cb840000, 0x00000007cd980000)
 concurrent mark-sweep generation total 707840K, used 93320K [0x00000007cfac0000, 0x00000007fae00000, 0x00000007fae00000)
 concurrent-mark-sweep perm gen total 63692K, used 38178K [0x00000007fae00000, 0x00000007fec33000, 0x0000000800000000)

Card table byte_map: [0x0000000106e2e000,0x0000000107058000] byte_map_base: 0x0000000103057000

Polling page: 0x000000010258e000

Code Cache  [0x0000000103962000, 0x0000000104152000, 0x0000000106962000)
 total_blobs=3229 nmethods=2456 adapters=725 free_code_cache=41150Kb largest_free_block=42016064

Compilation events (10 events):
Event: 187.014 Thread 0x00007fa814001000 2740             net.minecraft.nbt.NBTTagList::<init> (21 bytes)
Event: 187.015 Thread 0x00007fa814001000 nmethod 2740 0x000000010408aa10 code [0x000000010408ab60, 0x000000010408ac58]
Event: 187.039 Thread 0x00007fa814001000 2741             net.minecraft.nbt.NBTTagInt::write (11 bytes)
Event: 187.041 Thread 0x00007fa814001000 nmethod 2741 0x000000010408a590 code [0x000000010408a6e0, 0x000000010408a838]
Event: 187.047 Thread 0x00007fa813056000 2742             net.minecraft.nbt.NBTTagString::getId (3 bytes)
Event: 187.047 Thread 0x00007fa813056000 nmethod 2742 0x0000000104118f10 code [0x0000000104119040, 0x0000000104119098]
Event: 187.065 Thread 0x00007fa814001000 2743             net.minecraft.nbt.NBTTagDouble::getId (3 bytes)
Event: 187.065 Thread 0x00007fa814001000 nmethod 2743 0x000000010408a390 code [0x000000010408a4c0, 0x000000010408a518]
Event: 187.115 Thread 0x00007fa813056000 2744             java.io.FilterOutputStream::write (9 bytes)
Event: 187.117 Thread 0x00007fa813056000 nmethod 2744 0x0000000104147910 code [0x0000000104147a80, 0x0000000104147e88]

GC Heap History (10 events):
Event: 154.793 GC heap before
{Heap before GC invocations=26 (full 20):
 par new generation   total 306688K, used 273527K [0x00000007bae00000, 0x00000007cfac0000, 0x00000007cfac0000)
  eden space 272640K, 100% used [0x00000007bae00000, 0x00000007cb840000, 0x00000007cb840000)
  from space 34048K,   2% used [0x00000007cb840000, 0x00000007cb91de18, 0x00000007cd980000)
  to   space 34048K,   0% used [0x00000007cd980000, 0x00000007cd980000, 0x00000007cfac0000)
 concurrent mark-sweep generation total 707840K, used 93181K [0x00000007cfac0000, 0x00000007fae00000, 0x00000007fae00000)
 concurrent-mark-sweep perm gen total 63692K, used 38136K [0x00000007fae00000, 0x00000007fec33000, 0x0000000800000000)
Event: 154.797 GC heap after
Heap after GC invocations=27 (full 20):
 par new generation   total 306688K, used 816K [0x00000007bae00000, 0x00000007cfac0000, 0x00000007cfac0000)
  eden space 272640K,   0% used [0x00000007bae00000, 0x00000007bae00000, 0x00000007cb840000)
  from space 34048K,   2% used [0x00000007cd980000, 0x00000007cda4c378, 0x00000007cfac0000)
  to   space 34048K,   0% used [0x00000007cb840000, 0x00000007cb840000, 0x00000007cd980000)
 concurrent mark-sweep generation total 707840K, used 93244K [0x00000007cfac0000, 0x00000007fae00000, 0x00000007fae00000)
 concurrent-mark-sweep perm gen total 63692K, used 38136K [0x00000007fae00000, 0x00000007fec33000, 0x0000000800000000)
}
Event: 162.545 GC heap before
{Heap before GC invocations=27 (full 20):
 par new generation   total 306688K, used 273456K [0x00000007bae00000, 0x00000007cfac0000, 0x00000007cfac0000)
  eden space 272640K, 100% used [0x00000007bae00000, 0x00000007cb840000, 0x00000007cb840000)
  from space 34048K,   2% used [0x00000007cd980000, 0x00000007cda4c378, 0x00000007cfac0000)
  to   space 34048K,   0% used [0x00000007cb840000, 0x00000007cb840000, 0x00000007cd980000)
 concurrent mark-sweep generation total 707840K, used 93244K [0x00000007cfac0000, 0x00000007fae00000, 0x00000007fae00000)
 concurrent-mark-sweep perm gen total 63692K, used 38140K [0x00000007fae00000, 0x00000007fec33000, 0x0000000800000000)
Event: 162.549 GC heap after
Heap after GC invocations=28 (full 20):
 par new generation   total 306688K, used 1443K [0x00000007bae00000, 0x00000007cfac0000, 0x00000007cfac0000)
  eden space 272640K,   0% used [0x00000007bae00000, 0x00000007bae00000, 0x00000007cb840000)
  from space 34048K,   4% used [0x00000007cb840000, 0x00000007cb9a8ff0, 0x00000007cd980000)
  to   space 34048K,   0% used [0x00000007cd980000, 0x00000007cd980000, 0x00000007cfac0000)
 concurrent mark-sweep generation total 707840K, used 93261K [0x00000007cfac0000, 0x00000007fae00000, 0x00000007fae00000)
 concurrent-mark-sweep perm gen total 63692K, used 38140K [0x00000007fae00000, 0x00000007fec33000, 0x0000000800000000)
}
Event: 170.694 GC heap before
{Heap before GC invocations=28 (full 20):
 par new generation   total 306688K, used 274083K [0x00000007bae00000, 0x00000007cfac0000, 0x00000007cfac0000)
  eden space 272640K, 100% used [0x00000007bae00000, 0x00000007cb840000, 0x00000007cb840000)
  from space 34048K,   4% used [0x00000007cb840000, 0x00000007cb9a8ff0, 0x00000007cd980000)
  to   space 34048K,   0% used [0x00000007cd980000, 0x00000007cd980000, 0x00000007cfac0000)
 concurrent mark-sweep generation total 707840K, used 93261K [0x00000007cfac0000, 0x00000007fae00000, 0x00000007fae00000)
 concurrent-mark-sweep perm gen total 63692K, used 38148K [0x00000007fae00000, 0x00000007fec33000, 0x0000000800000000)
Event: 170.698 GC heap after
Heap after GC invocations=29 (full 20):
 par new generation   total 306688K, used 2209K [0x00000007bae00000, 0x00000007cfac0000, 0x00000007cfac0000)
  eden space 272640K,   0% used [0x00000007bae00000, 0x00000007bae00000, 0x00000007cb840000)
  from space 34048K,   6% used [0x00000007cd980000, 0x00000007cdba84e0, 0x00000007cfac0000)
  to   space 34048K,   0% used [0x00000007cb840000, 0x00000007cb840000, 0x00000007cd980000)
 concurrent mark-sweep generation total 707840K, used 93277K [0x00000007cfac0000, 0x00000007fae00000, 0x00000007fae00000)
 concurrent-mark-sweep perm gen total 63692K, used 38148K [0x00000007fae00000, 0x00000007fec33000, 0x0000000800000000)
}
Event: 178.441 GC heap before
{Heap before GC invocations=29 (full 20):
 par new generation   total 306688K, used 274849K [0x00000007bae00000, 0x00000007cfac0000, 0x00000007cfac0000)
  eden space 272640K, 100% used [0x00000007bae00000, 0x00000007cb840000, 0x00000007cb840000)
  from space 34048K,   6% used [0x00000007cd980000, 0x00000007cdba84e0, 0x00000007cfac0000)
  to   space 34048K,   0% used [0x00000007cb840000, 0x00000007cb840000, 0x00000007cd980000)
 concurrent mark-sweep generation total 707840K, used 93277K [0x00000007cfac0000, 0x00000007fae00000, 0x00000007fae00000)
 concurrent-mark-sweep perm gen total 63692K, used 38152K [0x00000007fae00000, 0x00000007fec33000, 0x0000000800000000)
Event: 178.446 GC heap after
Heap after GC invocations=30 (full 20):
 par new generation   total 306688K, used 2277K [0x00000007bae00000, 0x00000007cfac0000, 0x00000007cfac0000)
  eden space 272640K,   0% used [0x00000007bae00000, 0x00000007bae00000, 0x00000007cb840000)
  from space 34048K,   6% used [0x00000007cb840000, 0x00000007cba79620, 0x00000007cd980000)
  to   space 34048K,   0% used [0x00000007cd980000, 0x00000007cd980000, 0x00000007cfac0000)
 concurrent mark-sweep generation total 707840K, used 93317K [0x00000007cfac0000, 0x00000007fae00000, 0x00000007fae00000)
 concurrent-mark-sweep perm gen total 63692K, used 38152K [0x00000007fae00000, 0x00000007fec33000, 0x0000000800000000)
}
Event: 186.440 GC heap before
{Heap before GC invocations=30 (full 20):
 par new generation   total 306688K, used 274917K [0x00000007bae00000, 0x00000007cfac0000, 0x00000007cfac0000)
  eden space 272640K, 100% used [0x00000007bae00000, 0x00000007cb840000, 0x00000007cb840000)
  from space 34048K,   6% used [0x00000007cb840000, 0x00000007cba79620, 0x00000007cd980000)
  to   space 34048K,   0% used [0x00000007cd980000, 0x00000007cd980000, 0x00000007cfac0000)
 concurrent mark-sweep generation total 707840K, used 93317K [0x00000007cfac0000, 0x00000007fae00000, 0x00000007fae00000)
 concurrent-mark-sweep perm gen total 63692K, used 38154K [0x00000007fae00000, 0x00000007fec33000, 0x0000000800000000)
Event: 186.445 GC heap after
Heap after GC invocations=31 (full 20):
 par new generation   total 306688K, used 2743K [0x00000007bae00000, 0x00000007cfac0000, 0x00000007cfac0000)
  eden space 272640K,   0% used [0x00000007bae00000, 0x00000007bae00000, 0x00000007cb840000)
  from space 34048K,   8% used [0x00000007cd980000, 0x00000007cdc2dfc8, 0x00000007cfac0000)
  to   space 34048K,   0% used [0x00000007cb840000, 0x00000007cb840000, 0x00000007cd980000)
 concurrent mark-sweep generation total 707840K, used 93320K [0x00000007cfac0000, 0x00000007fae00000, 0x00000007fae00000)
 concurrent-mark-sweep perm gen total 63692K, used 38154K [0x00000007fae00000, 0x00000007fec33000, 0x0000000800000000)
}

Deoptimization events (10 events):
Event: 187.037 Thread 0x00007fa813006800 Uncommon trap: reason=null_check action=make_not_entrant pc=0x00000001041019f4 method=net.minecraft.client.resources.Locale.translateKeyPrivate(Ljava/lang/String;)Ljava/lang/String; @ 10
Event: 187.059 Thread 0x00007fa81a0da800 Uncommon trap: reason=bimorphic action=maybe_recompile pc=0x0000000103f01534 method=java.io.BufferedInputStream.read1([BII)I @ 39
Event: 187.059 Thread 0x00007fa81a0da800 Uncommon trap: reason=bimorphic action=maybe_recompile pc=0x0000000103f01534 method=java.io.BufferedInputStream.read1([BII)I @ 39
Event: 187.104 Thread 0x00007fa81a0da800 Uncommon trap: reason=bimorphic action=maybe_recompile pc=0x0000000103d0739c method=java.lang.Throwable.<init>(Ljava/lang/String;)V @ 24
Event: 187.104 Thread 0x00007fa81a0da800 Uncommon trap: reason=bimorphic action=maybe_recompile pc=0x0000000103d0739c method=java.lang.Throwable.<init>(Ljava/lang/String;)V @ 24
Event: 187.104 Thread 0x00007fa81a0da800 Uncommon trap: reason=bimorphic action=maybe_recompile pc=0x0000000103d0739c method=java.lang.Throwable.<init>(Ljava/lang/String;)V @ 24
Event: 187.104 Thread 0x00007fa81a0da800 Uncommon trap: reason=bimorphic action=maybe_recompile pc=0x0000000103d0739c method=java.lang.Throwable.<init>(Ljava/lang/String;)V @ 24
Event: 187.105 Thread 0x00007fa81a0da800 Uncommon trap: reason=null_check action=make_not_entrant pc=0x0000000103e7b2a4 method=java.lang.Boolean.equals(Ljava/lang/Object;)Z @ 1
Event: 187.109 Thread 0x00007fa81a0da800 Uncommon trap: reason=bimorphic action=maybe_recompile pc=0x0000000103f01534 method=java.io.BufferedInputStream.read1([BII)I @ 39
Event: 187.109 Thread 0x00007fa81a0da800 Uncommon trap: reason=bimorphic action=maybe_recompile pc=0x0000000103f01534 method=java.io.BufferedInputStream.read1([BII)I @ 39

Internal exceptions (10 events):
Event: 187.011 Thread 0x00007fa8167f7800 Threw 0x00000007bc3067d0 at /HUDSON/workspace/7u-2-build-macosx-x86_64/jdk7u60/1081/hotspot/src/share/vm/prims/jvm.cpp:2965
Event: 187.011 Thread 0x00007fa8167f7800 Threw 0x00000007bc306968 at /HUDSON/workspace/7u-2-build-macosx-x86_64/jdk7u60/1081/hotspot/src/share/vm/prims/jvm.cpp:2965
Event: 187.018 Thread 0x00007fa8167f7800 Threw 0x00000007bc306b00 at /HUDSON/workspace/7u-2-build-macosx-x86_64/jdk7u60/1081/hotspot/src/share/vm/prims/jvm.cpp:2965
Event: 187.026 Thread 0x00007fa8167f7800 Threw 0x00000007bc306cc0 at /HUDSON/workspace/7u-2-build-macosx-x86_64/jdk7u60/1081/hotspot/src/share/vm/prims/jvm.cpp:2965
Event: 187.031 Thread 0x00007fa8167f7800 Threw 0x00000007bc306e80 at /HUDSON/workspace/7u-2-build-macosx-x86_64/jdk7u60/1081/hotspot/src/share/vm/prims/jvm.cpp:2965
Event: 187.057 Thread 0x00007fa81a0da800 Threw 0x00000007bc222228 at /HUDSON/workspace/7u-2-build-macosx-x86_64/jdk7u60/1081/hotspot/src/share/vm/prims/jvm.cpp:1244
Event: 187.058 Thread 0x00007fa81a0da800 Threw 0x00000007bc229b20 at /HUDSON/workspace/7u-2-build-macosx-x86_64/jdk7u60/1081/hotspot/src/share/vm/prims/jvm.cpp:1244
Event: 187.070 Thread 0x00007fa81a0da800 Threw 0x00000007bcfcbc08 at /HUDSON/workspace/7u-2-build-macosx-x86_64/jdk7u60/1081/hotspot/src/share/vm/prims/jvm.cpp:1244
Event: 187.070 Thread 0x00007fa81a0da800 Threw 0x00000007bcfd2c70 at /HUDSON/workspace/7u-2-build-macosx-x86_64/jdk7u60/1081/hotspot/src/share/vm/prims/jvm.cpp:1244
Event: 187.105 Thread 0x00007fa81a0da800 Implicit null exception at 0x0000000103e7b24c to 0x0000000103e7b295

Events (10 events):
Event: 187.109 Thread 0x00007fa81a0da800 DEOPT UNPACKING pc=0x000000010399b045 sp=0x00000001161873c8 mode 2
Event: 187.109 Thread 0x00007fa81a0da800 Uncommon trap: trap_request=0xffffffc6 fr.pc=0x0000000103f01534
Event: 187.109 Thread 0x00007fa81a0da800 DEOPT PACKING pc=0x0000000103f01534 sp=0x0000000116187470
Event: 187.109 Thread 0x00007fa81a0da800 DEOPT UNPACKING pc=0x000000010399b045 sp=0x00000001161873c8 mode 2
Event: 187.144 loading class 0x000000010b023ad0
Event: 187.156 loading class 0x000000010b023ad0 done
Event: 187.157 Executing VM operation: RevokeBias
Event: 187.157 Executing VM operation: RevokeBias done
Event: 187.157 Thread 0x00007fa813437000 Thread exited: 0x00007fa813437000
Event: 187.157 Executing VM operation: Exit


Dynamic libraries:
0x000000000702e000 	/System/Library/Frameworks/Cocoa.framework/Versions/A/Cocoa
0x000000000702e000 	/System/Library/Frameworks/Security.framework/Versions/A/Security
0x000000000702e000 	/System/Library/Frameworks/ApplicationServices.framework/Versions/A/ApplicationServices
0x000000000702e000 	/usr/lib/libz.1.dylib
0x000000000702e000 	/usr/lib/libSystem.B.dylib
0x000000000702e000 	/usr/lib/libobjc.A.dylib
0x000000000702e000 	/System/Library/Frameworks/CoreFoundation.framework/Versions/A/CoreFoundation
0x000000000702e000 	/System/Library/Frameworks/Foundation.framework/Versions/C/Foundation
0x000000000702e000 	/System/Library/Frameworks/AppKit.framework/Versions/C/AppKit
0x000000000702e000 	/System/Library/Frameworks/CoreData.framework/Versions/A/CoreData
0x000000000702e000 	/System/Library/PrivateFrameworks/RemoteViewServices.framework/Versions/A/RemoteViewServices
0x000000000702e000 	/System/Library/Frameworks/AudioToolbox.framework/Versions/A/AudioToolbox
0x000000000702e000 	/System/Library/Frameworks/AudioUnit.framework/Versions/A/AudioUnit
0x000000000702e000 	/System/Library/PrivateFrameworks/DataDetectorsCore.framework/Versions/A/DataDetectorsCore
0x000000000702e000 	/System/Library/PrivateFrameworks/DesktopServicesPriv.framework/Versions/A/DesktopServicesPriv
0x000000000702e000 	/System/Library/Frameworks/Carbon.framework/Versions/A/Frameworks/HIToolbox.framework/Versions/A/HIToolbox
0x000000000702e000 	/System/Library/Frameworks/QuartzCore.framework/Versions/A/QuartzCore
0x000000000702e000 	/System/Library/Frameworks/Carbon.framework/Versions/A/Frameworks/SpeechRecognition.framework/Versions/A/SpeechRecognition
0x000000000702e000 	/usr/lib/libauto.dylib
0x000000000702e000 	/usr/lib/libicucore.A.dylib
0x000000000702e000 	/usr/lib/libxml2.2.dylib
0x000000000702e000 	/System/Library/PrivateFrameworks/CoreUI.framework/Versions/A/CoreUI
0x000000000702e000 	/System/Library/Frameworks/CoreAudio.framework/Versions/A/CoreAudio
0x000000000702e000 	/System/Library/Frameworks/DiskArbitration.framework/Versions/A/DiskArbitration
0x000000000702e000 	/usr/lib/liblangid.dylib
0x000000000702e000 	/System/Library/PrivateFrameworks/MultitouchSupport.framework/Versions/A/MultitouchSupport
0x000000000702e000 	/System/Library/Frameworks/IOKit.framework/Versions/A/IOKit
0x000000000702e000 	/usr/lib/libDiagnosticMessagesClient.dylib
0x000000000702e000 	/System/Library/Frameworks/CoreServices.framework/Versions/A/CoreServices
0x000000000702e000 	/System/Library/PrivateFrameworks/PerformanceAnalysis.framework/Versions/A/PerformanceAnalysis
0x000000000702e000 	/System/Library/PrivateFrameworks/GenerationalStorage.framework/Versions/A/GenerationalStorage
0x000000000702e000 	/System/Library/Frameworks/OpenGL.framework/Versions/A/OpenGL
0x000000000702e000 	/System/Library/PrivateFrameworks/Sharing.framework/Versions/A/Sharing
0x000000000702e000 	/System/Library/Frameworks/ImageIO.framework/Versions/A/ImageIO
0x000000000702e000 	/System/Library/Frameworks/CoreText.framework/Versions/A/CoreText
0x000000000702e000 	/System/Library/Frameworks/CoreGraphics.framework/Versions/A/CoreGraphics
0x000000000702e000 	/System/Library/PrivateFrameworks/Backup.framework/Versions/A/Backup
0x000000000702e000 	/System/Library/Frameworks/CFNetwork.framework/Versions/A/CFNetwork
0x000000000702e000 	/System/Library/Frameworks/SystemConfiguration.framework/Versions/A/SystemConfiguration
0x000000000702e000 	/usr/lib/libCRFSuite.dylib
0x000000000702e000 	/usr/lib/libc++.1.dylib
0x000000000702e000 	/usr/lib/libc++abi.dylib
0x000000000702e000 	/usr/lib/system/libcache.dylib
0x000000000702e000 	/usr/lib/system/libcommonCrypto.dylib
0x000000000702e000 	/usr/lib/system/libcompiler_rt.dylib
0x000000000702e000 	/usr/lib/system/libcopyfile.dylib
0x000000000702e000 	/usr/lib/system/libcorecrypto.dylib
0x000000000702e000 	/usr/lib/system/libdispatch.dylib
0x000000000702e000 	/usr/lib/system/libdyld.dylib
0x000000000702e000 	/usr/lib/system/libkeymgr.dylib
0x000000000702e000 	/usr/lib/system/liblaunch.dylib
0x000000000702e000 	/usr/lib/system/libmacho.dylib
0x000000000702e000 	/usr/lib/system/libquarantine.dylib
0x000000000702e000 	/usr/lib/system/libremovefile.dylib
0x000000000702e000 	/usr/lib/system/libsystem_asl.dylib
0x000000000702e000 	/usr/lib/system/libsystem_blocks.dylib
0x000000000702e000 	/usr/lib/system/libsystem_c.dylib
0x000000000702e000 	/usr/lib/system/libsystem_configuration.dylib
0x000000000702e000 	/usr/lib/system/libsystem_dnssd.dylib
0x000000000702e000 	/usr/lib/system/libsystem_info.dylib
0x000000000702e000 	/usr/lib/system/libsystem_kernel.dylib
0x000000000702e000 	/usr/lib/system/libsystem_m.dylib
0x000000000702e000 	/usr/lib/system/libsystem_malloc.dylib
0x000000000702e000 	/usr/lib/system/libsystem_network.dylib
0x000000000702e000 	/usr/lib/system/libsystem_notify.dylib
0x000000000702e000 	/usr/lib/system/libsystem_platform.dylib
0x000000000702e000 	/usr/lib/system/libsystem_pthread.dylib
0x000000000702e000 	/usr/lib/system/libsystem_sandbox.dylib
0x000000000702e000 	/usr/lib/system/libsystem_stats.dylib
0x000000000702e000 	/usr/lib/system/libunc.dylib
0x000000000702e000 	/usr/lib/system/libunwind.dylib
0x000000000702e000 	/usr/lib/system/libxpc.dylib
0x000000000702e000 	/usr/lib/libbsm.0.dylib
0x000000000702e000 	/usr/lib/libsqlite3.dylib
0x000000000702e000 	/usr/lib/libxar.1.dylib
0x000000000702e000 	/usr/lib/libpam.2.dylib
0x000000000702e000 	/usr/lib/libOpenScriptingUtil.dylib
0x000000000702e000 	/usr/lib/libbz2.1.0.dylib
0x000000000702e000 	/System/Library/Frameworks/CoreServices.framework/Versions/A/Frameworks/CarbonCore.framework/Versions/A/CarbonCore
0x000000000702e000 	/System/Library/Frameworks/CoreServices.framework/Versions/A/Frameworks/Metadata.framework/Versions/A/Metadata
0x000000000702e000 	/System/Library/Frameworks/CoreServices.framework/Versions/A/Frameworks/OSServices.framework/Versions/A/OSServices
0x000000000702e000 	/System/Library/Frameworks/CoreServices.framework/Versions/A/Frameworks/SearchKit.framework/Versions/A/SearchKit
0x000000000702e000 	/System/Library/Frameworks/CoreServices.framework/Versions/A/Frameworks/AE.framework/Versions/A/AE
0x000000000702e000 	/System/Library/Frameworks/CoreServices.framework/Versions/A/Frameworks/LaunchServices.framework/Versions/A/LaunchServices
0x000000000702e000 	/System/Library/Frameworks/CoreServices.framework/Versions/A/Frameworks/DictionaryServices.framework/Versions/A/DictionaryServices
0x000000000702e000 	/System/Library/Frameworks/NetFS.framework/Versions/A/NetFS
0x000000000702e000 	/usr/lib/system/libkxld.dylib
0x000000000702e000 	/System/Library/PrivateFrameworks/NetAuth.framework/Versions/A/NetAuth
0x000000000702e000 	/System/Library/PrivateFrameworks/TCC.framework/Versions/A/TCC
0x000000000702e000 	/System/Library/Frameworks/OpenDirectory.framework/Versions/A/Frameworks/CFOpenDirectory.framework/Versions/A/CFOpenDirectory
0x000000000702e000 	/System/Library/Frameworks/ServiceManagement.framework/Versions/A/ServiceManagement
0x000000000702e000 	/usr/lib/libxslt.1.dylib
0x000000000702e000 	/System/Library/Frameworks/Carbon.framework/Versions/A/Frameworks/Ink.framework/Versions/A/Ink
0x000000000702e000 	/System/Library/Frameworks/ApplicationServices.framework/Versions/A/Frameworks/ATS.framework/Versions/A/ATS
0x000000000702e000 	/System/Library/Frameworks/ApplicationServices.framework/Versions/A/Frameworks/ColorSync.framework/Versions/A/ColorSync
0x000000000702e000 	/System/Library/Frameworks/ApplicationServices.framework/Versions/A/Frameworks/HIServices.framework/Versions/A/HIServices
0x000000000702e000 	/System/Library/Frameworks/ApplicationServices.framework/Versions/A/Frameworks/LangAnalysis.framework/Versions/A/LangAnalysis
0x000000000702e000 	/System/Library/Frameworks/ApplicationServices.framework/Versions/A/Frameworks/PrintCore.framework/Versions/A/PrintCore
0x000000000702e000 	/System/Library/Frameworks/ApplicationServices.framework/Versions/A/Frameworks/QD.framework/Versions/A/QD
0x000000000702e000 	/System/Library/Frameworks/ApplicationServices.framework/Versions/A/Frameworks/SpeechSynthesis.framework/Versions/A/SpeechSynthesis
0x000000000702e000 	/System/Library/Frameworks/IOSurface.framework/Versions/A/IOSurface
0x000000000702e000 	/System/Library/Frameworks/Accelerate.framework/Versions/A/Accelerate
0x000000000702e000 	/System/Library/Frameworks/Accelerate.framework/Versions/A/Frameworks/vImage.framework/Versions/A/vImage
0x000000000702e000 	/System/Library/Frameworks/Accelerate.framework/Versions/A/Frameworks/vecLib.framework/Versions/A/vecLib
0x000000000702e000 	/System/Library/Frameworks/Accelerate.framework/Versions/A/Frameworks/vecLib.framework/Versions/A/libvDSP.dylib
0x000000000702e000 	/System/Library/Frameworks/Accelerate.framework/Versions/A/Frameworks/vecLib.framework/Versions/A/libvMisc.dylib
0x000000000702e000 	/System/Library/Frameworks/Accelerate.framework/Versions/A/Frameworks/vecLib.framework/Versions/A/libLAPACK.dylib
0x000000000702e000 	/System/Library/Frameworks/Accelerate.framework/Versions/A/Frameworks/vecLib.framework/Versions/A/libBLAS.dylib
0x000000000702e000 	/System/Library/Frameworks/ApplicationServices.framework/Versions/A/Frameworks/ATS.framework/Versions/A/Resources/libFontParser.dylib
0x000000000702e000 	/System/Library/Frameworks/ApplicationServices.framework/Versions/A/Frameworks/ATS.framework/Versions/A/Resources/libFontRegistry.dylib
0x000000000702e000 	/System/Library/Frameworks/ImageIO.framework/Versions/A/Resources/libJPEG.dylib
0x000000000702e000 	/System/Library/Frameworks/ImageIO.framework/Versions/A/Resources/libTIFF.dylib
0x000000000702e000 	/System/Library/Frameworks/ImageIO.framework/Versions/A/Resources/libPng.dylib
0x000000000702e000 	/System/Library/Frameworks/ImageIO.framework/Versions/A/Resources/libGIF.dylib
0x000000000702e000 	/System/Library/Frameworks/ImageIO.framework/Versions/A/Resources/libJP2.dylib
0x000000000702e000 	/System/Library/Frameworks/ImageIO.framework/Versions/A/Resources/libRadiance.dylib
0x000000000702e000 	/usr/lib/libcups.2.dylib
0x000000000702e000 	/System/Library/Frameworks/Kerberos.framework/Versions/A/Kerberos
0x000000000702e000 	/System/Library/Frameworks/GSS.framework/Versions/A/GSS
0x000000000702e000 	/usr/lib/libresolv.9.dylib
0x000000000702e000 	/usr/lib/libiconv.2.dylib
0x000000000702e000 	/System/Library/PrivateFrameworks/Heimdal.framework/Versions/A/Heimdal
0x000000000702e000 	/System/Library/PrivateFrameworks/TrustEvaluationAgent.framework/Versions/A/TrustEvaluationAgent
0x000000000702e000 	/usr/lib/libheimdal-asn1.dylib
0x000000000702e000 	/System/Library/Frameworks/OpenDirectory.framework/Versions/A/OpenDirectory
0x000000000702e000 	/System/Library/PrivateFrameworks/CommonAuth.framework/Versions/A/CommonAuth
0x000000000702e000 	/System/Library/Frameworks/SecurityFoundation.framework/Versions/A/SecurityFoundation
0x000000000702e000 	/System/Library/PrivateFrameworks/Bom.framework/Versions/A/Bom
0x000000000702e000 	/System/Library/Frameworks/CoreVideo.framework/Versions/A/CoreVideo
0x000000000702e000 	/System/Library/Frameworks/QuartzCore.framework/Versions/A/Frameworks/CoreImage.framework/Versions/A/CoreImage
0x000000000702e000 	/System/Library/Frameworks/QuartzCore.framework/Versions/A/Frameworks/ScalableUserInterface.framework/Versions/A/ScalableUserInterface
0x000000000702e000 	/System/Library/Frameworks/OpenGL.framework/Versions/A/Libraries/libGLU.dylib
0x000000000702e000 	/System/Library/Frameworks/OpenGL.framework/Versions/A/Libraries/libGFXShared.dylib
0x000000000702e000 	/System/Library/Frameworks/OpenGL.framework/Versions/A/Libraries/libGL.dylib
0x000000000702e000 	/System/Library/Frameworks/OpenGL.framework/Versions/A/Libraries/libGLImage.dylib
0x000000000702e000 	/System/Library/Frameworks/OpenGL.framework/Versions/A/Libraries/libCVMSPluginSupport.dylib
0x000000000702e000 	/System/Library/Frameworks/OpenGL.framework/Versions/A/Libraries/libCoreVMClient.dylib
0x000000000702e000 	/System/Library/PrivateFrameworks/FaceCore.framework/Versions/A/FaceCore
0x000000000702e000 	/System/Library/PrivateFrameworks/CrashReporterSupport.framework/Versions/A/CrashReporterSupport
0x000000000702e000 	/System/Library/Frameworks/OpenCL.framework/Versions/A/OpenCL
0x000000000702e000 	/System/Library/PrivateFrameworks/AppleFSCompression.framework/Versions/A/AppleFSCompression
0x000000000702e000 	/System/Library/PrivateFrameworks/Ubiquity.framework/Versions/A/Ubiquity
0x000000000702e000 	/System/Library/PrivateFrameworks/IconServices.framework/Versions/A/IconServices
0x000000000702e000 	/System/Library/PrivateFrameworks/ChunkingLibrary.framework/Versions/A/ChunkingLibrary
0x000000000702e000 	/System/Library/PrivateFrameworks/CoreSymbolication.framework/Versions/A/CoreSymbolication
0x000000000702e000 	/System/Library/PrivateFrameworks/Symbolication.framework/Versions/A/Symbolication
0x000000000702e000 	/System/Library/PrivateFrameworks/DebugSymbols.framework/Versions/A/DebugSymbols
0x0000000102e00000 	/Library/Java/JavaVirtualMachines/jdk1.7.0_60.jdk/Contents/Home/jre/lib/server/libjvm.dylib
0x000000000702e000 	/usr/lib/libstdc++.6.dylib
0x0000000102551000 	/Library/Java/JavaVirtualMachines/jdk1.7.0_60.jdk/Contents/Home/jre/lib/libverify.dylib
0x000000010255e000 	/Library/Java/JavaVirtualMachines/jdk1.7.0_60.jdk/Contents/Home/jre/lib/libjava.dylib
0x0000000102598000 	/Library/Java/JavaVirtualMachines/jdk1.7.0_60.jdk/Contents/Home/jre/lib/libzip.dylib
0x000000010b5dc000 	/System/Library/Frameworks/JavaVM.framework/Frameworks/JavaRuntimeSupport.framework/JavaRuntimeSupport
0x000000010b5f4000 	/System/Library/Frameworks/JavaVM.framework/Versions/A/Frameworks/JavaNativeFoundation.framework/Versions/A/JavaNativeFoundation
0x000000010b609000 	/System/Library/Frameworks/JavaVM.framework/Versions/A/JavaVM
0x000000000702e000 	/System/Library/Frameworks/Carbon.framework/Versions/A/Carbon
0x000000010b616000 	/System/Library/PrivateFrameworks/JavaLaunching.framework/Versions/A/JavaLaunching
0x000000000702e000 	/System/Library/Frameworks/Carbon.framework/Versions/A/Frameworks/CommonPanels.framework/Versions/A/CommonPanels
0x000000000702e000 	/System/Library/Frameworks/Carbon.framework/Versions/A/Frameworks/Help.framework/Versions/A/Help
0x000000000702e000 	/System/Library/Frameworks/Carbon.framework/Versions/A/Frameworks/ImageCapture.framework/Versions/A/ImageCapture
0x000000000702e000 	/System/Library/Frameworks/Carbon.framework/Versions/A/Frameworks/OpenScripting.framework/Versions/A/OpenScripting
0x000000000702e000 	/System/Library/Frameworks/Carbon.framework/Versions/A/Frameworks/Print.framework/Versions/A/Print
0x000000000702e000 	/System/Library/Frameworks/Carbon.framework/Versions/A/Frameworks/SecurityHI.framework/Versions/A/SecurityHI
0x000000010c2ad000 	/Applications/IntelliJ IDEA 14 CE.app/Contents/bin/libbreakgen64.jnilib
0x000000010c3b3000 	/Library/Java/JavaVirtualMachines/jdk1.7.0_60.jdk/Contents/Home/jre/lib/libnet.dylib
0x000000010c551000 	/Library/Java/JavaVirtualMachines/jdk1.7.0_60.jdk/Contents/Home/jre/lib/libmanagement.dylib
0x000000010c559000 	/Library/Java/JavaVirtualMachines/jdk1.7.0_60.jdk/Contents/Home/jre/lib/libnio.dylib
0x000000010d020000 	/Library/Java/JavaVirtualMachines/jdk1.7.0_60.jdk/Contents/Home/jre/lib/libawt.dylib
0x000000010d2bd000 	/Library/Java/JavaVirtualMachines/jdk1.7.0_60.jdk/Contents/Home/jre/lib/./libmlib_image.dylib
0x000000010d389000 	/Library/Java/JavaVirtualMachines/jdk1.7.0_60.jdk/Contents/Home/jre/lib/lwawt/liblwawt.dylib
0x000000010c530000 	/Library/Java/JavaVirtualMachines/jdk1.7.0_60.jdk/Contents/Home/jre/lib/libosxapp.dylib
0x000000000702e000 	/System/Library/Frameworks/ExceptionHandling.framework/Versions/A/ExceptionHandling
0x000000000702e000 	/System/Library/PrivateFrameworks/CoreServicesInternal.framework/Versions/A/CoreServicesInternal
0x000000000702e000 	/System/Library/PrivateFrameworks/Librarian.framework/Versions/A/Librarian
0x000000000702e000 	/System/Library/Frameworks/CoreGraphics.framework/Versions/A/Resources/libCGCMS.A.dylib
0x000000000702e000 	/System/Library/Frameworks/CoreGraphics.framework/Versions/A/Resources/libRIP.A.dylib
0x000000000702e000 	/System/Library/Frameworks/CoreGraphics.framework/Versions/A/Resources/libCGXType.A.dylib
0x000000000702e000 	/System/Library/PrivateFrameworks/FamilyControls.framework/Versions/A/FamilyControls
0x000000000702e000 	/System/Library/PrivateFrameworks/CommerceKit.framework/Versions/A/Frameworks/CommerceCore.framework/Versions/A/CommerceCore
0x000000000702e000 	/System/Library/PrivateFrameworks/SystemAdministration.framework/Versions/A/SystemAdministration
0x000000000702e000 	/System/Library/Frameworks/DirectoryService.framework/Versions/A/DirectoryService
0x000000000702e000 	/System/Library/PrivateFrameworks/DiskImages.framework/Versions/A/DiskImages
0x000000000702e000 	/System/Library/PrivateFrameworks/LoginUIKit.framework/Versions/A/Frameworks/LoginUICore.framework/Versions/A/LoginUICore
0x000000000702e000 	/usr/lib/libCoreStorage.dylib
0x000000000702e000 	/usr/lib/libcsfde.dylib
0x000000000702e000 	/usr/lib/libodfde.dylib
0x000000000702e000 	/System/Library/Frameworks/DiscRecording.framework/Versions/A/DiscRecording
0x000000000702e000 	/usr/lib/libcurl.4.dylib
0x000000000702e000 	/System/Library/PrivateFrameworks/MediaKit.framework/Versions/A/MediaKit
0x000000000702e000 	/System/Library/PrivateFrameworks/EFILogin.framework/Versions/A/EFILogin
0x000000000702e000 	/usr/lib/libutil.dylib
0x000000000702e000 	/System/Library/PrivateFrameworks/AOSNotification.framework/Versions/A/AOSNotification
0x000000000702e000 	/System/Library/Frameworks/LDAP.framework/Versions/A/LDAP
0x000000000702e000 	/usr/lib/libsasl2.2.dylib
0x000000000702e000 	/usr/lib/libcrypto.0.9.8.dylib
0x000000000702e000 	/usr/lib/libssl.0.9.8.dylib
0x000000010cb10000 	/Library/Java/JavaVirtualMachines/jdk1.7.0_60.jdk/Contents/Home/jre/lib/libfontmanager.dylib
0x000000010ce2c000 	/Users/lingfamily/.gradle/caches/minecraft/net/minecraft/minecraft_natives/1.7.10/liblwjgl.jnilib
0x000000010c468000 	/Library/Java/JavaVirtualMachines/jdk1.7.0_60.jdk/Contents/Home/jre/lib/libjawt.dylib
0x000000000702e000 	/System/Library/Frameworks/OpenGL.framework/Versions/A/Resources/GLEngine.bundle/GLEngine
0x000000000702e000 	/System/Library/Frameworks/OpenGL.framework/Versions/A/Libraries/libGLProgrammability.dylib
0x0000000000000000 	/System/Library/Extensions/ATIRadeonX2000GLDriver.bundle/Contents/MacOS/ATIRadeonX2000GLDriver
0x000000010c415000 	/System/Library/PrivateFrameworks/GPUSupport.framework/Versions/A/Libraries/libGPUSupport.dylib
0x000000000702e000 	/System/Library/Frameworks/OpenGL.framework/Versions/A/Resources/GLRendererFloat.bundle/GLRendererFloat
0x000000000702e000 	/System/Library/Frameworks/OpenCL.framework/Versions/A/Libraries/libcldcpuengine.dylib
0x000000010c42f000 	cl_kernels
0x000000010ceab000 	/System/Library/Frameworks/OpenCL.framework/Versions/A/Libraries/ImageFormats/unorm8_bgra.dylib
0x000000010c435000 	cl_kernels
0x000000011190c000 	/Users/lingfamily/.gradle/caches/minecraft/net/minecraft/minecraft_natives/1.7.10/libtwitchsdk.dylib
0x000000000702e000 	/System/Library/Frameworks/AVFoundation.framework/Versions/A/AVFoundation
0x000000000702e000 	/System/Library/Frameworks/CoreMedia.framework/Versions/A/CoreMedia
0x000000000702e000 	/System/Library/Frameworks/AVFoundation.framework/Versions/A/Resources/libAVFAudio.dylib
0x000000000702e000 	/System/Library/Frameworks/MediaToolbox.framework/Versions/A/MediaToolbox
0x000000000702e000 	/System/Library/Frameworks/VideoToolbox.framework/Versions/A/VideoToolbox
0x000000000702e000 	/System/Library/Frameworks/CoreMediaIO.framework/Versions/A/CoreMediaIO
0x000000000702e000 	/System/Library/PrivateFrameworks/CoreMediaAuthoring.framework/Versions/A/CoreMediaAuthoring
0x000000000702e000 	/System/Library/PrivateFrameworks/MediaControlSender.framework/Versions/A/MediaControlSender
0x000000000702e000 	/System/Library/PrivateFrameworks/CoreAVCHD.framework/Versions/A/CoreAVCHD
0x000000000702e000 	/System/Library/Frameworks/MediaAccessibility.framework/Versions/A/MediaAccessibility
0x000000000702e000 	/System/Library/PrivateFrameworks/Mangrove.framework/Versions/A/Mangrove
0x000000000702e000 	/System/Library/PrivateFrameworks/CoreAUC.framework/Versions/A/CoreAUC
0x000000000702e000 	/System/Library/PrivateFrameworks/Apple80211.framework/Versions/A/Apple80211
0x000000000702e000 	/System/Library/PrivateFrameworks/AppleSRP.framework/Versions/A/AppleSRP
0x000000000702e000 	/System/Library/PrivateFrameworks/CoreUtils.framework/Versions/A/CoreUtils
0x000000000702e000 	/System/Library/Frameworks/CoreWLAN.framework/Versions/A/CoreWLAN
0x000000000702e000 	/usr/lib/libpcap.A.dylib
0x000000000702e000 	/System/Library/Frameworks/CoreWiFi.framework/Versions/A/CoreWiFi
0x000000000702e000 	/System/Library/PrivateFrameworks/AppleVA.framework/Versions/A/AppleVA
0x000000000702e000 	/System/Library/PrivateFrameworks/XPCService.framework/Versions/A/XPCService
0x000000000702e000 	/System/Library/PrivateFrameworks/AppSandbox.framework/Versions/A/AppSandbox
0x000000000702e000 	/usr/lib/libsandbox.1.dylib
0x000000000702e000 	/System/Library/PrivateFrameworks/AppContainer.framework/Versions/A/AppContainer
0x000000000702e000 	/System/Library/PrivateFrameworks/SecCodeWrapper.framework/Versions/A/SecCodeWrapper
0x000000000702e000 	/usr/lib/libMatch.1.dylib
0x000000010d0cf000 	/Users/lingfamily/.gradle/caches/minecraft/net/minecraft/minecraft_natives/1.7.10/openal.dylib
0x0000000114653000 	/System/Library/Components/CoreAudio.component/Contents/MacOS/CoreAudio
0x000000010c881000 	/System/Library/Extensions/AppleHDA.kext/Contents/PlugIns/AppleHDAHALPlugIn.bundle/Contents/MacOS/AppleHDAHALPlugIn
0x000000010cae7000 	/Library/Java/JavaVirtualMachines/jdk1.7.0_60.jdk/Contents/Home/jre/lib/libsunec.dylib

VM Arguments:
jvm_args: -Xincgc -Xmx1024M -Xms1024M -Didea.launcher.port=7534 -Didea.launcher.bin.path=/Applications/IntelliJ IDEA 14 CE.app/Contents/bin -Dfile.encoding=UTF-8 
java_command: com.intellij.rt.execution.application.AppMain GradleStart
Launcher Type: SUN_STANDARD

Environment Variables:
PATH=/usr/local/mysql/bin:/Library/Frameworks/Python.framework/Versions/3.4/bin:/usr/bin:/bin:/usr/sbin:/sbin:/usr/local/bin
SHELL=/bin/bash

Signal Handlers:
SIGSEGV: 