#
# A fatal error has been detected by the Java Runtime Environment:
#
#  SIGSEGV (0xb) at pc=0x0000000000000000, pid=7776, tid=55047
#
# JRE version: Java(TM) SE Runtime Environment (7.0_60-b19) (build 1.7.0_60-b19)
# Java VM: Java HotSpot(TM) 64-Bit Server VM (24.60-b09 mixed mode bsd-amd64 compressed oops)
# Problematic frame:
# C  0x0000000000000000
#
# Failed to write core dump. Core dumps have been disabled. To enable core dumping, try "ulimit -c unlimited" before starting Java again
#
# If you would like to submit a bug report, please visit:
#   http://bugreport.sun.com/bugreport/crash.jsp
#

---------------  T H R E A D  ---------------

Current thread is native thread

siginfo:si_signo=SIGSEGV: si_errno=0, si_code=1 (SEGV_MAPERR), si_addr=0x0000000000000000

Registers:
RAX=0x000000011411d508, RBX=0x00000000000161b0, RCX=0x0000000000000010, RDX=0xfffffffffffffff0
RSP=0x000000010e3b3a18, RBP=0x000000010e3b3ac0, RSI=0x0000000000000000, RDI=0x00007fb3f76b1000
R8 =0x0000000000000200, R9 =0x00007fb3f4619320, R10=0x000000011497c05c, R11=0x00000000041280d0
R12=0x00007fb3f4619320, R13=0x00007fb3f76b1000, R14=0x0000000000000200, R15=0x0000000000000800
RIP=0x0000000000000000, EFLAGS=0x0000000000010246, ERR=0x0000000000000014
  TRAPNO=0x000000000000000e

Top of Stack: (sp=0x000000010e3b3a18)
0x000000010e3b3a18:   00000001140ef639 000000010e3b3c6a
0x000000010e3b3a28:   0000001400000000 00007fb3f76b91b0
0x000000010e3b3a38:   000000010d6fa010 00007fb3f76b71b0
0x000000010e3b3a48:   0000020000000000 0000000000000000
0x000000010e3b3a58:   0000000000000800 0000000000000200
0x000000010e3b3a68:   00007fb3f76b51b0 00007fb3f76b1000
0x000000010e3b3a78:   0000020000000000 00007fb3f04f1258
0x000000010e3b3a88:   000000000000037f 580055668f372e10
0x000000010e3b3a98:   00007fb3f4528dd8 00007fb3f4619320
0x000000010e3b3aa8:   00007fb3f04f1250 0000000000000200
0x000000010e3b3ab8:   00007fb3f4528d60 000000010e3b3ad0
0x000000010e3b3ac8:   00000001140ff2ef 000000010e3b3b40
0x000000010e3b3ad8:   0000000114979230 00007fb3f30ef5f8
0x000000010e3b3ae8:   00007fb3f30ef400 00007fb3f4528dd8
0x000000010e3b3af8:   00000000897ed8f3 000000010e3b3c90
0x000000010e3b3b08:   000000010e3b3c88 0000020000000000
0x000000010e3b3b18:   000000010e3b3c88 00007fb3f45413c0
0x000000010e3b3b28:   00007fb3f30ef400 00007fb3f04f1e30
0x000000010e3b3b38:   0000000000000200 000000010e3b3b90
0x000000010e3b3b48:   0000000114976c61 000000010e3b3bd0
0x000000010e3b3b58:   000000010e3b3c90 00000000f30ef628
0x000000010e3b3b68:   00007fb3f30ef400 0000000000000000
0x000000010e3b3b78:   00007fb3f04f1e30 00000000ffffffce
0x000000010e3b3b88:   0000000000000200 000000010e3b3c00
0x000000010e3b3b98:   0000000114975515 00007fb3f04f1e30
0x000000010e3b3ba8:   00001fa00d6f80e0 000000010e3b3c88
0x000000010e3b3bb8:   00007fb3f45413c0 00007fb3f30ef400
0x000000010e3b3bc8:   000000010e3b3c90 00009fe000000000
0x000000010e3b3bd8:   0000000000000007 00007fb3f30ef400
0x000000010e3b3be8:   0000000000000000 00007fb3f04f1e30
0x000000010e3b3bf8:   000000010d6f8060 000000010e3b3d00
0x000000010e3b3c08:   000000011497c878 00007fb3f05c22e8 

Instructions: (pc=0x0000000000000000)
0xffffffffffffffe0:   

Register to memory mapping:

RAX=
[error occurred during error reporting (printing register info), id 0xb]

Stack: [0x000000010e334000,0x000000010e3b4000],  sp=0x000000010e3b3a18,  free space=510k

---------------  P R O C E S S  ---------------

VM state:at safepoint (shutting down)

VM Mutex/Monitor currently owned by a thread:  ([mutex/lock_event])
[0x00007fb3f0703160] Threads_lock - owner thread: 0x00007fb3f1009800

Heap
 par new generation   total 306688K, used 12330K [0x00000007bae00000, 0x00000007cfac0000, 0x00000007cfac0000)
  eden space 272640K,   4% used [0x00000007bae00000, 0x00000007bba0a940, 0x00000007cb840000)
  from space 34048K,   0% used [0x00000007cd980000, 0x00000007cd980000, 0x00000007cfac0000)
  to   space 34048K,   0% used [0x00000007cb840000, 0x00000007cb840000, 0x00000007cd980000)
 concurrent mark-sweep generation total 707840K, used 85002K [0x00000007cfac0000, 0x00000007fae00000, 0x00000007fae00000)
 concurrent-mark-sweep perm gen total 62936K, used 37775K [0x00000007fae00000, 0x00000007feb76000, 0x0000000800000000)

Card table byte_map: [0x000000010802e000,0x0000000108258000] byte_map_base: 0x0000000104257000

Polling page: 0x0000000103775000

