#
# A fatal error has been detected by the Java Runtime Environment:
#
#  SIGSEGV (0xb) at pc=0x0000000000000000, pid=13089, tid=72967
#
# JRE version: Java(TM) SE Runtime Environment (7.0_60-b19) (build 1.7.0_60-b19)
# Java VM: Java HotSpot(TM) 64-Bit Server VM (24.60-b09 mixed mode bsd-amd64 compressed oops)
# Problematic frame:
# C  0x0000000000000000
#
# Failed to write core dump. Core dumps have been disabled. To enable core dumping, try "ulimit -c unlimited" before starting Java again
#
# If you would like to submit a bug report, please visit:
#   http://bugreport.sun.com/bugreport/crash.jsp
#

---------------  T H R E A D  ---------------

Current thread is native thread

siginfo:si_signo=SIGSEGV: si_errno=0, si_code=1 (SEGV_MAPERR), si_addr=0x0000000000000000

Registers:
RAX=0x000000015f7a9508, RBX=0x00000000000161b0, RCX=0x0000000000000010, RDX=0xfffffffffffffff0
RSP=0x000000015b643a18, RBP=0x000000015b643ac0, RSI=0x0000000000000000, RDI=0x00007ff5de0be800
R8 =0x0000000000000200, R9 =0x00007ff5ded2cda0, R10=0x000000016224305c, R11=0x00000000000116e0
R12=0x00007ff5ded2cda0, R13=0x00007ff5de0be800, R14=0x0000000000000200, R15=0x0000000000000800
RIP=0x0000000000000000, EFLAGS=0x0000000000010246, ERR=0x0000000000000014
  TRAPNO=0x000000000000000e

Top of Stack: (sp=0x000000015b643a18)
0x000000015b643a18:   000000015f77b639 000000015b643c6a
0x000000015b643a28:   0000001400000000 00007ff5de0c69b0
0x000000015b643a38:   0000000159598010 00007ff5de0c49b0
0x000000015b643a48:   0000020000000000 0000000000000000
0x000000015b643a58:   0000000000000800 0000000000000200
0x000000015b643a68:   00007ff5de0c29b0 00007ff5de0be800
0x000000015b643a78:   0000020000000000 00007ff5ded1b6c8
0x000000015b643a88:   000000000000037f dd00ad512c518cf4
0x000000015b643a98:   00007ff5ded22608 00007ff5ded2cda0
0x000000015b643aa8:   00007ff5ded1b6c0 0000000000000200
0x000000015b643ab8:   00007ff5ded22590 000000015b643ad0
0x000000015b643ac8:   000000015f78b2ef 000000015b643b40
0x000000015b643ad8:   0000000162240230 00007ff5de3f89f8
0x000000015b643ae8:   00007ff5de3f8800 00007ff5ded22608
0x000000015b643af8:   000000008e4d78f3 000000015b643c90
0x000000015b643b08:   000000015b643c88 0000020000000000
0x000000015b643b18:   000000015b643c88 00007ff5ded23660
0x000000015b643b28:   00007ff5de3f8800 00007ff5ded2bb70
0x000000015b643b38:   0000000000000200 000000015b643b90
0x000000015b643b48:   000000016223dc61 000000015b643bd0
0x000000015b643b58:   000000015b643c90 00000000de3f8a28
0x000000015b643b68:   00007ff5de3f8800 0000000000000000
0x000000015b643b78:   00007ff5ded2bb70 00000000ffffffce
0x000000015b643b88:   0000000000000200 000000015b643c00
0x000000015b643b98:   000000016223c515 00007ff5ded2bb70
0x000000015b643ba8:   00001fa0595960e0 000000015b643c88
0x000000015b643bb8:   00007ff5ded23660 00007ff5de3f8800
0x000000015b643bc8:   000000015b643c90 00009fe000000000
0x000000015b643bd8:   0000000400000007 00007ff5de3f8800
0x000000015b643be8:   0000000000000000 00007ff5ded2bb70
0x000000015b643bf8:   0000000159596060 000000015b643d00
0x000000015b643c08:   0000000162243878 00007ff5dea41098 

Instructions: (pc=0x0000000000000000)
0xffffffffffffffe0:   

Register to memory mapping:

RAX=
[error occurred during error reporting (printing register info), id 0xb]

Stack: [0x000000015b5c4000,0x000000015b644000],  sp=0x000000015b643a18,  free space=510k

---------------  P R O C E S S  ---------------

VM state:at safepoint (shutting down)

VM Mutex/Monitor currently owned by a thread:  ([mutex/lock_event])
[0x00007ff5da5028b0] Threads_lock - owner thread: 0x00007ff5db08c000

Heap
 par new generation   total 306688K, used 28462K [0x000000010fc00000, 0x00000001248c0000, 0x00000001248c0000)
  eden space 272640K,   4% used [0x000000010fc00000, 0x00000001108ad360, 0x0000000120640000)
  from space 34048K,  45% used [0x0000000120640000, 0x000000012155e850, 0x0000000122780000)
  to   space 34048K,   0% used [0x0000000122780000, 0x0000000122780000, 0x00000001248c0000)
 concurrent mark-sweep generation total 707840K, used 66264K [0x00000001248c0000, 0x000000014fc00000, 0x000000014fc00000)
 concurrent-mark-sweep perm gen total 39824K, used 29141K [0x000000014fc00000, 0x00000001522e4000, 0x0000000154e00000)

Card table byte_map: [0x0000000154e00000,0x000000015502a000] byte_map_base: 0x0000000154582000

Polling page: 0x000000010c45f000

Code Cache  [0x000000010c472000, 0x000000010c802000, 0x000000010f472000)
 total_blobs=1655 nmethods=1046 adapters=562 free_code_cache=45598Kb largest_free_block=46613376

Compilation events (10 events):
Event: 207.866 Thread 0x00007ff5db0aa000 nmethod 1173 0x000000010c786bd0 code [0x000000010c786d00, 0x000000010c786d78]
Event: 207.866 Thread 0x00007ff5db0aa000 1176             net.minecraft.client.renderer.EntityRenderer::setupOverlayRendering (78 bytes)
Event: 207.867 Thread 0x00007ff5db0a9000 nmethod 1174 0x000000010c78a8d0 code [0x000000010c78aa20, 0x000000010c78aaf8]
Event: 207.867 Thread 0x00007ff5db0a9000 1177             net.minecraft.client.gui.ScaledResolution::getScaledWidth_double (5 bytes)
Event: 207.867 Thread 0x00007ff5db0a9000 nmethod 1177 0x000000010c78a650 code [0x000000010c78a780, 0x000000010c78a7d8]
Event: 207.867 Thread 0x00007ff5db0a9000 1178             net.minecraft.client.gui.ScaledResolution::getScaledHeight_double (5 bytes)
Event: 207.867 Thread 0x00007ff5db0a9000 nmethod 1178 0x000000010c772950 code [0x000000010c772a80, 0x000000010c772ad8]
Event: 207.876 Thread 0x00007ff5db0aa000 nmethod 1176 0x000000010c773e10 code [0x000000010c774060, 0x000000010c774840]
Event: 208.761 Thread 0x00007ff5db0a9000 1179             net.minecraft.client.renderer.texture.TextureManager::tick (39 bytes)
Event: 208.772 Thread 0x00007ff5db0a9000 nmethod 1179 0x000000010c7935d0 code [0x000000010c7937a0, 0x000000010c793d98]

GC Heap History (10 events):
Event: 28.399 GC heap before
{Heap before GC invocations=2 (full 2):
 par new generation   total 306688K, used 300123K [0x000000010fc00000, 0x00000001248c0000, 0x00000001248c0000)
  eden space 272640K, 100% used [0x000000010fc00000, 0x0000000120640000, 0x0000000120640000)
  from space 34048K,  80% used [0x0000000122780000, 0x0000000124256c60, 0x00000001248c0000)
  to   space 34048K,   0% used [0x0000000120640000, 0x0000000120640000, 0x0000000122780000)
 concurrent mark-sweep generation total 707840K, used 2217K [0x00000001248c0000, 0x000000014fc00000, 0x000000014fc00000)
 concurrent-mark-sweep perm gen total 38040K, used 23255K [0x000000014fc00000, 0x0000000152126000, 0x0000000154e00000)
Event: 28.524 GC heap after
Heap after GC invocations=3 (full 2):
 par new generation   total 306688K, used 24666K [0x000000010fc00000, 0x00000001248c0000, 0x00000001248c0000)
  eden space 272640K,   0% used [0x000000010fc00000, 0x000000010fc00000, 0x0000000120640000)
  from space 34048K,  72% used [0x0000000120640000, 0x0000000121e569f0, 0x0000000122780000)
  to   space 34048K,   0% used [0x0000000122780000, 0x0000000122780000, 0x00000001248c0000)
 concurrent mark-sweep generation total 707840K, used 23331K [0x00000001248c0000, 0x000000014fc00000, 0x000000014fc00000)
 concurrent-mark-sweep perm gen total 38040K, used 23255K [0x000000014fc00000, 0x0000000152126000, 0x0000000154e00000)
}
Event: 32.630 GC heap before
{Heap before GC invocations=3 (full 3):
 par new generation   total 306688K, used 297306K [0x000000010fc00000, 0x00000001248c0000, 0x00000001248c0000)
  eden space 272640K, 100% used [0x000000010fc00000, 0x0000000120640000, 0x0000000120640000)
  from space 34048K,  72% used [0x0000000120640000, 0x0000000121e569f0, 0x0000000122780000)
  to   space 34048K,   0% used [0x0000000122780000, 0x0000000122780000, 0x00000001248c0000)
 concurrent mark-sweep generation total 707840K, used 23331K [0x00000001248c0000, 0x000000014fc00000, 0x000000014fc00000)
 concurrent-mark-sweep perm gen total 38040K, used 23883K [0x000000014fc00000, 0x0000000152126000, 0x0000000154e00000)
Event: 32.706 GC heap after
Heap after GC invocations=4 (full 3):
 par new generation   total 306688K, used 34047K [0x000000010fc00000, 0x00000001248c0000, 0x00000001248c0000)
  eden space 272640K,   0% used [0x000000010fc00000, 0x000000010fc00000, 0x0000000120640000)
  from space 34048K,  99% used [0x0000000122780000, 0x00000001248bfff8, 0x00000001248c0000)
  to   space 34048K,   0% used [0x0000000120640000, 0x0000000120640000, 0x0000000122780000)
 concurrent mark-sweep generation total 707840K, used 43445K [0x00000001248c0000, 0x000000014fc00000, 0x000000014fc00000)
 concurrent-mark-sweep perm gen total 38040K, used 23883K [0x000000014fc00000, 0x0000000152126000, 0x0000000154e00000)
}
Event: 36.154 GC heap before
{Heap before GC invocations=4 (full 3):
 par new generation   total 306688K, used 306687K [0x000000010fc00000, 0x00000001248c0000, 0x00000001248c0000)
  eden space 272640K, 100% used [0x000000010fc00000, 0x0000000120640000, 0x0000000120640000)
  from space 34048K,  99% used [0x0000000122780000, 0x00000001248bfff8, 0x00000001248c0000)
  to   space 34048K,   0% used [0x0000000120640000, 0x0000000120640000, 0x0000000122780000)
 concurrent mark-sweep generation total 707840K, used 43359K [0x00000001248c0000, 0x000000014fc00000, 0x000000014fc00000)
 concurrent-mark-sweep perm gen total 39824K, used 27132K [0x000000014fc00000, 0x00000001522e4000, 0x0000000154e00000)
Event: 36.265 GC heap after
Heap after GC invocations=5 (full 3):
 par new generation   total 306688K, used 34048K [0x000000010fc00000, 0x00000001248c0000, 0x00000001248c0000)
  eden space 272640K,   0% used [0x000000010fc00000, 0x000000010fc00000, 0x0000000120640000)
  from space 34048K, 100% used [0x0000000120640000, 0x0000000122780000, 0x0000000122780000)
  to   space 34048K,   0% used [0x0000000122780000, 0x0000000122780000, 0x00000001248c0000)
 concurrent mark-sweep generation total 707840K, used 59209K [0x00000001248c0000, 0x000000014fc00000, 0x000000014fc00000)
 concurrent-mark-sweep perm gen total 39824K, used 27132K [0x000000014fc00000, 0x00000001522e4000, 0x0000000154e00000)
}
Event: 39.946 GC heap before
{Heap before GC invocations=5 (full 4):
 par new generation   total 306688K, used 306688K [0x000000010fc00000, 0x00000001248c0000, 0x00000001248c0000)
  eden space 272640K, 100% used [0x000000010fc00000, 0x0000000120640000, 0x0000000120640000)
  from space 34048K, 100% used [0x0000000120640000, 0x0000000122780000, 0x0000000122780000)
  to   space 34048K,   0% used [0x0000000122780000, 0x0000000122780000, 0x00000001248c0000)
 concurrent mark-sweep generation total 707840K, used 59209K [0x00000001248c0000, 0x000000014fc00000, 0x000000014fc00000)
 concurrent-mark-sweep perm gen total 39824K, used 28741K [0x000000014fc00000, 0x00000001522e4000, 0x0000000154e00000)
Event: 39.976 GC heap after
Heap after GC invocations=6 (full 4):
 par new generation   total 306688K, used 13580K [0x000000010fc00000, 0x00000001248c0000, 0x00000001248c0000)
  eden space 272640K,   0% used [0x000000010fc00000, 0x000000010fc00000, 0x0000000120640000)
  from space 34048K,  39% used [0x0000000122780000, 0x00000001234c3198, 0x00000001248c0000)
  to   space 34048K,   0% used [0x0000000120640000, 0x0000000120640000, 0x0000000122780000)
 concurrent mark-sweep generation total 707840K, used 66330K [0x00000001248c0000, 0x000000014fc00000, 0x000000014fc00000)
 concurrent-mark-sweep perm gen total 39824K, used 28741K [0x000000014fc00000, 0x00000001522e4000, 0x0000000154e00000)
}
Event: 211.107 GC heap before
{Heap before GC invocations=6 (full 4):
 par new generation   total 306688K, used 286220K [0x000000010fc00000, 0x00000001248c0000, 0x00000001248c0000)
  eden space 272640K, 100% used [0x000000010fc00000, 0x0000000120640000, 0x0000000120640000)
  from space 34048K,  39% used [0x0000000122780000, 0x00000001234c3198, 0x00000001248c0000)
  to   space 34048K,   0% used [0x0000000120640000, 0x0000000120640000, 0x0000000122780000)
 concurrent mark-sweep generation total 707840K, used 66264K [0x00000001248c0000, 0x000000014fc00000, 0x000000014fc00000)
 concurrent-mark-sweep perm gen total 39824K, used 29139K [0x000000014fc00000, 0x00000001522e4000, 0x0000000154e00000)
Event: 211.183 GC heap after
Heap after GC invocations=7 (full 4):
 par new generation   total 306688K, used 15482K [0x000000010fc00000, 0x00000001248c0000, 0x00000001248c0000)
  eden space 272640K,   0% used [0x000000010fc00000, 0x000000010fc00000, 0x0000000120640000)
  from space 34048K,  45% used [0x0000000120640000, 0x000000012155e850, 0x0000000122780000)
  to   space 34048K,   0% used [0x0000000122780000, 0x0000000122780000, 0x00000001248c0000)
 concurrent mark-sweep generation total 707840K, used 66264K [0x00000001248c0000, 0x000000014fc00000, 0x000000014fc00000)
 concurrent-mark-sweep perm gen total 39824K, used 29139K [0x000000014fc00000, 0x00000001522e4000, 0x0000000154e00000)
}

Deoptimization events (10 events):
Event: 39.503 Thread 0x00007ff5dc000800 Uncommon trap: reason=intrinsic action=make_not_entrant pc=0x000000010c7964b0 method=net.minecraft.client.renderer.texture.TextureUtil.func_147944_a(IIIII)I @ 107
Event: 39.511 Thread 0x00007ff5dc000800 Uncommon trap: reason=intrinsic action=make_not_entrant pc=0x000000010c78ca08 method=net.minecraft.client.renderer.texture.TextureUtil.func_147943_a(IIIIZ)I @ 179
Event: 39.531 Thread 0x00007ff5dc000800 Uncommon trap: reason=intrinsic action=make_not_entrant pc=0x000000010c5a7600 method=net.minecraft.client.renderer.texture.TextureUtil.func_147944_a(IIIII)I @ 107
Event: 39.977 Thread 0x00007ff5dcb90000 Uncommon trap: reason=class_check action=maybe_recompile pc=0x000000010c4ed8c8 method=java.lang.ref.ReferenceQueue.reallyPoll()Ljava/lang/ref/Reference; @ 55
Event: 39.977 Thread 0x00007ff5dcb90000 Uncommon trap: reason=class_check action=maybe_recompile pc=0x000000010c4ece34 method=java.lang.ref.ReferenceQueue.reallyPoll()Ljava/lang/ref/Reference; @ 55
Event: 39.985 Thread 0x00007ff5dc029000 Uncommon trap: reason=unreached action=reinterpret pc=0x000000010c51211c method=java.lang.ref.Finalizer.remove()V @ 10
Event: 41.229 Thread 0x00007ff5dc000800 Uncommon trap: reason=null_check action=maybe_recompile pc=0x000000010c500368 method=java.util.Properties$LineReader.readLine()I @ 48
Event: 47.759 Thread 0x00007ff5daeeb800 Uncommon trap: reason=class_check action=maybe_recompile pc=0x000000010c4f4718 method=java.util.SubList.<init>(Ljava/util/AbstractList;II)V @ 37
Event: 211.075 Thread 0x00007ff5db09e000 Uncommon trap: reason=class_check action=maybe_recompile pc=0x000000010c58be50 method=java.util.Hashtable.get(Ljava/lang/Object;)Ljava/lang/Object; @ 46
Event: 211.075 Thread 0x00007ff5db09e000 Uncommon trap: reason=class_check action=maybe_recompile pc=0x000000010c58be50 method=java.util.Hashtable.get(Ljava/lang/Object;)Ljava/lang/Object; @ 46

Internal exceptions (10 events):
Event: 41.229 Thread 0x00007ff5dc000800 Threw 0x0000000119d157a0 at /HUDSON/workspace/7u-2-build-macosx-x86_64/jdk7u60/1081/hotspot/src/share/vm/interpreter/linkResolver.cpp:883
Event: 41.260 Thread 0x00007ff5dc000800 Threw 0x0000000119e48fa8 at /HUDSON/workspace/7u-2-build-macosx-x86_64/jdk7u60/1081/hotspot/src/share/vm/prims/jvm.cpp:1244
Event: 41.261 Thread 0x00007ff5dc000800 Threw 0x0000000119e525a0 at /HUDSON/workspace/7u-2-build-macosx-x86_64/jdk7u60/1081/hotspot/src/share/vm/prims/jvm.cpp:1244
Event: 41.267 Thread 0x00007ff5dc000800 Threw 0x0000000119edbb88 at /HUDSON/workspace/7u-2-build-macosx-x86_64/jdk7u60/1081/hotspot/src/share/vm/prims/jvm.cpp:1244
Event: 41.296 Thread 0x00007ff5dc000800 Threw 0x0000000119ee7720 at /HUDSON/workspace/7u-2-build-macosx-x86_64/jdk7u60/1081/hotspot/src/share/vm/prims/jvm.cpp:1244
Event: 211.185 Thread 0x00007ff5da9c5000 Threw 0x000000011031bb70 at /HUDSON/workspace/7u-2-build-macosx-x86_64/jdk7u60/1081/hotspot/src/share/vm/prims/jvm.cpp:1244
Event: 211.192 Thread 0x00007ff5da9c5000 Threw 0x0000000110327528 at /HUDSON/workspace/7u-2-build-macosx-x86_64/jdk7u60/1081/hotspot/src/share/vm/prims/jvm.cpp:1244
Event: 211.194 Thread 0x00007ff5da9c5000 Threw 0x000000011032efb0 at /HUDSON/workspace/7u-2-build-macosx-x86_64/jdk7u60/1081/hotspot/src/share/vm/prims/jvm.cpp:1244
Event: 211.194 Thread 0x00007ff5e1a72800 Threw 0x00000001106a8b70 at /HUDSON/workspace/7u-2-build-macosx-x86_64/jdk7u60/1081/hotspot/src/share/vm/prims/jvm.cpp:1244
Event: 211.194 Thread 0x00007ff5e1a72800 Threw 0x00000001106afd98 at /HUDSON/workspace/7u-2-build-macosx-x86_64/jdk7u60/1081/hotspot/src/share/vm/prims/jvm.cpp:1244

Events (10 events):
Event: 211.192 loading class 0x00007ff5da5443e0
Event: 211.192 loading class 0x00007ff5da5443e0 done
Event: 211.194 loading class 0x00007ff5da5443e0
Event: 211.194 loading class 0x00007ff5da5443e0 done
Event: 211.196 Thread 0x00007ff5e1a72800 Thread exited: 0x00007ff5e1a72800
Event: 211.196 Thread 0x00007ff5da9c5000 Thread exited: 0x00007ff5da9c5000
Event: 211.293 Thread 0x00007ff5e27f7800 Thread exited: 0x00007ff5e27f7800
Event: 211.294 Thread 0x00007ff5e303b000 Thread added: 0x00007ff5e303b000
Event: 211.295 Thread 0x00007ff5db09e000 Thread exited: 0x00007ff5db09e000
Event: 211.295 Executing VM operation: Exit


Dynamic libraries:
0x000000000bd18000 	/System/Library/Frameworks/Cocoa.framework/Versions/A/Cocoa
0x000000000bd18000 	/System/Library/Frameworks/Security.framework/Versions/A/Security
0x000000000bd18000 	/System/Library/Frameworks/ApplicationServices.framework/Versions/A/ApplicationServices
0x000000000bd18000 	/usr/lib/libz.1.dylib
0x000000000bd18000 	/usr/lib/libSystem.B.dylib
0x000000000bd18000 	/usr/lib/libobjc.A.dylib
0x000000000bd18000 	/System/Library/Frameworks/CoreFoundation.framework/Versions/A/CoreFoundation
0x000000000bd18000 	/System/Library/Frameworks/Foundation.framework/Versions/C/Foundation
0x000000000bd18000 	/System/Library/Frameworks/AppKit.framework/Versions/C/AppKit
0x000000000bd18000 	/System/Library/Frameworks/CoreData.framework/Versions/A/CoreData
0x000000000bd18000 	/System/Library/PrivateFrameworks/RemoteViewServices.framework/Versions/A/RemoteViewServices
0x000000000bd18000 	/System/Library/Frameworks/AudioToolbox.framework/Versions/A/AudioToolbox
0x000000000bd18000 	/System/Library/Frameworks/AudioUnit.framework/Versions/A/AudioUnit
0x000000000bd18000 	/System/Library/PrivateFrameworks/DataDetectorsCore.framework/Versions/A/DataDetectorsCore
0x000000000bd18000 	/System/Library/PrivateFrameworks/DesktopServicesPriv.framework/Versions/A/DesktopServicesPriv
0x000000000bd18000 	/System/Library/Frameworks/Carbon.framework/Versions/A/Frameworks/HIToolbox.framework/Versions/A/HIToolbox
0x000000000bd18000 	/System/Library/Frameworks/QuartzCore.framework/Versions/A/QuartzCore
0x000000000bd18000 	/System/Library/Frameworks/Carbon.framework/Versions/A/Frameworks/SpeechRecognition.framework/Versions/A/SpeechRecognition
0x000000000bd18000 	/usr/lib/libauto.dylib
0x000000000bd18000 	/usr/lib/libicucore.A.dylib
0x000000000bd18000 	/usr/lib/libxml2.2.dylib
0x000000000bd18000 	/System/Library/PrivateFrameworks/CoreUI.framework/Versions/A/CoreUI
0x000000000bd18000 	/System/Library/Frameworks/CoreAudio.framework/Versions/A/CoreAudio
0x000000000bd18000 	/System/Library/Frameworks/DiskArbitration.framework/Versions/A/DiskArbitration
0x000000000bd18000 	/usr/lib/liblangid.dylib
0x000000000bd18000 	/System/Library/PrivateFrameworks/MultitouchSupport.framework/Versions/A/MultitouchSupport
0x000000000bd18000 	/System/Library/Frameworks/IOKit.framework/Versions/A/IOKit
0x000000000bd18000 	/usr/lib/libDiagnosticMessagesClient.dylib
0x000000000bd18000 	/System/Library/Frameworks/CoreServices.framework/Versions/A/CoreServices
0x000000000bd18000 	/System/Library/PrivateFrameworks/PerformanceAnalysis.framework/Versions/A/PerformanceAnalysis
0x000000000bd18000 	/System/Library/PrivateFrameworks/GenerationalStorage.framework/Versions/A/GenerationalStorage
0x000000000bd18000 	/System/Library/Frameworks/OpenGL.framework/Versions/A/OpenGL
0x000000000bd18000 	/System/Library/PrivateFrameworks/Sharing.framework/Versions/A/Sharing
0x000000000bd18000 	/System/Library/Frameworks/ImageIO.framework/Versions/A/ImageIO
0x000000000bd18000 	/System/Library/Frameworks/CoreText.framework/Versions/A/CoreText
0x000000000bd18000 	/System/Library/Frameworks/CoreGraphics.framework/Versions/A/CoreGraphics
0x000000000bd18000 	/System/Library/PrivateFrameworks/Backup.framework/Versions/A/Backup
0x000000000bd18000 	/System/Library/Frameworks/CFNetwork.framework/Versions/A/CFNetwork
0x000000000bd18000 	/System/Library/Frameworks/SystemConfiguration.framework/Versions/A/SystemConfiguration
0x000000000bd18000 	/usr/lib/libCRFSuite.dylib
0x000000000bd18000 	/usr/lib/libc++.1.dylib
0x000000000bd18000 	/usr/lib/libc++abi.dylib
0x000000000bd18000 	/usr/lib/system/libcache.dylib
0x000000000bd18000 	/usr/lib/system/libcommonCrypto.dylib
0x000000000bd18000 	/usr/lib/system/libcompiler_rt.dylib
0x000000000bd18000 	/usr/lib/system/libcopyfile.dylib
0x000000000bd18000 	/usr/lib/system/libcorecrypto.dylib
0x000000000bd18000 	/usr/lib/system/libdispatch.dylib
0x000000000bd18000 	/usr/lib/system/libdyld.dylib
0x000000000bd18000 	/usr/lib/system/libkeymgr.dylib
0x000000000bd18000 	/usr/lib/system/liblaunch.dylib
0x000000000bd18000 	/usr/lib/system/libmacho.dylib
0x000000000bd18000 	/usr/lib/system/libquarantine.dylib
0x000000000bd18000 	/usr/lib/system/libremovefile.dylib
0x000000000bd18000 	/usr/lib/system/libsystem_asl.dylib
0x000000000bd18000 	/usr/lib/system/libsystem_blocks.dylib
0x000000000bd18000 	/usr/lib/system/libsystem_c.dylib
0x000000000bd18000 	/usr/lib/system/libsystem_configuration.dylib
0x000000000bd18000 	/usr/lib/system/libsystem_dnssd.dylib
0x000000000bd18000 	/usr/lib/system/libsystem_info.dylib
0x000000000bd18000 	/usr/lib/system/libsystem_kernel.dylib
0x000000000bd18000 	/usr/lib/system/libsystem_m.dylib
0x000000000bd18000 	/usr/lib/system/libsystem_malloc.dylib
0x000000000bd18000 	/usr/lib/system/libsystem_network.dylib
0x000000000bd18000 	/usr/lib/system/libsystem_notify.dylib
0x000000000bd18000 	/usr/lib/system/libsystem_platform.dylib
0x000000000bd18000 	/usr/lib/system/libsystem_pthread.dylib
0x000000000bd18000 	/usr/lib/system/libsystem_sandbox.dylib
0x000000000bd18000 	/usr/lib/system/libsystem_stats.dylib
0x000000000bd18000 	/usr/lib/system/libunc.dylib
0x000000000bd18000 	/usr/lib/system/libunwind.dylib
0x000000000bd18000 	/usr/lib/system/libxpc.dylib
0x000000000bd18000 	/usr/lib/libbsm.0.dylib
0x000000000bd18000 	/usr/lib/libsqlite3.dylib
0x000000000bd18000 	/usr/lib/libxar.1.dylib
0x000000000bd18000 	/usr/lib/libpam.2.dylib
0x000000000bd18000 	/usr/lib/libOpenScriptingUtil.dylib
0x000000000bd18000 	/usr/lib/libbz2.1.0.dylib
0x000000000bd18000 	/System/Library/Frameworks/CoreServices.framework/Versions/A/Frameworks/CarbonCore.framework/Versions/A/CarbonCore
0x000000000bd18000 	/System/Library/Frameworks/CoreServices.framework/Versions/A/Frameworks/Metadata.framework/Versions/A/Metadata
0x000000000bd18000 	/System/Library/Frameworks/CoreServices.framework/Versions/A/Frameworks/OSServices.framework/Versions/A/OSServices
0x000000000bd18000 	/System/Library/Frameworks/CoreServices.framework/Versions/A/Frameworks/SearchKit.framework/Versions/A/SearchKit
0x000000000bd18000 	/System/Library/Frameworks/CoreServices.framework/Versions/A/Frameworks/AE.framework/Versions/A/AE
0x000000000bd18000 	/System/Library/Frameworks/CoreServices.framework/Versions/A/Frameworks/LaunchServices.framework/Versions/A/LaunchServices
0x000000000bd18000 	/System/Library/Frameworks/CoreServices.framework/Versions/A/Frameworks/DictionaryServices.framework/Versions/A/DictionaryServices
0x000000000bd18000 	/System/Library/Frameworks/NetFS.framework/Versions/A/NetFS
0x000000000bd18000 	/usr/lib/system/libkxld.dylib
0x000000000bd18000 	/System/Library/PrivateFrameworks/NetAuth.framework/Versions/A/NetAuth
0x000000000bd18000 	/System/Library/PrivateFrameworks/TCC.framework/Versions/A/TCC
0x000000000bd18000 	/System/Library/Frameworks/OpenDirectory.framework/Versions/A/Frameworks/CFOpenDirectory.framework/Versions/A/CFOpenDirectory
0x000000000bd18000 	/System/Library/Frameworks/ServiceManagement.framework/Versions/A/ServiceManagement
0x000000000bd18000 	/usr/lib/libxslt.1.dylib
0x000000000bd18000 	/System/Library/Frameworks/Carbon.framework/Versions/A/Frameworks/Ink.framework/Versions/A/Ink
0x000000000bd18000 	/System/Library/Frameworks/ApplicationServices.framework/Versions/A/Frameworks/ATS.framework/Versions/A/ATS
0x000000000bd18000 	/System/Library/Frameworks/ApplicationServices.framework/Versions/A/Frameworks/ColorSync.framework/Versions/A/ColorSync
0x000000000bd18000 	/System/Library/Frameworks/ApplicationServices.framework/Versions/A/Frameworks/HIServices.framework/Versions/A/HIServices
0x000000000bd18000 	/System/Library/Frameworks/ApplicationServices.framework/Versions/A/Frameworks/LangAnalysis.framework/Versions/A/LangAnalysis
0x000000000bd18000 	/System/Library/Frameworks/ApplicationServices.framework/Versions/A/Frameworks/PrintCore.framework/Versions/A/PrintCore
0x000000000bd18000 	/System/Library/Frameworks/ApplicationServices.framework/Versions/A/Frameworks/QD.framework/Versions/A/QD
0x000000000bd18000 	/System/Library/Frameworks/ApplicationServices.framework/Versions/A/Frameworks/SpeechSynthesis.framework/Versions/A/SpeechSynthesis
0x000000000bd18000 	/System/Library/Frameworks/IOSurface.framework/Versions/A/IOSurface
0x000000000bd18000 	/System/Library/Frameworks/Accelerate.framework/Versions/A/Accelerate
0x000000000bd18000 	/System/Library/Frameworks/Accelerate.framework/Versions/A/Frameworks/vImage.framework/Versions/A/vImage
0x000000000bd18000 	/System/Library/Frameworks/Accelerate.framework/Versions/A/Frameworks/vecLib.framework/Versions/A/vecLib
0x000000000bd18000 	/System/Library/Frameworks/Accelerate.framework/Versions/A/Frameworks/vecLib.framework/Versions/A/libvDSP.dylib
0x000000000bd18000 	/System/Library/Frameworks/Accelerate.framework/Versions/A/Frameworks/vecLib.framework/Versions/A/libvMisc.dylib
0x000000000bd18000 	/System/Library/Frameworks/Accelerate.framework/Versions/A/Frameworks/vecLib.framework/Versions/A/libLAPACK.dylib
0x000000000bd18000 	/System/Library/Frameworks/Accelerate.framework/Versions/A/Frameworks/vecLib.framework/Versions/A/libBLAS.dylib
0x000000000bd18000 	/System/Library/Frameworks/ApplicationServices.framework/Versions/A/Frameworks/ATS.framework/Versions/A/Resources/libFontParser.dylib
0x000000000bd18000 	/System/Library/Frameworks/ApplicationServices.framework/Versions/A/Frameworks/ATS.framework/Versions/A/Resources/libFontRegistry.dylib
0x000000000bd18000 	/System/Library/Frameworks/ImageIO.framework/Versions/A/Resources/libJPEG.dylib
0x000000000bd18000 	/System/Library/Frameworks/ImageIO.framework/Versions/A/Resources/libTIFF.dylib
0x000000000bd18000 	/System/Library/Frameworks/ImageIO.framework/Versions/A/Resources/libPng.dylib
0x000000000bd18000 	/System/Library/Frameworks/ImageIO.framework/Versions/A/Resources/libGIF.dylib
0x000000000bd18000 	/System/Library/Frameworks/ImageIO.framework/Versions/A/Resources/libJP2.dylib
0x000000000bd18000 	/System/Library/Frameworks/ImageIO.framework/Versions/A/Resources/libRadiance.dylib
0x000000000bd18000 	/usr/lib/libcups.2.dylib
0x000000000bd18000 	/System/Library/Frameworks/Kerberos.framework/Versions/A/Kerberos
0x000000000bd18000 	/System/Library/Frameworks/GSS.framework/Versions/A/GSS
0x000000000bd18000 	/usr/lib/libresolv.9.dylib
0x000000000bd18000 	/usr/lib/libiconv.2.dylib
0x000000000bd18000 	/System/Library/PrivateFrameworks/Heimdal.framework/Versions/A/Heimdal
0x000000000bd18000 	/System/Library/PrivateFrameworks/TrustEvaluationAgent.framework/Versions/A/TrustEvaluationAgent
0x000000000bd18000 	/usr/lib/libheimdal-asn1.dylib
0x000000000bd18000 	/System/Library/Frameworks/OpenDirectory.framework/Versions/A/OpenDirectory
0x000000000bd18000 	/System/Library/PrivateFrameworks/CommonAuth.framework/Versions/A/CommonAuth
0x000000000bd18000 	/System/Library/Frameworks/SecurityFoundation.framework/Versions/A/SecurityFoundation
0x000000000bd18000 	/System/Library/PrivateFrameworks/Bom.framework/Versions/A/Bom
0x000000000bd18000 	/System/Library/Frameworks/CoreVideo.framework/Versions/A/CoreVideo
0x000000000bd18000 	/System/Library/Frameworks/QuartzCore.framework/Versions/A/Frameworks/CoreImage.framework/Versions/A/CoreImage
0x000000000bd18000 	/System/Library/Frameworks/QuartzCore.framework/Versions/A/Frameworks/ScalableUserInterface.framework/Versions/A/ScalableUserInterface
0x000000000bd18000 	/System/Library/Frameworks/OpenGL.framework/Versions/A/Libraries/libGLU.dylib
0x000000000bd18000 	/System/Library/Frameworks/OpenGL.framework/Versions/A/Libraries/libGFXShared.dylib
0x000000000bd18000 	/System/Library/Frameworks/OpenGL.framework/Versions/A/Libraries/libGL.dylib
0x000000000bd18000 	/System/Library/Frameworks/OpenGL.framework/Versions/A/Libraries/libGLImage.dylib
0x000000000bd18000 	/System/Library/Frameworks/OpenGL.framework/Versions/A/Libraries/libCVMSPluginSupport.dylib
0x000000000bd18000 	/System/Library/Frameworks/OpenGL.framework/Versions/A/Libraries/libCoreVMClient.dylib
0x000000000bd18000 	/System/Library/PrivateFrameworks/FaceCore.framework/Versions/A/FaceCore
0x000000000bd18000 	/System/Library/PrivateFrameworks/CrashReporterSupport.framework/Versions/A/CrashReporterSupport
0x000000000bd18000 	/System/Library/Frameworks/OpenCL.framework/Versions/A/OpenCL
0x000000000bd18000 	/System/Library/PrivateFrameworks/AppleFSCompression.framework/Versions/A/AppleFSCompression
0x000000000bd18000 	/System/Library/PrivateFrameworks/Ubiquity.framework/Versions/A/Ubiquity
0x000000000bd18000 	/System/Library/PrivateFrameworks/IconServices.framework/Versions/A/IconServices
0x000000000bd18000 	/System/Library/PrivateFrameworks/ChunkingLibrary.framework/Versions/A/ChunkingLibrary
0x000000000bd18000 	/System/Library/PrivateFrameworks/CoreSymbolication.framework/Versions/A/CoreSymbolication
0x000000000bd18000 	/System/Library/PrivateFrameworks/Symbolication.framework/Versions/A/Symbolication
0x000000000bd18000 	/System/Library/PrivateFrameworks/DebugSymbols.framework/Versions/A/DebugSymbols
0x000000010ba00000 	/Library/Java/JavaVirtualMachines/jdk1.7.0_60.jdk/Contents/Home/jre/lib/server/libjvm.dylib
0x000000000bd18000 	/usr/lib/libstdc++.6.dylib
0x000000010b1c3000 	/Library/Java/JavaVirtualMachines/jdk1.7.0_60.jdk/Contents/Home/jre/lib/libverify.dylib
0x000000010b1d0000 	/Library/Java/JavaVirtualMachines/jdk1.7.0_60.jdk/Contents/Home/jre/lib/libjava.dylib
0x000000010c469000 	/Library/Java/JavaVirtualMachines/jdk1.7.0_60.jdk/Contents/Home/jre/lib/libzip.dylib
0x000000010f9e2000 	/System/Library/Frameworks/JavaVM.framework/Frameworks/JavaRuntimeSupport.framework/JavaRuntimeSupport
0x0000000159566000 	/System/Library/Frameworks/JavaVM.framework/Versions/A/Frameworks/JavaNativeFoundation.framework/Versions/A/JavaNativeFoundation
0x000000015957b000 	/System/Library/Frameworks/JavaVM.framework/Versions/A/JavaVM
0x000000000bd18000 	/System/Library/Frameworks/Carbon.framework/Versions/A/Carbon
0x0000000159588000 	/System/Library/PrivateFrameworks/JavaLaunching.framework/Versions/A/JavaLaunching
0x000000000bd18000 	/System/Library/Frameworks/Carbon.framework/Versions/A/Frameworks/CommonPanels.framework/Versions/A/CommonPanels
0x000000000bd18000 	/System/Library/Frameworks/Carbon.framework/Versions/A/Frameworks/Help.framework/Versions/A/Help
0x000000000bd18000 	/System/Library/Frameworks/Carbon.framework/Versions/A/Frameworks/ImageCapture.framework/Versions/A/ImageCapture
0x000000000bd18000 	/System/Library/Frameworks/Carbon.framework/Versions/A/Frameworks/OpenScripting.framework/Versions/A/OpenScripting
0x000000000bd18000 	/System/Library/Frameworks/Carbon.framework/Versions/A/Frameworks/Print.framework/Versions/A/Print
0x000000000bd18000 	/System/Library/Frameworks/Carbon.framework/Versions/A/Frameworks/SecurityHI.framework/Versions/A/SecurityHI
0x000000015a21c000 	/Applications/IntelliJ IDEA 14 CE.app/Contents/bin/libbreakgen64.jnilib
0x000000015a322000 	/Library/Java/JavaVirtualMachines/jdk1.7.0_60.jdk/Contents/Home/jre/lib/libnet.dylib
0x000000015a4c0000 	/Library/Java/JavaVirtualMachines/jdk1.7.0_60.jdk/Contents/Home/jre/lib/libmanagement.dylib
0x000000015a4c8000 	/Library/Java/JavaVirtualMachines/jdk1.7.0_60.jdk/Contents/Home/jre/lib/libnio.dylib
0x000000015ac3e000 	/Library/Java/JavaVirtualMachines/jdk1.7.0_60.jdk/Contents/Home/jre/lib/libawt.dylib
0x000000015aced000 	/Library/Java/JavaVirtualMachines/jdk1.7.0_60.jdk/Contents/Home/jre/lib/./libmlib_image.dylib
0x000000015aef7000 	/Library/Java/JavaVirtualMachines/jdk1.7.0_60.jdk/Contents/Home/jre/lib/lwawt/liblwawt.dylib
0x000000015a37f000 	/Library/Java/JavaVirtualMachines/jdk1.7.0_60.jdk/Contents/Home/jre/lib/libosxapp.dylib
0x000000000bd18000 	/System/Library/Frameworks/ExceptionHandling.framework/Versions/A/ExceptionHandling
0x000000000bd18000 	/System/Library/PrivateFrameworks/CoreServicesInternal.framework/Versions/A/CoreServicesInternal
0x000000000bd18000 	/System/Library/PrivateFrameworks/Librarian.framework/Versions/A/Librarian
0x000000000bd18000 	/System/Library/Frameworks/CoreGraphics.framework/Versions/A/Resources/libCGCMS.A.dylib
0x000000000bd18000 	/System/Library/Frameworks/CoreGraphics.framework/Versions/A/Resources/libRIP.A.dylib
0x000000000bd18000 	/System/Library/Frameworks/CoreGraphics.framework/Versions/A/Resources/libCGXType.A.dylib
0x000000000bd18000 	/System/Library/PrivateFrameworks/FamilyControls.framework/Versions/A/FamilyControls
0x000000000bd18000 	/System/Library/PrivateFrameworks/CommerceKit.framework/Versions/A/Frameworks/CommerceCore.framework/Versions/A/CommerceCore
0x000000000bd18000 	/System/Library/PrivateFrameworks/SystemAdministration.framework/Versions/A/SystemAdministration
0x000000000bd18000 	/System/Library/Frameworks/DirectoryService.framework/Versions/A/DirectoryService
0x000000000bd18000 	/System/Library/PrivateFrameworks/DiskImages.framework/Versions/A/DiskImages
0x000000000bd18000 	/System/Library/PrivateFrameworks/LoginUIKit.framework/Versions/A/Frameworks/LoginUICore.framework/Versions/A/LoginUICore
0x000000000bd18000 	/usr/lib/libCoreStorage.dylib
0x000000000bd18000 	/usr/lib/libcsfde.dylib
0x000000000bd18000 	/usr/lib/libodfde.dylib
0x000000000bd18000 	/System/Library/Frameworks/DiscRecording.framework/Versions/A/DiscRecording
0x000000000bd18000 	/usr/lib/libcurl.4.dylib
0x000000000bd18000 	/System/Library/PrivateFrameworks/MediaKit.framework/Versions/A/MediaKit
0x000000000bd18000 	/System/Library/PrivateFrameworks/EFILogin.framework/Versions/A/EFILogin
0x000000000bd18000 	/usr/lib/libutil.dylib
0x000000000bd18000 	/System/Library/PrivateFrameworks/AOSNotification.framework/Versions/A/AOSNotification
0x000000000bd18000 	/System/Library/Frameworks/LDAP.framework/Versions/A/LDAP
0x000000000bd18000 	/usr/lib/libsasl2.2.dylib
0x000000000bd18000 	/usr/lib/libcrypto.0.9.8.dylib
0x000000000bd18000 	/usr/lib/libssl.0.9.8.dylib
0x000000015a57b000 	/Library/Java/JavaVirtualMachines/jdk1.7.0_60.jdk/Contents/Home/jre/lib/libfontmanager.dylib
0x000000015a5e2000 	/Users/lingfamily/.gradle/caches/minecraft/net/minecraft/minecraft_natives/1.7.10/liblwjgl.jnilib
0x000000015a3e3000 	/Library/Java/JavaVirtualMachines/jdk1.7.0_60.jdk/Contents/Home/jre/lib/libjawt.dylib
0x000000000bd18000 	/System/Library/Frameworks/OpenGL.framework/Versions/A/Resources/GLEngine.bundle/GLEngine
0x000000000bd18000 	/System/Library/Frameworks/OpenGL.framework/Versions/A/Libraries/libGLProgrammability.dylib
0x0000000000000000 	/System/Library/Extensions/ATIRadeonX2000GLDriver.bundle/Contents/MacOS/ATIRadeonX2000GLDriver
0x000000015a3b9000 	/System/Library/PrivateFrameworks/GPUSupport.framework/Versions/A/Libraries/libGPUSupport.dylib
0x000000000bd18000 	/System/Library/Frameworks/OpenGL.framework/Versions/A/Resources/GLRendererFloat.bundle/GLRendererFloat
0x000000000bd18000 	/System/Library/Frameworks/OpenCL.framework/Versions/A/Libraries/libcldcpuengine.dylib
0x000000015a3d3000 	cl_kernels
0x000000015afab000 	/System/Library/Frameworks/OpenCL.framework/Versions/A/Libraries/ImageFormats/unorm8_bgra.dylib
0x000000015a40c000 	cl_kernels
0x000000015d984000 	/Users/lingfamily/.gradle/caches/minecraft/net/minecraft/minecraft_natives/1.7.10/libtwitchsdk.dylib
0x000000000bd18000 	/System/Library/Frameworks/AVFoundation.framework/Versions/A/AVFoundation
0x000000000bd18000 	/System/Library/Frameworks/CoreMedia.framework/Versions/A/CoreMedia
0x000000000bd18000 	/System/Library/Frameworks/AVFoundation.framework/Versions/A/Resources/libAVFAudio.dylib
0x000000000bd18000 	/System/Library/Frameworks/MediaToolbox.framework/Versions/A/MediaToolbox
0x000000000bd18000 	/System/Library/Frameworks/VideoToolbox.framework/Versions/A/VideoToolbox
0x000000000bd18000 	/System/Library/Frameworks/CoreMediaIO.framework/Versions/A/CoreMediaIO
0x000000000bd18000 	/System/Library/PrivateFrameworks/CoreMediaAuthoring.framework/Versions/A/CoreMediaAuthoring
0x000000000bd18000 	/System/Library/PrivateFrameworks/MediaControlSender.framework/Versions/A/MediaControlSender
0x000000000bd18000 	/System/Library/PrivateFrameworks/CoreAVCHD.framework/Versions/A/CoreAVCHD
0x000000000bd18000 	/System/Library/Frameworks/MediaAccessibility.framework/Versions/A/MediaAccessibility
0x000000000bd18000 	/System/Library/PrivateFrameworks/Mangrove.framework/Versions/A/Mangrove
0x000000000bd18000 	/System/Library/PrivateFrameworks/CoreAUC.framework/Versions/A/CoreAUC
0x000000000bd18000 	/System/Library/PrivateFrameworks/Apple80211.framework/Versions/A/Apple80211
0x000000000bd18000 	/System/Library/PrivateFrameworks/AppleSRP.framework/Versions/A/AppleSRP
0x000000000bd18000 	/System/Library/PrivateFrameworks/CoreUtils.framework/Versions/A/CoreUtils
0x000000000bd18000 	/System/Library/Frameworks/CoreWLAN.framework/Versions/A/CoreWLAN
0x000000000bd18000 	/usr/lib/libpcap.A.dylib
0x000000000bd18000 	/System/Library/Frameworks/CoreWiFi.framework/Versions/A/CoreWiFi
0x000000000bd18000 	/System/Library/PrivateFrameworks/AppleVA.framework/Versions/A/AppleVA
0x000000000bd18000 	/System/Library/PrivateFrameworks/XPCService.framework/Versions/A/XPCService
0x000000000bd18000 	/System/Library/PrivateFrameworks/AppSandbox.framework/Versions/A/AppSandbox
0x000000000bd18000 	/usr/lib/libsandbox.1.dylib
0x000000000bd18000 	/System/Library/PrivateFrameworks/AppContainer.framework/Versions/A/AppContainer
0x000000000bd18000 	/System/Library/PrivateFrameworks/SecCodeWrapper.framework/Versions/A/SecCodeWrapper
0x000000000bd18000 	/usr/lib/libMatch.1.dylib
0x000000015f760000 	/Users/lingfamily/.gradle/caches/minecraft/net/minecraft/minecraft_natives/1.7.10/openal.dylib
0x0000000162238000 	/System/Library/Components/CoreAudio.component/Contents/MacOS/CoreAudio
0x00000001595e6000 	/System/Library/Extensions/AppleHDA.kext/Contents/PlugIns/AppleHDAHALPlugIn.bundle/Contents/MacOS/AppleHDAHALPlugIn

VM Arguments:
jvm_args: -Xincgc -Xmx1024M -Xms1024M -Didea.launcher.port=7539 -Didea.launcher.bin.path=/Applications/IntelliJ IDEA 14 CE.app/Contents/bin -Dfile.encoding=UTF-8 
java_command: com.intellij.rt.execution.application.AppMain GradleStart
Launcher Type: SUN_STANDARD

Environment Variables:
PATH=/usr/local/mysql/bin:/Library/Frameworks/Python.framework/Versions/3.4/bin:/usr/bin:/bin:/usr/sbin:/sbin:/usr/local/bin
SHELL=/bin/bash

Signal Handlers:
SIGSEGV: [libjvm.dylib+0x52b7b1], sa_mask[0]=0xfffefeff, sa_flags=0x00000043
SIGBUS: [libjvm.dylib+0x52b7b1], sa_mask[0]=0xfffefeff, sa_flags=0x00000042
SIGFPE: [libjvm.dylib+0x41e28a], sa_mask[0]=0xfffefeff, sa_flags=0x00000042
SIGPIPE: [libjvm.dylib+0x41e28a], sa_mask[0]=0xfffefeff, sa_flags=0x00000042
SIGXFSZ: [libjvm.dylib+0x41e28a], sa_mask[0]=0xfffefeff, sa_flags=0x00000042
SIGILL: [libjvm.dylib+0x41e28a], sa_mask[0]=0xfffefeff, sa_flags=0x00000042
SIGUSR1: SIG_DFL, sa_mask[0]=0x00000000, sa_flags=0x00000002
SIGUSR2: [libjvm.dylib+0x41dd7c], sa_mask[0]=0x00000004, sa_flags=0x00000042
SIGHUP: [libjvm.dylib+0x41c00b], sa_mask[0]=0xfffefeff, sa_flags=0x00000042
SIGINT: [libjvm.dylib+0x41c00b], sa_mask[0]=0xfffefeff, sa_flags=0x00000042
SIGTERM: [libjvm.dylib+0x41c00b], sa_mask[0]=0xfffefeff, sa_flags=0x00000042
SIGQUIT: [libjvm.dylib+0x41c00b], sa_mask[0]=0xfffefeff, sa_flags=0x00000042


---------------  S Y S T E M  ---------------

OS:Bsduname:Darwin 13.3.0 Darwin Kernel Version 13.3.0: Tue Jun  3 21:27:35 PDT 2014; root:xnu-2422.110.17~1/RELEASE_X86_64 x86_64
rlimit: STACK 8192k, CORE 0k, NPROC 709, NOFILE 10240, AS infinity
load average:2.61 3.13 2.88

CPU:total 4 (2 cores per cpu, 2 threads per core) family 6 model 37 stepping 5, cmov, cx8, fxsr, mmx, sse, sse2, sse3, ssse3, sse4.1, sse4.2, popcnt, ht, tsc, tscinvbit

Memory: 4k page, physical 4194304k(1048576k free)

/proc/meminfo:


vm_info: Java HotSpot(TM) 64-Bit Server VM (24.60-b09) for bsd-amd64 JRE (1.7.0_60-b19), built on May  7 2014 12:52:25 by "java_re" with gcc 4.2.1 (Based on Apple Inc. build 5658) (LLVM build 2336.11.00)

time: Thu Dec 18 16:23:04 2014
elapsed time: 211 seconds

