#
# A fatal error has been detected by the Java Runtime Environment:
#
#  SIGSEGV (0xb) at pc=0x0000000000000000, pid=9272, tid=53263
#
# JRE version: Java(TM) SE Runtime Environment (7.0_60-b19) (build 1.7.0_60-b19)
# Java VM: Java HotSpot(TM) 64-Bit Server VM (24.60-b09 mixed mode bsd-amd64 compressed oops)
# Problematic frame:
# C  0x0000000000000000
#
# Failed to write core dump. Core dumps have been disabled. To enable core dumping, try "ulimit -c unlimited" before starting Java again
#
# If you would like to submit a bug report, please visit:
#   http://bugreport.sun.com/bugreport/crash.jsp
#

---------------  T H R E A D  ---------------

Current thread is native thread

siginfo:si_signo=SIGSEGV: si_errno=0, si_code=1 (SEGV_MAPERR), si_addr=0x0000000000000000

Registers:
RAX=0x000000010a9a5508, RBX=0x00000000000161b0, RCX=0x0000000000000010, RDX=0xfffffffffffffff0
RSP=0x00000001113f8a18, RBP=0x00000001113f8ac0, RSI=0x0000000000000000, RDI=0x00007fb470860c00
R8 =0x0000000000000200, R9 =0x00007fb468de5080, R10=0x000000011339605c, R11=0x0000000000003c90
R12=0x00007fb468de5080, R13=0x00007fb470860c00, R14=0x0000000000000200, R15=0x0000000000000800
RIP=0x0000000000000000, EFLAGS=0x0000000000010246, ERR=0x0000000000000014
  TRAPNO=0x000000000000000e

Top of Stack: (sp=0x00000001113f8a18)
0x00000001113f8a18:   000000010a977639 00000001113f8c6a
0x00000001113f8a28:   0000001400000000 00007fb470868db0
0x00000001113f8a38:   00000001099de010 00007fb470866db0
0x00000001113f8a48:   0000020000000000 0000000000000000
0x00000001113f8a58:   0000000000000800 0000000000000200
0x00000001113f8a68:   00007fb470864db0 00007fb470860c00
0x00000001113f8a78:   0000020000000000 00007fb468de13f8
0x00000001113f8a88:   000000000000037f dd00d915355cd235
0x00000001113f8a98:   00007fb46cf0b4e8 00007fb468de5080
0x00000001113f8aa8:   00007fb468de13f0 0000000000000200
0x00000001113f8ab8:   00007fb46cf0b470 00000001113f8ad0
0x00000001113f8ac8:   000000010a9872ef 00000001113f8b40
0x00000001113f8ad8:   0000000113393230 00007fb46b5051f8
0x00000001113f8ae8:   00007fb46b505000 00007fb46cf0b4e8
0x00000001113f8af8:   00000000897ed8f3 00000001113f8c90
0x00000001113f8b08:   00000001113f8c88 0000020000000000
0x00000001113f8b18:   00000001113f8c88 00007fb46cf0b100
0x00000001113f8b28:   00007fb46b505000 00007fb468feb6f0
0x00000001113f8b38:   0000000000000200 00000001113f8b90
0x00000001113f8b48:   0000000113390c61 00000001113f8bd0
0x00000001113f8b58:   00000001113f8c90 000000006b505228
0x00000001113f8b68:   00007fb46b505000 0000000000000000
0x00000001113f8b78:   00007fb468feb6f0 00000000ffffffce
0x00000001113f8b88:   0000000000000200 00000001113f8c00
0x00000001113f8b98:   000000011338f515 00007fb468feb6f0
0x00000001113f8ba8:   00001fa0099dc0e0 00000001113f8c88
0x00000001113f8bb8:   00007fb46cf0b100 00007fb46b505000
0x00000001113f8bc8:   00000001113f8c90 00009fe000000000
0x00000001113f8bd8:   0001260000000007 00007fb46b505000
0x00000001113f8be8:   0000000000000000 00007fb468feb6f0
0x00000001113f8bf8:   00000001099dc060 00000001113f8d00
0x00000001113f8c08:   0000000113396878 00007fb468de56f8 

Instructions: (pc=0x0000000000000000)
0xffffffffffffffe0:   

Register to memory mapping:

RAX=
[error occurred during error reporting (printing register info), id 0xb]

Stack: [0x0000000111379000,0x00000001113f9000],  sp=0x00000001113f8a18,  free space=510k

---------------  P R O C E S S  ---------------

VM state:at safepoint (shutting down)

VM Mutex/Monitor currently owned by a thread:  ([mutex/lock_event])
[0x00007fb468c0fe40] Threads_lock - owner thread: 0x00007fb46a879000

Heap
 par new generation   total 306688K, used 99333K [0x00000007bae00000, 0x00000007cfac0000, 0x00000007cfac0000)
  eden space 272640K,  34% used [0x00000007bae00000, 0x00000007c0b248a0, 0x00000007cb840000)
  from space 34048K,  11% used [0x00000007cb840000, 0x00000007cbc1cc20, 0x00000007cd980000)
  to   space 34048K,   0% used [0x00000007cd980000, 0x00000007cd980000, 0x00000007cfac0000)
 concurrent mark-sweep generation total 707840K, used 106019K [0x00000007cfac0000, 0x00000007fae00000, 0x00000007fae00000)
 concurrent-mark-sweep perm gen total 59600K, used 36124K [0x00000007fae00000, 0x00000007fe834000, 0x0000000800000000)

Card table byte_map: [0x000000010515b000,0x0000000105385000] byte_map_base: 0x0000000101384000

Polling page: 0x00000001009d4000

Code Cache  [0x0000000101c8f000, 0x000000010233f000, 0x0000000104c8f000)
 total_blobs=2716 nmethods=2004 adapters=664 free_code_cache=42522Kb largest_free_block=43382656

Compilation events (10 events):
Event: 88.118 Thread 0x00007fb46982b000 nmethod 2245 0x00000001021baa10 code [0x00000001021bab40, 0x00000001021babb8]
Event: 88.157 Thread 0x00007fb469830800 2246             io.netty.channel.DefaultChannelHandlerContext::executor (22 bytes)
Event: 88.159 Thread 0x00007fb469830800 nmethod 2246 0x00000001021ba690 code [0x00000001021ba7e0, 0x00000001021ba8d8]
Event: 88.306 Thread 0x00007fb46982b000 2247             io.netty.channel.AbstractChannel::pipeline (5 bytes)
Event: 88.307 Thread 0x00007fb46982b000 nmethod 2247 0x00000001021ba490 code [0x00000001021ba5c0, 0x00000001021ba638]
Event: 88.405 Thread 0x00007fb469830800 2248             net.minecraft.entity.EntityLivingBase::getRotationYawHead (5 bytes)
Event: 88.406 Thread 0x00007fb469830800 nmethod 2248 0x0000000102100610 code [0x0000000102100740, 0x0000000102100798]
Event: 88.415 Thread 0x00007fb46982b000 2249   !         paulscode.sound.SoundSystem::CommandQueue (1389 bytes)
Event: 88.455 Thread 0x00007fb469830800 2250             java.nio.ByteBuffer::put (55 bytes)
Event: 88.461 Thread 0x00007fb469830800 nmethod 2250 0x00000001021000d0 code [0x0000000102100220, 0x0000000102100498]

GC Heap History (10 events):
Event: 47.554 GC heap before
{Heap before GC invocations=7 (full 5):
 par new generation   total 306688K, used 0K [0x00000007bae00000, 0x00000007cfac0000, 0x00000007cfac0000)
  eden space 272640K,   0% used [0x00000007bae00000, 0x00000007bae00000, 0x00000007cb840000)
  from space 34048K,   0% used [0x00000007cd980000, 0x00000007cd980000, 0x00000007cfac0000)
  to   space 34048K,   0% used [0x00000007cb840000, 0x00000007cb840000, 0x00000007cd980000)
 concurrent mark-sweep generation total 707840K, used 55895K [0x00000007cfac0000, 0x00000007fae00000, 0x00000007fae00000)
 concurrent-mark-sweep perm gen total 48812K, used 29286K [0x00000007fae00000, 0x00000007fddab000, 0x0000000800000000)
Event: 47.712 GC heap after
Heap after GC invocations=8 (full 6):
 par new generation   total 306688K, used 0K [0x00000007bae00000, 0x00000007cfac0000, 0x00000007cfac0000)
  eden space 272640K,   0% used [0x00000007bae00000, 0x00000007bae00000, 0x00000007cb840000)
  from space 34048K,   0% used [0x00000007cd980000, 0x00000007cd980000, 0x00000007cfac0000)
  to   space 34048K,   0% used [0x00000007cb840000, 0x00000007cb840000, 0x00000007cd980000)
 concurrent mark-sweep generation total 707840K, used 55895K [0x00000007cfac0000, 0x00000007fae00000, 0x00000007fae00000)
 concurrent-mark-sweep perm gen total 48812K, used 29286K [0x00000007fae00000, 0x00000007fddab000, 0x0000000800000000)
}
Event: 53.213 GC heap before
{Heap before GC invocations=8 (full 7):
 par new generation   total 306688K, used 222663K [0x00000007bae00000, 0x00000007cfac0000, 0x00000007cfac0000)
  eden space 272640K,  81% used [0x00000007bae00000, 0x00000007c8771e50, 0x00000007cb840000)
  from space 34048K,   0% used [0x00000007cd980000, 0x00000007cd980000, 0x00000007cfac0000)
  to   space 34048K,   0% used [0x00000007cb840000, 0x00000007cb840000, 0x00000007cd980000)
 concurrent mark-sweep generation total 707840K, used 55895K [0x00000007cfac0000, 0x00000007fae00000, 0x00000007fae00000)
 concurrent-mark-sweep perm gen total 48812K, used 33750K [0x00000007fae00000, 0x00000007fddab000, 0x0000000800000000)
Event: 53.563 GC heap after
Heap after GC invocations=9 (full 8):
 par new generation   total 306688K, used 0K [0x00000007bae00000, 0x00000007cfac0000, 0x00000007cfac0000)
  eden space 272640K,   0% used [0x00000007bae00000, 0x00000007bae00000, 0x00000007cb840000)
  from space 34048K,   0% used [0x00000007cd980000, 0x00000007cd980000, 0x00000007cfac0000)
  to   space 34048K,   0% used [0x00000007cb840000, 0x00000007cb840000, 0x00000007cd980000)
 concurrent mark-sweep generation total 707840K, used 93241K [0x00000007cfac0000, 0x00000007fae00000, 0x00000007fae00000)
 concurrent-mark-sweep perm gen total 56252K, used 33749K [0x00000007fae00000, 0x00000007fe4ef000, 0x0000000800000000)
}
Event: 61.705 GC heap before
{Heap before GC invocations=9 (full 9):
 par new generation   total 306688K, used 272640K [0x00000007bae00000, 0x00000007cfac0000, 0x00000007cfac0000)
  eden space 272640K, 100% used [0x00000007bae00000, 0x00000007cb840000, 0x00000007cb840000)
  from space 34048K,   0% used [0x00000007cd980000, 0x00000007cd980000, 0x00000007cfac0000)
  to   space 34048K,   0% used [0x00000007cb840000, 0x00000007cb840000, 0x00000007cd980000)
 concurrent mark-sweep generation total 707840K, used 93241K [0x00000007cfac0000, 0x00000007fae00000, 0x00000007fae00000)
 concurrent-mark-sweep perm gen total 56252K, used 35601K [0x00000007fae00000, 0x00000007fe4ef000, 0x0000000800000000)
Event: 61.722 GC heap after
Heap after GC invocations=10 (full 9):
 par new generation   total 306688K, used 21067K [0x00000007bae00000, 0x00000007cfac0000, 0x00000007cfac0000)
  eden space 272640K,   0% used [0x00000007bae00000, 0x00000007bae00000, 0x00000007cb840000)
  from space 34048K,  61% used [0x00000007cb840000, 0x00000007cccd2ed0, 0x00000007cd980000)
  to   space 34048K,   0% used [0x00000007cd980000, 0x00000007cd980000, 0x00000007cfac0000)
 concurrent mark-sweep generation total 707840K, used 93241K [0x00000007cfac0000, 0x00000007fae00000, 0x00000007fae00000)
 concurrent-mark-sweep perm gen total 56252K, used 35601K [0x00000007fae00000, 0x00000007fe4ef000, 0x0000000800000000)
}
Event: 72.709 GC heap before
{Heap before GC invocations=10 (full 9):
 par new generation   total 306688K, used 293707K [0x00000007bae00000, 0x00000007cfac0000, 0x00000007cfac0000)
  eden space 272640K, 100% used [0x00000007bae00000, 0x00000007cb840000, 0x00000007cb840000)
  from space 34048K,  61% used [0x00000007cb840000, 0x00000007cccd2ed0, 0x00000007cd980000)
  to   space 34048K,   0% used [0x00000007cd980000, 0x00000007cd980000, 0x00000007cfac0000)
 concurrent mark-sweep generation total 707840K, used 89034K [0x00000007cfac0000, 0x00000007fae00000, 0x00000007fae00000)
 concurrent-mark-sweep perm gen total 59600K, used 35972K [0x00000007fae00000, 0x00000007fe834000, 0x0000000800000000)
Event: 72.760 GC heap after
Heap after GC invocations=11 (full 9):
 par new generation   total 306688K, used 14481K [0x00000007bae00000, 0x00000007cfac0000, 0x00000007cfac0000)
  eden space 272640K,   0% used [0x00000007bae00000, 0x00000007bae00000, 0x00000007cb840000)
  from space 34048K,  42% used [0x00000007cd980000, 0x00000007ce7a44a8, 0x00000007cfac0000)
  to   space 34048K,   0% used [0x00000007cb840000, 0x00000007cb840000, 0x00000007cd980000)
 concurrent mark-sweep generation total 707840K, used 106019K [0x00000007cfac0000, 0x00000007fae00000, 0x00000007fae00000)
 concurrent-mark-sweep perm gen total 59600K, used 35972K [0x00000007fae00000, 0x00000007fe834000, 0x0000000800000000)
}
Event: 84.850 GC heap before
{Heap before GC invocations=11 (full 10):
 par new generation   total 306688K, used 287121K [0x00000007bae00000, 0x00000007cfac0000, 0x00000007cfac0000)
  eden space 272640K, 100% used [0x00000007bae00000, 0x00000007cb840000, 0x00000007cb840000)
  from space 34048K,  42% used [0x00000007cd980000, 0x00000007ce7a44a8, 0x00000007cfac0000)
  to   space 34048K,   0% used [0x00000007cb840000, 0x00000007cb840000, 0x00000007cd980000)
 concurrent mark-sweep generation total 707840K, used 106019K [0x00000007cfac0000, 0x00000007fae00000, 0x00000007fae00000)
 concurrent-mark-sweep perm gen total 59600K, used 36099K [0x00000007fae00000, 0x00000007fe834000, 0x0000000800000000)
Event: 84.856 GC heap after
Heap after GC invocations=12 (full 10):
 par new generation   total 306688K, used 3955K [0x00000007bae00000, 0x00000007cfac0000, 0x00000007cfac0000)
  eden space 272640K,   0% used [0x00000007bae00000, 0x00000007bae00000, 0x00000007cb840000)
  from space 34048K,  11% used [0x00000007cb840000, 0x00000007cbc1cc20, 0x00000007cd980000)
  to   space 34048K,   0% used [0x00000007cd980000, 0x00000007cd980000, 0x00000007cfac0000)
 concurrent mark-sweep generation total 707840K, used 106019K [0x00000007cfac0000, 0x00000007fae00000, 0x00000007fae00000)
 concurrent-mark-sweep perm gen total 59600K, used 36099K [0x00000007fae00000, 0x00000007fe834000, 0x0000000800000000)
}

Deoptimization events (10 events):
Event: 82.106 Thread 0x00007fb4710ef000 Uncommon trap: reason=class_check action=maybe_recompile pc=0x0000000101f001d0 method=io.netty.channel.DefaultChannelHandlerContext.executor()Lio/netty/util/concurrent/EventExecutor; @ 11
Event: 82.106 Thread 0x00007fb4710ef000 Uncommon trap: reason=class_check action=maybe_recompile pc=0x0000000101f001d0 method=io.netty.channel.DefaultChannelHandlerContext.executor()Lio/netty/util/concurrent/EventExecutor; @ 11
Event: 82.106 Thread 0x00007fb4710ef000 Uncommon trap: reason=bimorphic action=maybe_recompile pc=0x00000001021d9f58 method=io.netty.channel.DefaultChannelHandlerContext.invokeFlush()V @ 8
Event: 82.106 Thread 0x00007fb4710ef000 Uncommon trap: reason=bimorphic action=maybe_recompile pc=0x00000001021d9f58 method=io.netty.channel.DefaultChannelHandlerContext.invokeFlush()V @ 8
Event: 82.120 Thread 0x00007fb469801000 Uncommon trap: reason=class_check action=maybe_recompile pc=0x00000001022fabe4 method=io.netty.channel.DefaultChannelHandlerContext.executor()Lio/netty/util/concurrent/EventExecutor; @ 11
Event: 82.151 Thread 0x00007fb4710ef000 Uncommon trap: reason=bimorphic action=maybe_recompile pc=0x0000000102053148 method=java.util.AbstractCollection.toArray()[Ljava/lang/Object; @ 1
Event: 82.556 Thread 0x00007fb4710ef000 Uncommon trap: reason=bimorphic action=maybe_recompile pc=0x00000001021d9f58 method=io.netty.channel.DefaultChannelHandlerContext.invokeFlush()V @ 8
Event: 82.556 Thread 0x00007fb4710ef000 Uncommon trap: reason=bimorphic action=maybe_recompile pc=0x00000001021d9f58 method=io.netty.channel.DefaultChannelHandlerContext.invokeFlush()V @ 8
Event: 88.445 Thread 0x00007fb469827800 Uncommon trap: reason=bimorphic action=maybe_recompile pc=0x00000001020fce44 method=java.util.Hashtable.get(Ljava/lang/Object;)Ljava/lang/Object; @ 46
Event: 88.473 Thread 0x00007fb47057e800 Uncommon trap: reason=unloaded action=reinterpret pc=0x0000000101f14550 method=org.apache.logging.log4j.core.config.AppenderControl.callAppender(Lorg/apache/logging/log4j/core/LogEvent;)V @ 131

Internal exceptions (10 events):
Event: 88.439 Thread 0x00007fb46c2bb000 Threw 0x00000007bb334070 at /HUDSON/workspace/7u-2-build-macosx-x86_64/jdk7u60/1081/hotspot/src/share/vm/prims/jvm.cpp:2965
Event: 88.457 Thread 0x00007fb46c2bb000 Threw 0x00000007bb334230 at /HUDSON/workspace/7u-2-build-macosx-x86_64/jdk7u60/1081/hotspot/src/share/vm/prims/jvm.cpp:2965
Event: 88.457 Thread 0x00007fb46c2bb000 Threw 0x00000007bb3343c8 at /HUDSON/workspace/7u-2-build-macosx-x86_64/jdk7u60/1081/hotspot/src/share/vm/prims/jvm.cpp:2965
Event: 88.463 Thread 0x00007fb470209800 Threw 0x00000007c0718600 at /HUDSON/workspace/7u-2-build-macosx-x86_64/jdk7u60/1081/hotspot/src/share/vm/prims/jvm.cpp:1244
Event: 88.464 Thread 0x00007fb470209800 Threw 0x00000007c0723c38 at /HUDSON/workspace/7u-2-build-macosx-x86_64/jdk7u60/1081/hotspot/src/share/vm/prims/jvm.cpp:1244
Event: 88.465 Thread 0x00007fb470209800 Threw 0x00000007c072b330 at /HUDSON/workspace/7u-2-build-macosx-x86_64/jdk7u60/1081/hotspot/src/share/vm/prims/jvm.cpp:1244
Event: 88.466 Thread 0x00007fb471ec0800 Threw 0x00000007c0a639c0 at /HUDSON/workspace/7u-2-build-macosx-x86_64/jdk7u60/1081/hotspot/src/share/vm/prims/jvm.cpp:1244
Event: 88.467 Thread 0x00007fb471ec0800 Threw 0x00000007c0a6a940 at /HUDSON/workspace/7u-2-build-macosx-x86_64/jdk7u60/1081/hotspot/src/share/vm/prims/jvm.cpp:1244
Event: 88.472 Thread 0x00007fb46c2bb000 Threw 0x00000007bb334560 at /HUDSON/workspace/7u-2-build-macosx-x86_64/jdk7u60/1081/hotspot/src/share/vm/prims/jvm.cpp:2965
Event: 88.484 Thread 0x00007fb46c2bb000 Threw 0x00000007bb334720 at /HUDSON/workspace/7u-2-build-macosx-x86_64/jdk7u60/1081/hotspot/src/share/vm/prims/jvm.cpp:2965

Events (10 events):
Event: 88.473 Thread 0x00007fb47057e800 DEOPT PACKING pc=0x0000000101f14550 sp=0x00000001188915a0
Event: 88.473 Thread 0x00007fb47057e800 DEOPT UNPACKING pc=0x0000000101cc8045 sp=0x0000000118891588 mode 2
Event: 88.474 Thread 0x00007fb471ec0800 Thread exited: 0x00007fb471ec0800
Event: 88.474 loading class 0x00000001093abad0
Event: 88.501 loading class 0x00000001093abad0 done
Event: 88.502 Executing VM operation: RevokeBias
Event: 88.502 Executing VM operation: RevokeBias done
Event: 88.502 Thread 0x00007fb470209800 Thread exited: 0x00007fb470209800
Event: 88.502 Thread 0x00007fb47057e800 Thread exited: 0x00007fb47057e800
Event: 88.503 Executing VM operation: Exit


Dynamic libraries:
0x000000000702e000 	/System/Library/Frameworks/Cocoa.framework/Versions/A/Cocoa
0x000000000702e000 	/System/Library/Frameworks/Security.framework/Versions/A/Security
0x000000000702e000 	/System/Library/Frameworks/ApplicationServices.framework/Versions/A/ApplicationServices
0x000000000702e000 	/usr/lib/libz.1.dylib
0x000000000702e000 	/usr/lib/libSystem.B.dylib
0x000000000702e000 	/usr/lib/libobjc.A.dylib
0x000000000702e000 	/System/Library/Frameworks/CoreFoundation.framework/Versions/A/CoreFoundation
0x000000000702e000 	/System/Library/Frameworks/Foundation.framework/Versions/C/Foundation
0x000000000702e000 	/System/Library/Frameworks/AppKit.framework/Versions/C/AppKit
0x000000000702e000 	/System/Library/Frameworks/CoreData.framework/Versions/A/CoreData
0x000000000702e000 	/System/Library/PrivateFrameworks/RemoteViewServices.framework/Versions/A/RemoteViewServices
0x000000000702e000 	/System/Library/Frameworks/AudioToolbox.framework/Versions/A/AudioToolbox
0x000000000702e000 	/System/Library/Frameworks/AudioUnit.framework/Versions/A/AudioUnit
0x000000000702e000 	/System/Library/PrivateFrameworks/DataDetectorsCore.framework/Versions/A/DataDetectorsCore
0x000000000702e000 	/System/Library/PrivateFrameworks/DesktopServicesPriv.framework/Versions/A/DesktopServicesPriv
0x000000000702e000 	/System/Library/Frameworks/Carbon.framework/Versions/A/Frameworks/HIToolbox.framework/Versions/A/HIToolbox
0x000000000702e000 	/System/Library/Frameworks/QuartzCore.framework/Versions/A/QuartzCore
0x000000000702e000 	/System/Library/Frameworks/Carbon.framework/Versions/A/Frameworks/SpeechRecognition.framework/Versions/A/SpeechRecognition
0x000000000702e000 	/usr/lib/libauto.dylib
0x000000000702e000 	/usr/lib/libicucore.A.dylib
0x000000000702e000 	/usr/lib/libxml2.2.dylib
0x000000000702e000 	/System/Library/PrivateFrameworks/CoreUI.framework/Versions/A/CoreUI
0x000000000702e000 	/System/Library/Frameworks/CoreAudio.framework/Versions/A/CoreAudio
0x000000000702e000 	/System/Library/Frameworks/DiskArbitration.framework/Versions/A/DiskArbitration
0x000000000702e000 	/usr/lib/liblangid.dylib
0x000000000702e000 	/System/Library/PrivateFrameworks/MultitouchSupport.framework/Versions/A/MultitouchSupport
0x000000000702e000 	/System/Library/Frameworks/IOKit.framework/Versions/A/IOKit
0x000000000702e000 	/usr/lib/libDiagnosticMessagesClient.dylib
0x000000000702e000 	/System/Library/Frameworks/CoreServices.framework/Versions/A/CoreServices
0x000000000702e000 	/System/Library/PrivateFrameworks/PerformanceAnalysis.framework/Versions/A/PerformanceAnalysis
0x000000000702e000 	/System/Library/PrivateFrameworks/GenerationalStorage.framework/Versions/A/GenerationalStorage
0x000000000702e000 	/System/Library/Frameworks/OpenGL.framework/Versions/A/OpenGL
0x000000000702e000 	/System/Library/PrivateFrameworks/Sharing.framework/Versions/A/Sharing
0x000000000702e000 	/System/Library/Frameworks/ImageIO.framework/Versions/A/ImageIO
0x000000000702e000 	/System/Library/Frameworks/CoreText.framework/Versions/A/CoreText
0x000000000702e000 	/System/Library/Frameworks/CoreGraphics.framework/Versions/A/CoreGraphics
0x000000000702e000 	/System/Library/PrivateFrameworks/Backup.framework/Versions/A/Backup
0x000000000702e000 	/System/Library/Frameworks/CFNetwork.framework/Versions/A/CFNetwork
0x000000000702e000 	/System/Library/Frameworks/SystemConfiguration.framework/Versions/A/SystemConfiguration
0x000000000702e000 	/usr/lib/libCRFSuite.dylib
0x000000000702e000 	/usr/lib/libc++.1.dylib
0x000000000702e000 	/usr/lib/libc++abi.dylib
0x000000000702e000 	/usr/lib/system/libcache.dylib
0x000000000702e000 	/usr/lib/system/libcommonCrypto.dylib
0x000000000702e000 	/usr/lib/system/libcompiler_rt.dylib
0x000000000702e000 	/usr/lib/system/libcopyfile.dylib
0x000000000702e000 	/usr/lib/system/libcorecrypto.dylib
0x000000000702e000 	/usr/lib/system/libdispatch.dylib
0x000000000702e000 	/usr/lib/system/libdyld.dylib
0x000000000702e000 	/usr/lib/system/libkeymgr.dylib
0x000000000702e000 	/usr/lib/system/liblaunch.dylib
0x000000000702e000 	/usr/lib/system/libmacho.dylib
0x000000000702e000 	/usr/lib/system/libquarantine.dylib
0x000000000702e000 	/usr/lib/system/libremovefile.dylib
0x000000000702e000 	/usr/lib/system/libsystem_asl.dylib
0x000000000702e000 	/usr/lib/system/libsystem_blocks.dylib
0x000000000702e000 	/usr/lib/system/libsystem_c.dylib
0x000000000702e000 	/usr/lib/system/libsystem_configuration.dylib
0x000000000702e000 	/usr/lib/system/libsystem_dnssd.dylib
0x000000000702e000 	/usr/lib/system/libsystem_info.dylib
0x000000000702e000 	/usr/lib/system/libsystem_kernel.dylib
0x000000000702e000 	/usr/lib/system/libsystem_m.dylib
0x000000000702e000 	/usr/lib/system/libsystem_malloc.dylib
0x000000000702e000 	/usr/lib/system/libsystem_network.dylib
0x000000000702e000 	/usr/lib/system/libsystem_notify.dylib
0x000000000702e000 	/usr/lib/system/libsystem_platform.dylib
0x000000000702e000 	/usr/lib/system/libsystem_pthread.dylib
0x000000000702e000 	/usr/lib/system/libsystem_sandbox.dylib
0x000000000702e000 	/usr/lib/system/libsystem_stats.dylib
0x000000000702e000 	/usr/lib/system/libunc.dylib
0x000000000702e000 	/usr/lib/system/libunwind.dylib
0x000000000702e000 	/usr/lib/system/libxpc.dylib
0x000000000702e000 	/usr/lib/libbsm.0.dylib
0x000000000702e000 	/usr/lib/libsqlite3.dylib
0x000000000702e000 	/usr/lib/libxar.1.dylib
0x000000000702e000 	/usr/lib/libpam.2.dylib
0x000000000702e000 	/usr/lib/libOpenScriptingUtil.dylib
0x000000000702e000 	/usr/lib/libbz2.1.0.dylib
0x000000000702e000 	/System/Library/Frameworks/CoreServices.framework/Versions/A/Frameworks/CarbonCore.framework/Versions/A/CarbonCore
0x000000000702e000 	/System/Library/Frameworks/CoreServices.framework/Versions/A/Frameworks/Metadata.framework/Versions/A/Metadata
0x000000000702e000 	/System/Library/Frameworks/CoreServices.framework/Versions/A/Frameworks/OSServices.framework/Versions/A/OSServices
0x000000000702e000 	/System/Library/Frameworks/CoreServices.framework/Versions/A/Frameworks/SearchKit.framework/Versions/A/SearchKit
0x000000000702e000 	/System/Library/Frameworks/CoreServices.framework/Versions/A/Frameworks/AE.framework/Versions/A/AE
0x000000000702e000 	/System/Library/Frameworks/CoreServices.framework/Versions/A/Frameworks/LaunchServices.framework/Versions/A/LaunchServices
0x000000000702e000 	/System/Library/Frameworks/CoreServices.framework/Versions/A/Frameworks/DictionaryServices.framework/Versions/A/DictionaryServices
0x000000000702e000 	/System/Library/Frameworks/NetFS.framework/Versions/A/NetFS
0x000000000702e000 	/usr/lib/system/libkxld.dylib
0x000000000702e000 	/System/Library/PrivateFrameworks/NetAuth.framework/Versions/A/NetAuth
0x000000000702e000 	/System/Library/PrivateFrameworks/TCC.framework/Versions/A/TCC
0x000000000702e000 	/System/Library/Frameworks/OpenDirectory.framework/Versions/A/Frameworks/CFOpenDirectory.framework/Versions/A/CFOpenDirectory
0x000000000702e000 	/System/Library/Frameworks/ServiceManagement.framework/Versions/A/ServiceManagement
0x000000000702e000 	/usr/lib/libxslt.1.dylib
0x000000000702e000 	/System/Library/Frameworks/Carbon.framework/Versions/A/Frameworks/Ink.framework/Versions/A/Ink
0x000000000702e000 	/System/Library/Frameworks/ApplicationServices.framework/Versions/A/Frameworks/ATS.framework/Versions/A/ATS
0x000000000702e000 	/System/Library/Frameworks/ApplicationServices.framework/Versions/A/Frameworks/ColorSync.framework/Versions/A/ColorSync
0x000000000702e000 	/System/Library/Frameworks/ApplicationServices.framework/Versions/A/Frameworks/HIServices.framework/Versions/A/HIServices
0x000000000702e000 	/System/Library/Frameworks/ApplicationServices.framework/Versions/A/Frameworks/LangAnalysis.framework/Versions/A/LangAnalysis
0x000000000702e000 	/System/Library/Frameworks/ApplicationServices.framework/Versions/A/Frameworks/PrintCore.framework/Versions/A/PrintCore
0x000000000702e000 	/System/Library/Frameworks/ApplicationServices.framework/Versions/A/Frameworks/QD.framework/Versions/A/QD
0x000000000702e000 	/System/Library/Frameworks/ApplicationServices.framework/Versions/A/Frameworks/SpeechSynthesis.framework/Versions/A/SpeechSynthesis
0x000000000702e000 	/System/Library/Frameworks/IOSurface.framework/Versions/A/IOSurface
0x000000000702e000 	/System/Library/Frameworks/Accelerate.framework/Versions/A/Accelerate
0x000000000702e000 	/System/Library/Frameworks/Accelerate.framework/Versions/A/Frameworks/vImage.framework/Versions/A/vImage
0x000000000702e000 	/System/Library/Frameworks/Accelerate.framework/Versions/A/Frameworks/vecLib.framework/Versions/A/vecLib
0x000000000702e000 	/System/Library/Frameworks/Accelerate.framework/Versions/A/Frameworks/vecLib.framework/Versions/A/libvDSP.dylib
0x000000000702e000 	/System/Library/Frameworks/Accelerate.framework/Versions/A/Frameworks/vecLib.framework/Versions/A/libvMisc.dylib
0x000000000702e000 	/System/Library/Frameworks/Accelerate.framework/Versions/A/Frameworks/vecLib.framework/Versions/A/libLAPACK.dylib
0x000000000702e000 	/System/Library/Frameworks/Accelerate.framework/Versions/A/Frameworks/vecLib.framework/Versions/A/libBLAS.dylib
0x000000000702e000 	/System/Library/Frameworks/ApplicationServices.framework/Versions/A/Frameworks/ATS.framework/Versions/A/Resources/libFontParser.dylib
0x000000000702e000 	/System/Library/Frameworks/ApplicationServices.framework/Versions/A/Frameworks/ATS.framework/Versions/A/Resources/libFontRegistry.dylib
0x000000000702e000 	/System/Library/Frameworks/ImageIO.framework/Versions/A/Resources/libJPEG.dylib
0x000000000702e000 	/System/Library/Frameworks/ImageIO.framework/Versions/A/Resources/libTIFF.dylib
0x000000000702e000 	/System/Library/Frameworks/ImageIO.framework/Versions/A/Resources/libPng.dylib
0x000000000702e000 	/System/Library/Frameworks/ImageIO.framework/Versions/A/Resources/libGIF.dylib
0x000000000702e000 	/System/Library/Frameworks/ImageIO.framework/Versions/A/Resources/libJP2.dylib
0x000000000702e000 	/System/Library/Frameworks/ImageIO.framework/Versions/A/Resources/libRadiance.dylib
0x000000000702e000 	/usr/lib/libcups.2.dylib
0x000000000702e000 	/System/Library/Frameworks/Kerberos.framework/Versions/A/Kerberos
0x000000000702e000 	/System/Library/Frameworks/GSS.framework/Versions/A/GSS
0x000000000702e000 	/usr/lib/libresolv.9.dylib
0x000000000702e000 	/usr/lib/libiconv.2.dylib
0x000000000702e000 	/System/Library/PrivateFrameworks/Heimdal.framework/Versions/A/Heimdal
0x000000000702e000 	/System/Library/PrivateFrameworks/TrustEvaluationAgent.framework/Versions/A/TrustEvaluationAgent
0x000000000702e000 	/usr/lib/libheimdal-asn1.dylib
0x000000000702e000 	/System/Library/Frameworks/OpenDirectory.framework/Versions/A/OpenDirectory
0x000000000702e000 	/System/Library/PrivateFrameworks/CommonAuth.framework/Versions/A/CommonAuth
0x000000000702e000 	/System/Library/Frameworks/SecurityFoundation.framework/Versions/A/SecurityFoundation
0x000000000702e000 	/System/Library/PrivateFrameworks/Bom.framework/Versions/A/Bom
0x000000000702e000 	/System/Library/Frameworks/CoreVideo.framework/Versions/A/CoreVideo
0x000000000702e000 	/System/Library/Frameworks/QuartzCore.framework/Versions/A/Frameworks/CoreImage.framework/Versions/A/CoreImage
0x000000000702e000 	/System/Library/Frameworks/QuartzCore.framework/Versions/A/Frameworks/ScalableUserInterface.framework/Versions/A/ScalableUserInterface
0x000000000702e000 	/System/Library/Frameworks/OpenGL.framework/Versions/A/Libraries/libGLU.dylib
0x000000000702e000 	/System/Library/Frameworks/OpenGL.framework/Versions/A/Libraries/libGFXShared.dylib
0x000000000702e000 	/System/Library/Frameworks/OpenGL.framework/Versions/A/Libraries/libGL.dylib
0x000000000702e000 	/System/Library/Frameworks/OpenGL.framework/Versions/A/Libraries/libGLImage.dylib
0x000000000702e000 	/System/Library/Frameworks/OpenGL.framework/Versions/A/Libraries/libCVMSPluginSupport.dylib
0x000000000702e000 	/System/Library/Frameworks/OpenGL.framework/Versions/A/Libraries/libCoreVMClient.dylib
0x000000000702e000 	/System/Library/PrivateFrameworks/FaceCore.framework/Versions/A/FaceCore
0x000000000702e000 	/System/Library/PrivateFrameworks/CrashReporterSupport.framework/Versions/A/CrashReporterSupport
0x000000000702e000 	/System/Library/Frameworks/OpenCL.framework/Versions/A/OpenCL
0x000000000702e000 	/System/Library/PrivateFrameworks/AppleFSCompression.framework/Versions/A/AppleFSCompression
0x000000000702e000 	/System/Library/PrivateFrameworks/Ubiquity.framework/Versions/A/Ubiquity
0x000000000702e000 	/System/Library/PrivateFrameworks/IconServices.framework/Versions/A/IconServices
0x000000000702e000 	/System/Library/PrivateFrameworks/ChunkingLibrary.framework/Versions/A/ChunkingLibrary
0x000000000702e000 	/System/Library/PrivateFrameworks/CoreSymbolication.framework/Versions/A/CoreSymbolication
0x000000000702e000 	/System/Library/PrivateFrameworks/Symbolication.framework/Versions/A/Symbolication
0x000000000702e000 	/System/Library/PrivateFrameworks/DebugSymbols.framework/Versions/A/DebugSymbols
0x0000000101200000 	/Library/Java/JavaVirtualMachines/jdk1.7.0_60.jdk/Contents/Home/jre/lib/server/libjvm.dylib
0x000000000702e000 	/usr/lib/libstdc++.6.dylib
0x00000001009c7000 	/Library/Java/JavaVirtualMachines/jdk1.7.0_60.jdk/Contents/Home/jre/lib/libverify.dylib
0x0000000101c5f000 	/Library/Java/JavaVirtualMachines/jdk1.7.0_60.jdk/Contents/Home/jre/lib/libjava.dylib
0x00000001009de000 	/Library/Java/JavaVirtualMachines/jdk1.7.0_60.jdk/Contents/Home/jre/lib/libzip.dylib
0x00000001009e8000 	/System/Library/Frameworks/JavaVM.framework/Frameworks/JavaRuntimeSupport.framework/JavaRuntimeSupport
0x0000000109964000 	/System/Library/Frameworks/JavaVM.framework/Versions/A/Frameworks/JavaNativeFoundation.framework/Versions/A/JavaNativeFoundation
0x0000000109979000 	/System/Library/Frameworks/JavaVM.framework/Versions/A/JavaVM
0x000000000702e000 	/System/Library/Frameworks/Carbon.framework/Versions/A/Carbon
0x0000000109986000 	/System/Library/PrivateFrameworks/JavaLaunching.framework/Versions/A/JavaLaunching
0x000000000702e000 	/System/Library/Frameworks/Carbon.framework/Versions/A/Frameworks/CommonPanels.framework/Versions/A/CommonPanels
0x000000000702e000 	/System/Library/Frameworks/Carbon.framework/Versions/A/Frameworks/Help.framework/Versions/A/Help
0x000000000702e000 	/System/Library/Frameworks/Carbon.framework/Versions/A/Frameworks/ImageCapture.framework/Versions/A/ImageCapture
0x000000000702e000 	/System/Library/Frameworks/Carbon.framework/Versions/A/Frameworks/OpenScripting.framework/Versions/A/OpenScripting
0x000000000702e000 	/System/Library/Frameworks/Carbon.framework/Versions/A/Frameworks/Print.framework/Versions/A/Print
0x000000000702e000 	/System/Library/Frameworks/Carbon.framework/Versions/A/Frameworks/SecurityHI.framework/Versions/A/SecurityHI
0x000000010a620000 	/Applications/IntelliJ IDEA 14 CE.app/Contents/bin/libbreakgen64.jnilib
0x000000010a726000 	/Library/Java/JavaVirtualMachines/jdk1.7.0_60.jdk/Contents/Home/jre/lib/libnet.dylib
0x000000010a8c4000 	/Library/Java/JavaVirtualMachines/jdk1.7.0_60.jdk/Contents/Home/jre/lib/libmanagement.dylib
0x000000010a8cc000 	/Library/Java/JavaVirtualMachines/jdk1.7.0_60.jdk/Contents/Home/jre/lib/libnio.dylib
0x000000010afd8000 	/Library/Java/JavaVirtualMachines/jdk1.7.0_60.jdk/Contents/Home/jre/lib/libawt.dylib
0x000000010b087000 	/Library/Java/JavaVirtualMachines/jdk1.7.0_60.jdk/Contents/Home/jre/lib/./libmlib_image.dylib
0x000000010b153000 	/Library/Java/JavaVirtualMachines/jdk1.7.0_60.jdk/Contents/Home/jre/lib/lwawt/liblwawt.dylib
0x000000010a783000 	/Library/Java/JavaVirtualMachines/jdk1.7.0_60.jdk/Contents/Home/jre/lib/libosxapp.dylib
0x000000000702e000 	/System/Library/Frameworks/ExceptionHandling.framework/Versions/A/ExceptionHandling
0x000000000702e000 	/System/Library/PrivateFrameworks/CoreServicesInternal.framework/Versions/A/CoreServicesInternal
0x000000000702e000 	/System/Library/PrivateFrameworks/Librarian.framework/Versions/A/Librarian
0x000000000702e000 	/System/Library/Frameworks/CoreGraphics.framework/Versions/A/Resources/libCGCMS.A.dylib
0x000000000702e000 	/System/Library/Frameworks/CoreGraphics.framework/Versions/A/Resources/libRIP.A.dylib
0x000000000702e000 	/System/Library/Frameworks/CoreGraphics.framework/Versions/A/Resources/libCGXType.A.dylib
0x000000000702e000 	/System/Library/PrivateFrameworks/FamilyControls.framework/Versions/A/FamilyControls
0x000000000702e000 	/System/Library/PrivateFrameworks/CommerceKit.framework/Versions/A/Frameworks/CommerceCore.framework/Versions/A/CommerceCore
0x000000000702e000 	/System/Library/PrivateFrameworks/SystemAdministration.framework/Versions/A/SystemAdministration
0x000000000702e000 	/System/Library/Frameworks/DirectoryService.framework/Versions/A/DirectoryService
0x000000000702e000 	/System/Library/PrivateFrameworks/DiskImages.framework/Versions/A/DiskImages
0x000000000702e000 	/System/Library/PrivateFrameworks/LoginUIKit.framework/Versions/A/Frameworks/LoginUICore.framework/Versions/A/LoginUICore
0x000000000702e000 	/usr/lib/libCoreStorage.dylib
0x000000000702e000 	/usr/lib/libcsfde.dylib
0x000000000702e000 	/usr/lib/libodfde.dylib
0x000000000702e000 	/System/Library/Frameworks/DiscRecording.framework/Versions/A/DiscRecording
0x000000000702e000 	/usr/lib/libcurl.4.dylib
0x000000000702e000 	/System/Library/PrivateFrameworks/MediaKit.framework/Versions/A/MediaKit
0x000000000702e000 	/System/Library/PrivateFrameworks/EFILogin.framework/Versions/A/EFILogin
0x000000000702e000 	/usr/lib/libutil.dylib
0x000000000702e000 	/System/Library/PrivateFrameworks/AOSNotification.framework/Versions/A/AOSNotification
0x000000000702e000 	/System/Library/Frameworks/LDAP.framework/Versions/A/LDAP
0x000000000702e000 	/usr/lib/libsasl2.2.dylib
0x000000000702e000 	/usr/lib/libcrypto.0.9.8.dylib
0x000000000702e000 	/usr/lib/libssl.0.9.8.dylib
0x000000010a81f000 	/Library/Java/JavaVirtualMachines/jdk1.7.0_60.jdk/Contents/Home/jre/lib/libfontmanager.dylib
0x000000010b9e6000 	/Users/lingfamily/.gradle/caches/minecraft/net/minecraft/minecraft_natives/1.7.10/liblwjgl.jnilib
0x000000010a8de000 	/Library/Java/JavaVirtualMachines/jdk1.7.0_60.jdk/Contents/Home/jre/lib/libjawt.dylib
0x000000000702e000 	/System/Library/Frameworks/OpenGL.framework/Versions/A/Resources/GLEngine.bundle/GLEngine
0x000000000702e000 	/System/Library/Frameworks/OpenGL.framework/Versions/A/Libraries/libGLProgrammability.dylib
0x0000000000000000 	/System/Library/Extensions/ATIRadeonX2000GLDriver.bundle/Contents/MacOS/ATIRadeonX2000GLDriver
0x000000010a8e6000 	/System/Library/PrivateFrameworks/GPUSupport.framework/Versions/A/Libraries/libGPUSupport.dylib
0x000000000702e000 	/System/Library/Frameworks/OpenGL.framework/Versions/A/Resources/GLRendererFloat.bundle/GLRendererFloat
0x000000000702e000 	/System/Library/Frameworks/OpenCL.framework/Versions/A/Libraries/libcldcpuengine.dylib
0x000000010a818000 	cl_kernels
0x000000010f625000 	/System/Library/Frameworks/OpenCL.framework/Versions/A/Libraries/ImageFormats/unorm8_bgra.dylib
0x000000010a90b000 	cl_kernels
0x000000010fcb4000 	/Users/lingfamily/.gradle/caches/minecraft/net/minecraft/minecraft_natives/1.7.10/libtwitchsdk.dylib
0x000000000702e000 	/System/Library/Frameworks/AVFoundation.framework/Versions/A/AVFoundation
0x000000000702e000 	/System/Library/Frameworks/CoreMedia.framework/Versions/A/CoreMedia
0x000000000702e000 	/System/Library/Frameworks/AVFoundation.framework/Versions/A/Resources/libAVFAudio.dylib
0x000000000702e000 	/System/Library/Frameworks/MediaToolbox.framework/Versions/A/MediaToolbox
0x000000000702e000 	/System/Library/Frameworks/VideoToolbox.framework/Versions/A/VideoToolbox
0x000000000702e000 	/System/Library/Frameworks/CoreMediaIO.framework/Versions/A/CoreMediaIO
0x000000000702e000 	/System/Library/PrivateFrameworks/CoreMediaAuthoring.framework/Versions/A/CoreMediaAuthoring
0x000000000702e000 	/System/Library/PrivateFrameworks/MediaControlSender.framework/Versions/A/MediaControlSender
0x000000000702e000 	/System/Library/PrivateFrameworks/CoreAVCHD.framework/Versions/A/CoreAVCHD
0x000000000702e000 	/System/Library/Frameworks/MediaAccessibility.framework/Versions/A/MediaAccessibility
0x000000000702e000 	/System/Library/PrivateFrameworks/Mangrove.framework/Versions/A/Mangrove
0x000000000702e000 	/System/Library/PrivateFrameworks/CoreAUC.framework/Versions/A/CoreAUC
0x000000000702e000 	/System/Library/PrivateFrameworks/Apple80211.framework/Versions/A/Apple80211
0x000000000702e000 	/System/Library/PrivateFrameworks/AppleSRP.framework/Versions/A/AppleSRP
0x000000000702e000 	/System/Library/PrivateFrameworks/CoreUtils.framework/Versions/A/CoreUtils
0x000000000702e000 	/System/Library/Frameworks/CoreWLAN.framework/Versions/A/CoreWLAN
0x000000000702e000 	/usr/lib/libpcap.A.dylib
0x000000000702e000 	/System/Library/Frameworks/CoreWiFi.framework/Versions/A/CoreWiFi
0x000000000702e000 	/System/Library/PrivateFrameworks/AppleVA.framework/Versions/A/AppleVA
0x000000000702e000 	/System/Library/PrivateFrameworks/XPCService.framework/Versions/A/XPCService
0x000000000702e000 	/System/Library/PrivateFrameworks/AppSandbox.framework/Versions/A/AppSandbox
0x000000000702e000 	/usr/lib/libsandbox.1.dylib
0x000000000702e000 	/System/Library/PrivateFrameworks/AppContainer.framework/Versions/A/AppContainer
0x000000000702e000 	/System/Library/PrivateFrameworks/SecCodeWrapper.framework/Versions/A/SecCodeWrapper
0x000000000702e000 	/usr/lib/libMatch.1.dylib
0x000000010a95c000 	/Users/lingfamily/.gradle/caches/minecraft/net/minecraft/minecraft_natives/1.7.10/openal.dylib
0x000000011338b000 	/System/Library/Components/CoreAudio.component/Contents/MacOS/CoreAudio
0x000000010a8b8000 	/System/Library/Extensions/AppleHDA.kext/Contents/PlugIns/AppleHDAHALPlugIn.bundle/Contents/MacOS/AppleHDAHALPlugIn
0x000000010ade4000 	/Library/Java/JavaVirtualMachines/jdk1.7.0_60.jdk/Contents/Home/jre/lib/libsunec.dylib

VM Arguments:
jvm_args: -Xincgc -Xmx1024M -Xms1024M -Didea.launcher.port=7532 -Didea.launcher.bin.path=/Applications/IntelliJ IDEA 14 CE.app/Contents/bin -Dfile.encoding=UTF-8 
java_command: com.intellij.rt.execution.application.AppMain GradleStart
Launcher Type: SUN_STANDARD

Environment Variables:
PATH=/usr/local/mysql/bin:/Library/Frameworks/Python.framework/Versions/3.4/bin:/usr/bin:/bin:/usr/sbin:/sbin:/usr/local/bin
SHELL=/bin/bash

Signal Handlers:
SIGSEGV: 